[2023-08-04T09:54:48.897+0000] {taskinstance.py:1103} INFO - Dependencies all met for dep_context=non-requeueable deps ti=<TaskInstance: toronto_real_estate_etl.ToStageTable manual__2023-08-04T09:33:43.522776+00:00 [queued]>
[2023-08-04T09:54:48.904+0000] {taskinstance.py:1103} INFO - Dependencies all met for dep_context=requeueable deps ti=<TaskInstance: toronto_real_estate_etl.ToStageTable manual__2023-08-04T09:33:43.522776+00:00 [queued]>
[2023-08-04T09:54:48.904+0000] {taskinstance.py:1308} INFO - Starting attempt 1 of 1
[2023-08-04T09:54:48.913+0000] {taskinstance.py:1327} INFO - Executing <Task(PythonOperator): ToStageTable> on 2023-08-04 09:33:43.522776+00:00
[2023-08-04T09:54:48.917+0000] {standard_task_runner.py:57} INFO - Started process 573 to run task
[2023-08-04T09:54:48.920+0000] {standard_task_runner.py:84} INFO - Running: ['***', 'tasks', 'run', 'toronto_real_estate_etl', 'ToStageTable', 'manual__2023-08-04T09:33:43.522776+00:00', '--job-id', '103', '--raw', '--subdir', 'DAGS_FOLDER/etl.py', '--cfg-path', '/tmp/tmpr44ua34h']
[2023-08-04T09:54:48.921+0000] {standard_task_runner.py:85} INFO - Job 103: Subtask ToStageTable
[2023-08-04T09:54:48.954+0000] {task_command.py:410} INFO - Running <TaskInstance: toronto_real_estate_etl.ToStageTable manual__2023-08-04T09:33:43.522776+00:00 [running]> on host e5187b3c4256
[2023-08-04T09:54:49.003+0000] {taskinstance.py:1547} INFO - Exporting env vars: AIRFLOW_CTX_DAG_OWNER='***' AIRFLOW_CTX_DAG_ID='toronto_real_estate_etl' AIRFLOW_CTX_TASK_ID='ToStageTable' AIRFLOW_CTX_EXECUTION_DATE='2023-08-04T09:33:43.522776+00:00' AIRFLOW_CTX_TRY_NUMBER='1' AIRFLOW_CTX_DAG_RUN_ID='manual__2023-08-04T09:33:43.522776+00:00'
[2023-08-04T09:54:49.004+0000] {warnings.py:110} WARNING - /home/***/.local/lib/python3.7/site-packages/***/utils/context.py:313: AirflowContextDeprecationWarning: Accessing 'execution_date' from the template is deprecated and will be removed in a future version. Please use 'data_interval_start' or 'logical_date' instead.
  warnings.warn(_create_deprecation_warning(k, replacements))

[2023-08-04T09:54:49.005+0000] {taskinstance.py:1824} ERROR - Task failed with exception
Traceback (most recent call last):
  File "/home/airflow/.local/lib/python3.7/site-packages/airflow/operators/python.py", line 181, in execute
    return_value = self.execute_callable()
  File "/home/airflow/.local/lib/python3.7/site-packages/airflow/operators/python.py", line 198, in execute_callable
    return self.python_callable(*self.op_args, **self.op_kwargs)
  File "/opt/airflow/dags/src/main.py", line 52, in insertIntoStage
    files = os.listdir(dir)
FileNotFoundError: [Errno 2] No such file or directory: '/opt/airflow/dags/transformed/2023-08-04T09:33:43.522776+00:00'
[2023-08-04T09:54:49.009+0000] {taskinstance.py:1350} INFO - Marking task as FAILED. dag_id=toronto_real_estate_etl, task_id=ToStageTable, execution_date=20230804T093343, start_date=20230804T095448, end_date=20230804T095449
[2023-08-04T09:54:49.016+0000] {standard_task_runner.py:109} ERROR - Failed to execute job 103 for task ToStageTable ([Errno 2] No such file or directory: '/opt/airflow/dags/transformed/2023-08-04T09:33:43.522776+00:00'; 573)
[2023-08-04T09:54:49.052+0000] {local_task_job_runner.py:225} INFO - Task exited with return code 1
[2023-08-04T09:54:49.069+0000] {taskinstance.py:2653} INFO - 0 downstream tasks scheduled from follow-on schedule check
