[2023-08-02T09:11:20.290+0000] {processor.py:157} INFO - Started process (PID=33) to work on /opt/airflow/dags/src/Transform.py
[2023-08-02T09:11:20.291+0000] {processor.py:826} INFO - Processing file /opt/airflow/dags/src/Transform.py for tasks to queue
[2023-08-02T09:11:20.291+0000] {logging_mixin.py:150} INFO - [2023-08-02T09:11:20.291+0000] {dagbag.py:541} INFO - Filling up the DagBag from /opt/airflow/dags/src/Transform.py
[2023-08-02T09:11:20.294+0000] {processor.py:838} WARNING - No viable dags retrieved from /opt/airflow/dags/src/Transform.py
[2023-08-02T09:11:20.311+0000] {processor.py:179} INFO - Processing /opt/airflow/dags/src/Transform.py took 0.025 seconds
[2023-08-02T09:11:50.736+0000] {processor.py:157} INFO - Started process (PID=43) to work on /opt/airflow/dags/src/Transform.py
[2023-08-02T09:11:50.737+0000] {processor.py:826} INFO - Processing file /opt/airflow/dags/src/Transform.py for tasks to queue
[2023-08-02T09:11:50.738+0000] {logging_mixin.py:150} INFO - [2023-08-02T09:11:50.737+0000] {dagbag.py:541} INFO - Filling up the DagBag from /opt/airflow/dags/src/Transform.py
[2023-08-02T09:11:50.740+0000] {processor.py:838} WARNING - No viable dags retrieved from /opt/airflow/dags/src/Transform.py
[2023-08-02T09:11:50.753+0000] {processor.py:179} INFO - Processing /opt/airflow/dags/src/Transform.py took 0.020 seconds
[2023-08-02T09:12:20.895+0000] {processor.py:157} INFO - Started process (PID=52) to work on /opt/airflow/dags/src/Transform.py
[2023-08-02T09:12:20.896+0000] {processor.py:826} INFO - Processing file /opt/airflow/dags/src/Transform.py for tasks to queue
[2023-08-02T09:12:20.896+0000] {logging_mixin.py:150} INFO - [2023-08-02T09:12:20.896+0000] {dagbag.py:541} INFO - Filling up the DagBag from /opt/airflow/dags/src/Transform.py
[2023-08-02T09:12:20.898+0000] {processor.py:838} WARNING - No viable dags retrieved from /opt/airflow/dags/src/Transform.py
[2023-08-02T09:12:20.913+0000] {processor.py:179} INFO - Processing /opt/airflow/dags/src/Transform.py took 0.021 seconds
[2023-08-02T09:12:51.395+0000] {processor.py:157} INFO - Started process (PID=63) to work on /opt/airflow/dags/src/Transform.py
[2023-08-02T09:12:51.395+0000] {processor.py:826} INFO - Processing file /opt/airflow/dags/src/Transform.py for tasks to queue
[2023-08-02T09:12:51.396+0000] {logging_mixin.py:150} INFO - [2023-08-02T09:12:51.396+0000] {dagbag.py:541} INFO - Filling up the DagBag from /opt/airflow/dags/src/Transform.py
[2023-08-02T09:12:51.398+0000] {processor.py:838} WARNING - No viable dags retrieved from /opt/airflow/dags/src/Transform.py
[2023-08-02T09:12:51.411+0000] {processor.py:179} INFO - Processing /opt/airflow/dags/src/Transform.py took 0.019 seconds
[2023-08-02T09:13:21.954+0000] {processor.py:157} INFO - Started process (PID=73) to work on /opt/airflow/dags/src/Transform.py
[2023-08-02T09:13:21.955+0000] {processor.py:826} INFO - Processing file /opt/airflow/dags/src/Transform.py for tasks to queue
[2023-08-02T09:13:21.957+0000] {logging_mixin.py:150} INFO - [2023-08-02T09:13:21.956+0000] {dagbag.py:541} INFO - Filling up the DagBag from /opt/airflow/dags/src/Transform.py
[2023-08-02T09:13:21.961+0000] {processor.py:838} WARNING - No viable dags retrieved from /opt/airflow/dags/src/Transform.py
[2023-08-02T09:13:21.987+0000] {processor.py:179} INFO - Processing /opt/airflow/dags/src/Transform.py took 0.039 seconds
[2023-08-02T09:13:52.375+0000] {processor.py:157} INFO - Started process (PID=83) to work on /opt/airflow/dags/src/Transform.py
[2023-08-02T09:13:52.377+0000] {processor.py:826} INFO - Processing file /opt/airflow/dags/src/Transform.py for tasks to queue
[2023-08-02T09:13:52.378+0000] {logging_mixin.py:150} INFO - [2023-08-02T09:13:52.377+0000] {dagbag.py:541} INFO - Filling up the DagBag from /opt/airflow/dags/src/Transform.py
[2023-08-02T09:13:52.382+0000] {processor.py:838} WARNING - No viable dags retrieved from /opt/airflow/dags/src/Transform.py
[2023-08-02T09:13:52.403+0000] {processor.py:179} INFO - Processing /opt/airflow/dags/src/Transform.py took 0.034 seconds
[2023-08-02T09:14:22.776+0000] {processor.py:157} INFO - Started process (PID=93) to work on /opt/airflow/dags/src/Transform.py
[2023-08-02T09:14:22.777+0000] {processor.py:826} INFO - Processing file /opt/airflow/dags/src/Transform.py for tasks to queue
[2023-08-02T09:14:22.778+0000] {logging_mixin.py:150} INFO - [2023-08-02T09:14:22.778+0000] {dagbag.py:541} INFO - Filling up the DagBag from /opt/airflow/dags/src/Transform.py
[2023-08-02T09:14:22.781+0000] {processor.py:838} WARNING - No viable dags retrieved from /opt/airflow/dags/src/Transform.py
[2023-08-02T09:14:22.795+0000] {processor.py:179} INFO - Processing /opt/airflow/dags/src/Transform.py took 0.022 seconds
[2023-08-02T09:14:53.106+0000] {processor.py:157} INFO - Started process (PID=103) to work on /opt/airflow/dags/src/Transform.py
[2023-08-02T09:14:53.107+0000] {processor.py:826} INFO - Processing file /opt/airflow/dags/src/Transform.py for tasks to queue
[2023-08-02T09:14:53.108+0000] {logging_mixin.py:150} INFO - [2023-08-02T09:14:53.107+0000] {dagbag.py:541} INFO - Filling up the DagBag from /opt/airflow/dags/src/Transform.py
[2023-08-02T09:14:53.109+0000] {processor.py:838} WARNING - No viable dags retrieved from /opt/airflow/dags/src/Transform.py
[2023-08-02T09:14:53.121+0000] {processor.py:179} INFO - Processing /opt/airflow/dags/src/Transform.py took 0.018 seconds
[2023-08-02T09:15:23.404+0000] {processor.py:157} INFO - Started process (PID=113) to work on /opt/airflow/dags/src/Transform.py
[2023-08-02T09:15:23.406+0000] {processor.py:826} INFO - Processing file /opt/airflow/dags/src/Transform.py for tasks to queue
[2023-08-02T09:15:23.407+0000] {logging_mixin.py:150} INFO - [2023-08-02T09:15:23.407+0000] {dagbag.py:541} INFO - Filling up the DagBag from /opt/airflow/dags/src/Transform.py
[2023-08-02T09:15:23.409+0000] {processor.py:838} WARNING - No viable dags retrieved from /opt/airflow/dags/src/Transform.py
[2023-08-02T09:15:23.419+0000] {processor.py:179} INFO - Processing /opt/airflow/dags/src/Transform.py took 0.017 seconds
[2023-08-02T09:15:53.738+0000] {processor.py:157} INFO - Started process (PID=123) to work on /opt/airflow/dags/src/Transform.py
[2023-08-02T09:15:53.739+0000] {processor.py:826} INFO - Processing file /opt/airflow/dags/src/Transform.py for tasks to queue
[2023-08-02T09:15:53.740+0000] {logging_mixin.py:150} INFO - [2023-08-02T09:15:53.739+0000] {dagbag.py:541} INFO - Filling up the DagBag from /opt/airflow/dags/src/Transform.py
[2023-08-02T09:15:53.741+0000] {processor.py:838} WARNING - No viable dags retrieved from /opt/airflow/dags/src/Transform.py
[2023-08-02T09:15:53.753+0000] {processor.py:179} INFO - Processing /opt/airflow/dags/src/Transform.py took 0.017 seconds
[2023-08-02T09:16:24.045+0000] {processor.py:157} INFO - Started process (PID=133) to work on /opt/airflow/dags/src/Transform.py
[2023-08-02T09:16:24.046+0000] {processor.py:826} INFO - Processing file /opt/airflow/dags/src/Transform.py for tasks to queue
[2023-08-02T09:16:24.047+0000] {logging_mixin.py:150} INFO - [2023-08-02T09:16:24.047+0000] {dagbag.py:541} INFO - Filling up the DagBag from /opt/airflow/dags/src/Transform.py
[2023-08-02T09:16:24.048+0000] {processor.py:838} WARNING - No viable dags retrieved from /opt/airflow/dags/src/Transform.py
[2023-08-02T09:16:24.058+0000] {processor.py:179} INFO - Processing /opt/airflow/dags/src/Transform.py took 0.015 seconds
[2023-08-02T09:16:54.357+0000] {processor.py:157} INFO - Started process (PID=143) to work on /opt/airflow/dags/src/Transform.py
[2023-08-02T09:16:54.358+0000] {processor.py:826} INFO - Processing file /opt/airflow/dags/src/Transform.py for tasks to queue
[2023-08-02T09:16:54.359+0000] {logging_mixin.py:150} INFO - [2023-08-02T09:16:54.358+0000] {dagbag.py:541} INFO - Filling up the DagBag from /opt/airflow/dags/src/Transform.py
[2023-08-02T09:16:54.360+0000] {processor.py:838} WARNING - No viable dags retrieved from /opt/airflow/dags/src/Transform.py
[2023-08-02T09:16:54.371+0000] {processor.py:179} INFO - Processing /opt/airflow/dags/src/Transform.py took 0.016 seconds
[2023-08-02T09:17:24.654+0000] {processor.py:157} INFO - Started process (PID=153) to work on /opt/airflow/dags/src/Transform.py
[2023-08-02T09:17:24.655+0000] {processor.py:826} INFO - Processing file /opt/airflow/dags/src/Transform.py for tasks to queue
[2023-08-02T09:17:24.656+0000] {logging_mixin.py:150} INFO - [2023-08-02T09:17:24.656+0000] {dagbag.py:541} INFO - Filling up the DagBag from /opt/airflow/dags/src/Transform.py
[2023-08-02T09:17:24.658+0000] {processor.py:838} WARNING - No viable dags retrieved from /opt/airflow/dags/src/Transform.py
[2023-08-02T09:17:24.669+0000] {processor.py:179} INFO - Processing /opt/airflow/dags/src/Transform.py took 0.018 seconds
[2023-08-02T09:17:54.953+0000] {processor.py:157} INFO - Started process (PID=163) to work on /opt/airflow/dags/src/Transform.py
[2023-08-02T09:17:54.954+0000] {processor.py:826} INFO - Processing file /opt/airflow/dags/src/Transform.py for tasks to queue
[2023-08-02T09:17:54.954+0000] {logging_mixin.py:150} INFO - [2023-08-02T09:17:54.954+0000] {dagbag.py:541} INFO - Filling up the DagBag from /opt/airflow/dags/src/Transform.py
[2023-08-02T09:17:54.956+0000] {processor.py:838} WARNING - No viable dags retrieved from /opt/airflow/dags/src/Transform.py
[2023-08-02T09:17:54.967+0000] {processor.py:179} INFO - Processing /opt/airflow/dags/src/Transform.py took 0.017 seconds
[2023-08-02T09:18:25.258+0000] {processor.py:157} INFO - Started process (PID=172) to work on /opt/airflow/dags/src/Transform.py
[2023-08-02T09:18:25.260+0000] {processor.py:826} INFO - Processing file /opt/airflow/dags/src/Transform.py for tasks to queue
[2023-08-02T09:18:25.261+0000] {logging_mixin.py:150} INFO - [2023-08-02T09:18:25.261+0000] {dagbag.py:541} INFO - Filling up the DagBag from /opt/airflow/dags/src/Transform.py
[2023-08-02T09:18:25.262+0000] {processor.py:838} WARNING - No viable dags retrieved from /opt/airflow/dags/src/Transform.py
[2023-08-02T09:18:25.273+0000] {processor.py:179} INFO - Processing /opt/airflow/dags/src/Transform.py took 0.017 seconds
[2023-08-02T09:18:55.575+0000] {processor.py:157} INFO - Started process (PID=182) to work on /opt/airflow/dags/src/Transform.py
[2023-08-02T09:18:55.576+0000] {processor.py:826} INFO - Processing file /opt/airflow/dags/src/Transform.py for tasks to queue
[2023-08-02T09:18:55.577+0000] {logging_mixin.py:150} INFO - [2023-08-02T09:18:55.576+0000] {dagbag.py:541} INFO - Filling up the DagBag from /opt/airflow/dags/src/Transform.py
[2023-08-02T09:18:55.578+0000] {processor.py:838} WARNING - No viable dags retrieved from /opt/airflow/dags/src/Transform.py
[2023-08-02T09:18:55.591+0000] {processor.py:179} INFO - Processing /opt/airflow/dags/src/Transform.py took 0.018 seconds
[2023-08-02T09:19:25.896+0000] {processor.py:157} INFO - Started process (PID=192) to work on /opt/airflow/dags/src/Transform.py
[2023-08-02T09:19:25.898+0000] {processor.py:826} INFO - Processing file /opt/airflow/dags/src/Transform.py for tasks to queue
[2023-08-02T09:19:25.899+0000] {logging_mixin.py:150} INFO - [2023-08-02T09:19:25.899+0000] {dagbag.py:541} INFO - Filling up the DagBag from /opt/airflow/dags/src/Transform.py
[2023-08-02T09:19:25.900+0000] {processor.py:838} WARNING - No viable dags retrieved from /opt/airflow/dags/src/Transform.py
[2023-08-02T09:19:25.910+0000] {processor.py:179} INFO - Processing /opt/airflow/dags/src/Transform.py took 0.016 seconds
[2023-08-02T09:19:56.201+0000] {processor.py:157} INFO - Started process (PID=203) to work on /opt/airflow/dags/src/Transform.py
[2023-08-02T09:19:56.201+0000] {processor.py:826} INFO - Processing file /opt/airflow/dags/src/Transform.py for tasks to queue
[2023-08-02T09:19:56.202+0000] {logging_mixin.py:150} INFO - [2023-08-02T09:19:56.202+0000] {dagbag.py:541} INFO - Filling up the DagBag from /opt/airflow/dags/src/Transform.py
[2023-08-02T09:19:56.204+0000] {processor.py:838} WARNING - No viable dags retrieved from /opt/airflow/dags/src/Transform.py
[2023-08-02T09:19:56.216+0000] {processor.py:179} INFO - Processing /opt/airflow/dags/src/Transform.py took 0.017 seconds
[2023-08-02T09:20:26.534+0000] {processor.py:157} INFO - Started process (PID=213) to work on /opt/airflow/dags/src/Transform.py
[2023-08-02T09:20:26.535+0000] {processor.py:826} INFO - Processing file /opt/airflow/dags/src/Transform.py for tasks to queue
[2023-08-02T09:20:26.535+0000] {logging_mixin.py:150} INFO - [2023-08-02T09:20:26.535+0000] {dagbag.py:541} INFO - Filling up the DagBag from /opt/airflow/dags/src/Transform.py
[2023-08-02T09:20:26.537+0000] {processor.py:838} WARNING - No viable dags retrieved from /opt/airflow/dags/src/Transform.py
[2023-08-02T09:20:26.548+0000] {processor.py:179} INFO - Processing /opt/airflow/dags/src/Transform.py took 0.017 seconds
[2023-08-02T09:20:56.843+0000] {processor.py:157} INFO - Started process (PID=223) to work on /opt/airflow/dags/src/Transform.py
[2023-08-02T09:20:56.843+0000] {processor.py:826} INFO - Processing file /opt/airflow/dags/src/Transform.py for tasks to queue
[2023-08-02T09:20:56.844+0000] {logging_mixin.py:150} INFO - [2023-08-02T09:20:56.844+0000] {dagbag.py:541} INFO - Filling up the DagBag from /opt/airflow/dags/src/Transform.py
[2023-08-02T09:20:56.846+0000] {processor.py:838} WARNING - No viable dags retrieved from /opt/airflow/dags/src/Transform.py
[2023-08-02T09:20:56.857+0000] {processor.py:179} INFO - Processing /opt/airflow/dags/src/Transform.py took 0.016 seconds
[2023-08-02T09:21:27.146+0000] {processor.py:157} INFO - Started process (PID=233) to work on /opt/airflow/dags/src/Transform.py
[2023-08-02T09:21:27.148+0000] {processor.py:826} INFO - Processing file /opt/airflow/dags/src/Transform.py for tasks to queue
[2023-08-02T09:21:27.148+0000] {logging_mixin.py:150} INFO - [2023-08-02T09:21:27.148+0000] {dagbag.py:541} INFO - Filling up the DagBag from /opt/airflow/dags/src/Transform.py
[2023-08-02T09:21:27.150+0000] {processor.py:838} WARNING - No viable dags retrieved from /opt/airflow/dags/src/Transform.py
[2023-08-02T09:21:27.161+0000] {processor.py:179} INFO - Processing /opt/airflow/dags/src/Transform.py took 0.017 seconds
[2023-08-02T09:21:57.431+0000] {processor.py:157} INFO - Started process (PID=243) to work on /opt/airflow/dags/src/Transform.py
[2023-08-02T09:21:57.432+0000] {processor.py:826} INFO - Processing file /opt/airflow/dags/src/Transform.py for tasks to queue
[2023-08-02T09:21:57.433+0000] {logging_mixin.py:150} INFO - [2023-08-02T09:21:57.432+0000] {dagbag.py:541} INFO - Filling up the DagBag from /opt/airflow/dags/src/Transform.py
[2023-08-02T09:21:57.434+0000] {processor.py:838} WARNING - No viable dags retrieved from /opt/airflow/dags/src/Transform.py
[2023-08-02T09:21:57.445+0000] {processor.py:179} INFO - Processing /opt/airflow/dags/src/Transform.py took 0.016 seconds
[2023-08-02T09:22:27.724+0000] {processor.py:157} INFO - Started process (PID=253) to work on /opt/airflow/dags/src/Transform.py
[2023-08-02T09:22:27.725+0000] {processor.py:826} INFO - Processing file /opt/airflow/dags/src/Transform.py for tasks to queue
[2023-08-02T09:22:27.726+0000] {logging_mixin.py:150} INFO - [2023-08-02T09:22:27.726+0000] {dagbag.py:541} INFO - Filling up the DagBag from /opt/airflow/dags/src/Transform.py
[2023-08-02T09:22:27.728+0000] {processor.py:838} WARNING - No viable dags retrieved from /opt/airflow/dags/src/Transform.py
[2023-08-02T09:22:27.739+0000] {processor.py:179} INFO - Processing /opt/airflow/dags/src/Transform.py took 0.019 seconds
[2023-08-02T09:22:57.880+0000] {processor.py:157} INFO - Started process (PID=264) to work on /opt/airflow/dags/src/Transform.py
[2023-08-02T09:22:57.881+0000] {processor.py:826} INFO - Processing file /opt/airflow/dags/src/Transform.py for tasks to queue
[2023-08-02T09:22:57.881+0000] {logging_mixin.py:150} INFO - [2023-08-02T09:22:57.881+0000] {dagbag.py:541} INFO - Filling up the DagBag from /opt/airflow/dags/src/Transform.py
[2023-08-02T09:22:57.883+0000] {processor.py:838} WARNING - No viable dags retrieved from /opt/airflow/dags/src/Transform.py
[2023-08-02T09:22:57.895+0000] {processor.py:179} INFO - Processing /opt/airflow/dags/src/Transform.py took 0.017 seconds
[2023-08-02T09:23:28.130+0000] {processor.py:157} INFO - Started process (PID=274) to work on /opt/airflow/dags/src/Transform.py
[2023-08-02T09:23:28.137+0000] {processor.py:826} INFO - Processing file /opt/airflow/dags/src/Transform.py for tasks to queue
[2023-08-02T09:23:28.137+0000] {logging_mixin.py:150} INFO - [2023-08-02T09:23:28.137+0000] {dagbag.py:541} INFO - Filling up the DagBag from /opt/airflow/dags/src/Transform.py
[2023-08-02T09:23:28.139+0000] {processor.py:838} WARNING - No viable dags retrieved from /opt/airflow/dags/src/Transform.py
[2023-08-02T09:23:28.150+0000] {processor.py:179} INFO - Processing /opt/airflow/dags/src/Transform.py took 0.022 seconds
[2023-08-02T09:23:58.383+0000] {processor.py:157} INFO - Started process (PID=284) to work on /opt/airflow/dags/src/Transform.py
[2023-08-02T09:23:58.383+0000] {processor.py:826} INFO - Processing file /opt/airflow/dags/src/Transform.py for tasks to queue
[2023-08-02T09:23:58.384+0000] {logging_mixin.py:150} INFO - [2023-08-02T09:23:58.384+0000] {dagbag.py:541} INFO - Filling up the DagBag from /opt/airflow/dags/src/Transform.py
[2023-08-02T09:23:58.386+0000] {processor.py:838} WARNING - No viable dags retrieved from /opt/airflow/dags/src/Transform.py
[2023-08-02T09:23:58.398+0000] {processor.py:179} INFO - Processing /opt/airflow/dags/src/Transform.py took 0.018 seconds
[2023-08-02T09:24:28.641+0000] {processor.py:157} INFO - Started process (PID=294) to work on /opt/airflow/dags/src/Transform.py
[2023-08-02T09:24:28.642+0000] {processor.py:826} INFO - Processing file /opt/airflow/dags/src/Transform.py for tasks to queue
[2023-08-02T09:24:28.643+0000] {logging_mixin.py:150} INFO - [2023-08-02T09:24:28.643+0000] {dagbag.py:541} INFO - Filling up the DagBag from /opt/airflow/dags/src/Transform.py
[2023-08-02T09:24:28.645+0000] {processor.py:838} WARNING - No viable dags retrieved from /opt/airflow/dags/src/Transform.py
[2023-08-02T09:24:28.659+0000] {processor.py:179} INFO - Processing /opt/airflow/dags/src/Transform.py took 0.021 seconds
[2023-08-02T09:24:58.927+0000] {processor.py:157} INFO - Started process (PID=304) to work on /opt/airflow/dags/src/Transform.py
[2023-08-02T09:24:58.928+0000] {processor.py:826} INFO - Processing file /opt/airflow/dags/src/Transform.py for tasks to queue
[2023-08-02T09:24:58.929+0000] {logging_mixin.py:150} INFO - [2023-08-02T09:24:58.929+0000] {dagbag.py:541} INFO - Filling up the DagBag from /opt/airflow/dags/src/Transform.py
[2023-08-02T09:24:58.932+0000] {processor.py:838} WARNING - No viable dags retrieved from /opt/airflow/dags/src/Transform.py
[2023-08-02T09:24:58.945+0000] {processor.py:179} INFO - Processing /opt/airflow/dags/src/Transform.py took 0.021 seconds
[2023-08-02T09:25:29.185+0000] {processor.py:157} INFO - Started process (PID=313) to work on /opt/airflow/dags/src/Transform.py
[2023-08-02T09:25:29.189+0000] {processor.py:826} INFO - Processing file /opt/airflow/dags/src/Transform.py for tasks to queue
[2023-08-02T09:25:29.190+0000] {logging_mixin.py:150} INFO - [2023-08-02T09:25:29.190+0000] {dagbag.py:541} INFO - Filling up the DagBag from /opt/airflow/dags/src/Transform.py
[2023-08-02T09:25:29.191+0000] {processor.py:838} WARNING - No viable dags retrieved from /opt/airflow/dags/src/Transform.py
[2023-08-02T09:25:29.204+0000] {processor.py:179} INFO - Processing /opt/airflow/dags/src/Transform.py took 0.022 seconds
[2023-08-02T09:25:59.430+0000] {processor.py:157} INFO - Started process (PID=323) to work on /opt/airflow/dags/src/Transform.py
[2023-08-02T09:25:59.431+0000] {processor.py:826} INFO - Processing file /opt/airflow/dags/src/Transform.py for tasks to queue
[2023-08-02T09:25:59.431+0000] {logging_mixin.py:150} INFO - [2023-08-02T09:25:59.431+0000] {dagbag.py:541} INFO - Filling up the DagBag from /opt/airflow/dags/src/Transform.py
[2023-08-02T09:25:59.433+0000] {processor.py:838} WARNING - No viable dags retrieved from /opt/airflow/dags/src/Transform.py
[2023-08-02T09:25:59.445+0000] {processor.py:179} INFO - Processing /opt/airflow/dags/src/Transform.py took 0.016 seconds
[2023-08-02T09:26:29.659+0000] {processor.py:157} INFO - Started process (PID=332) to work on /opt/airflow/dags/src/Transform.py
[2023-08-02T09:26:29.660+0000] {processor.py:826} INFO - Processing file /opt/airflow/dags/src/Transform.py for tasks to queue
[2023-08-02T09:26:29.661+0000] {logging_mixin.py:150} INFO - [2023-08-02T09:26:29.661+0000] {dagbag.py:541} INFO - Filling up the DagBag from /opt/airflow/dags/src/Transform.py
[2023-08-02T09:26:29.662+0000] {processor.py:838} WARNING - No viable dags retrieved from /opt/airflow/dags/src/Transform.py
[2023-08-02T09:26:29.674+0000] {processor.py:179} INFO - Processing /opt/airflow/dags/src/Transform.py took 0.017 seconds
[2023-08-02T09:26:59.907+0000] {processor.py:157} INFO - Started process (PID=342) to work on /opt/airflow/dags/src/Transform.py
[2023-08-02T09:26:59.907+0000] {processor.py:826} INFO - Processing file /opt/airflow/dags/src/Transform.py for tasks to queue
[2023-08-02T09:26:59.907+0000] {logging_mixin.py:150} INFO - [2023-08-02T09:26:59.907+0000] {dagbag.py:541} INFO - Filling up the DagBag from /opt/airflow/dags/src/Transform.py
[2023-08-02T09:26:59.909+0000] {processor.py:838} WARNING - No viable dags retrieved from /opt/airflow/dags/src/Transform.py
[2023-08-02T09:26:59.920+0000] {processor.py:179} INFO - Processing /opt/airflow/dags/src/Transform.py took 0.016 seconds
[2023-08-02T09:27:30.158+0000] {processor.py:157} INFO - Started process (PID=352) to work on /opt/airflow/dags/src/Transform.py
[2023-08-02T09:27:30.160+0000] {processor.py:826} INFO - Processing file /opt/airflow/dags/src/Transform.py for tasks to queue
[2023-08-02T09:27:30.161+0000] {logging_mixin.py:150} INFO - [2023-08-02T09:27:30.161+0000] {dagbag.py:541} INFO - Filling up the DagBag from /opt/airflow/dags/src/Transform.py
[2023-08-02T09:27:30.162+0000] {processor.py:838} WARNING - No viable dags retrieved from /opt/airflow/dags/src/Transform.py
[2023-08-02T09:27:30.173+0000] {processor.py:179} INFO - Processing /opt/airflow/dags/src/Transform.py took 0.017 seconds
[2023-08-02T09:28:00.390+0000] {processor.py:157} INFO - Started process (PID=362) to work on /opt/airflow/dags/src/Transform.py
[2023-08-02T09:28:00.390+0000] {processor.py:826} INFO - Processing file /opt/airflow/dags/src/Transform.py for tasks to queue
[2023-08-02T09:28:00.391+0000] {logging_mixin.py:150} INFO - [2023-08-02T09:28:00.391+0000] {dagbag.py:541} INFO - Filling up the DagBag from /opt/airflow/dags/src/Transform.py
[2023-08-02T09:28:00.392+0000] {processor.py:838} WARNING - No viable dags retrieved from /opt/airflow/dags/src/Transform.py
[2023-08-02T09:28:00.404+0000] {processor.py:179} INFO - Processing /opt/airflow/dags/src/Transform.py took 0.016 seconds
[2023-08-02T09:28:30.626+0000] {processor.py:157} INFO - Started process (PID=372) to work on /opt/airflow/dags/src/Transform.py
[2023-08-02T09:28:30.627+0000] {processor.py:826} INFO - Processing file /opt/airflow/dags/src/Transform.py for tasks to queue
[2023-08-02T09:28:30.627+0000] {logging_mixin.py:150} INFO - [2023-08-02T09:28:30.627+0000] {dagbag.py:541} INFO - Filling up the DagBag from /opt/airflow/dags/src/Transform.py
[2023-08-02T09:28:30.629+0000] {processor.py:838} WARNING - No viable dags retrieved from /opt/airflow/dags/src/Transform.py
[2023-08-02T09:28:30.642+0000] {processor.py:179} INFO - Processing /opt/airflow/dags/src/Transform.py took 0.019 seconds
[2023-08-02T09:29:00.901+0000] {processor.py:157} INFO - Started process (PID=382) to work on /opt/airflow/dags/src/Transform.py
[2023-08-02T09:29:00.902+0000] {processor.py:826} INFO - Processing file /opt/airflow/dags/src/Transform.py for tasks to queue
[2023-08-02T09:29:00.902+0000] {logging_mixin.py:150} INFO - [2023-08-02T09:29:00.902+0000] {dagbag.py:541} INFO - Filling up the DagBag from /opt/airflow/dags/src/Transform.py
[2023-08-02T09:29:00.904+0000] {processor.py:838} WARNING - No viable dags retrieved from /opt/airflow/dags/src/Transform.py
[2023-08-02T09:29:00.917+0000] {processor.py:179} INFO - Processing /opt/airflow/dags/src/Transform.py took 0.018 seconds
[2023-08-02T09:29:31.158+0000] {processor.py:157} INFO - Started process (PID=392) to work on /opt/airflow/dags/src/Transform.py
[2023-08-02T09:29:31.159+0000] {processor.py:826} INFO - Processing file /opt/airflow/dags/src/Transform.py for tasks to queue
[2023-08-02T09:29:31.160+0000] {logging_mixin.py:150} INFO - [2023-08-02T09:29:31.159+0000] {dagbag.py:541} INFO - Filling up the DagBag from /opt/airflow/dags/src/Transform.py
[2023-08-02T09:29:31.161+0000] {processor.py:838} WARNING - No viable dags retrieved from /opt/airflow/dags/src/Transform.py
[2023-08-02T09:29:31.174+0000] {processor.py:179} INFO - Processing /opt/airflow/dags/src/Transform.py took 0.019 seconds
[2023-08-02T09:30:01.428+0000] {processor.py:157} INFO - Started process (PID=402) to work on /opt/airflow/dags/src/Transform.py
[2023-08-02T09:30:01.428+0000] {processor.py:826} INFO - Processing file /opt/airflow/dags/src/Transform.py for tasks to queue
[2023-08-02T09:30:01.428+0000] {logging_mixin.py:150} INFO - [2023-08-02T09:30:01.428+0000] {dagbag.py:541} INFO - Filling up the DagBag from /opt/airflow/dags/src/Transform.py
[2023-08-02T09:30:01.430+0000] {processor.py:838} WARNING - No viable dags retrieved from /opt/airflow/dags/src/Transform.py
[2023-08-02T09:30:01.441+0000] {processor.py:179} INFO - Processing /opt/airflow/dags/src/Transform.py took 0.015 seconds
[2023-08-02T09:30:31.667+0000] {processor.py:157} INFO - Started process (PID=412) to work on /opt/airflow/dags/src/Transform.py
[2023-08-02T09:30:31.668+0000] {processor.py:826} INFO - Processing file /opt/airflow/dags/src/Transform.py for tasks to queue
[2023-08-02T09:30:31.669+0000] {logging_mixin.py:150} INFO - [2023-08-02T09:30:31.668+0000] {dagbag.py:541} INFO - Filling up the DagBag from /opt/airflow/dags/src/Transform.py
[2023-08-02T09:30:31.670+0000] {processor.py:838} WARNING - No viable dags retrieved from /opt/airflow/dags/src/Transform.py
[2023-08-02T09:30:31.681+0000] {processor.py:179} INFO - Processing /opt/airflow/dags/src/Transform.py took 0.016 seconds
[2023-08-02T09:31:01.904+0000] {processor.py:157} INFO - Started process (PID=422) to work on /opt/airflow/dags/src/Transform.py
[2023-08-02T09:31:01.905+0000] {processor.py:826} INFO - Processing file /opt/airflow/dags/src/Transform.py for tasks to queue
[2023-08-02T09:31:01.905+0000] {logging_mixin.py:150} INFO - [2023-08-02T09:31:01.905+0000] {dagbag.py:541} INFO - Filling up the DagBag from /opt/airflow/dags/src/Transform.py
[2023-08-02T09:31:01.907+0000] {processor.py:838} WARNING - No viable dags retrieved from /opt/airflow/dags/src/Transform.py
[2023-08-02T09:31:01.916+0000] {processor.py:179} INFO - Processing /opt/airflow/dags/src/Transform.py took 0.014 seconds
[2023-08-02T09:31:32.146+0000] {processor.py:157} INFO - Started process (PID=432) to work on /opt/airflow/dags/src/Transform.py
[2023-08-02T09:31:32.147+0000] {processor.py:826} INFO - Processing file /opt/airflow/dags/src/Transform.py for tasks to queue
[2023-08-02T09:31:32.147+0000] {logging_mixin.py:150} INFO - [2023-08-02T09:31:32.147+0000] {dagbag.py:541} INFO - Filling up the DagBag from /opt/airflow/dags/src/Transform.py
[2023-08-02T09:31:32.149+0000] {processor.py:838} WARNING - No viable dags retrieved from /opt/airflow/dags/src/Transform.py
[2023-08-02T09:31:32.160+0000] {processor.py:179} INFO - Processing /opt/airflow/dags/src/Transform.py took 0.018 seconds
[2023-08-02T09:32:02.426+0000] {processor.py:157} INFO - Started process (PID=442) to work on /opt/airflow/dags/src/Transform.py
[2023-08-02T09:32:02.427+0000] {processor.py:826} INFO - Processing file /opt/airflow/dags/src/Transform.py for tasks to queue
[2023-08-02T09:32:02.428+0000] {logging_mixin.py:150} INFO - [2023-08-02T09:32:02.427+0000] {dagbag.py:541} INFO - Filling up the DagBag from /opt/airflow/dags/src/Transform.py
[2023-08-02T09:32:02.430+0000] {processor.py:838} WARNING - No viable dags retrieved from /opt/airflow/dags/src/Transform.py
[2023-08-02T09:32:02.445+0000] {processor.py:179} INFO - Processing /opt/airflow/dags/src/Transform.py took 0.021 seconds
[2023-08-02T09:32:32.691+0000] {processor.py:157} INFO - Started process (PID=452) to work on /opt/airflow/dags/src/Transform.py
[2023-08-02T09:32:32.693+0000] {processor.py:826} INFO - Processing file /opt/airflow/dags/src/Transform.py for tasks to queue
[2023-08-02T09:32:32.693+0000] {logging_mixin.py:150} INFO - [2023-08-02T09:32:32.693+0000] {dagbag.py:541} INFO - Filling up the DagBag from /opt/airflow/dags/src/Transform.py
[2023-08-02T09:32:32.695+0000] {processor.py:838} WARNING - No viable dags retrieved from /opt/airflow/dags/src/Transform.py
[2023-08-02T09:32:32.707+0000] {processor.py:179} INFO - Processing /opt/airflow/dags/src/Transform.py took 0.018 seconds
[2023-08-02T09:33:02.933+0000] {processor.py:157} INFO - Started process (PID=462) to work on /opt/airflow/dags/src/Transform.py
[2023-08-02T09:33:02.933+0000] {processor.py:826} INFO - Processing file /opt/airflow/dags/src/Transform.py for tasks to queue
[2023-08-02T09:33:02.934+0000] {logging_mixin.py:150} INFO - [2023-08-02T09:33:02.934+0000] {dagbag.py:541} INFO - Filling up the DagBag from /opt/airflow/dags/src/Transform.py
[2023-08-02T09:33:02.935+0000] {processor.py:838} WARNING - No viable dags retrieved from /opt/airflow/dags/src/Transform.py
[2023-08-02T09:33:02.947+0000] {processor.py:179} INFO - Processing /opt/airflow/dags/src/Transform.py took 0.016 seconds
[2023-08-02T09:33:33.157+0000] {processor.py:157} INFO - Started process (PID=472) to work on /opt/airflow/dags/src/Transform.py
[2023-08-02T09:33:33.159+0000] {processor.py:826} INFO - Processing file /opt/airflow/dags/src/Transform.py for tasks to queue
[2023-08-02T09:33:33.160+0000] {logging_mixin.py:150} INFO - [2023-08-02T09:33:33.160+0000] {dagbag.py:541} INFO - Filling up the DagBag from /opt/airflow/dags/src/Transform.py
[2023-08-02T09:33:33.161+0000] {processor.py:838} WARNING - No viable dags retrieved from /opt/airflow/dags/src/Transform.py
[2023-08-02T09:33:33.173+0000] {processor.py:179} INFO - Processing /opt/airflow/dags/src/Transform.py took 0.018 seconds
[2023-08-02T09:34:03.399+0000] {processor.py:157} INFO - Started process (PID=482) to work on /opt/airflow/dags/src/Transform.py
[2023-08-02T09:34:03.400+0000] {processor.py:826} INFO - Processing file /opt/airflow/dags/src/Transform.py for tasks to queue
[2023-08-02T09:34:03.400+0000] {logging_mixin.py:150} INFO - [2023-08-02T09:34:03.400+0000] {dagbag.py:541} INFO - Filling up the DagBag from /opt/airflow/dags/src/Transform.py
[2023-08-02T09:34:03.402+0000] {processor.py:838} WARNING - No viable dags retrieved from /opt/airflow/dags/src/Transform.py
[2023-08-02T09:34:03.411+0000] {processor.py:179} INFO - Processing /opt/airflow/dags/src/Transform.py took 0.014 seconds
[2023-08-02T09:34:33.630+0000] {processor.py:157} INFO - Started process (PID=492) to work on /opt/airflow/dags/src/Transform.py
[2023-08-02T09:34:33.631+0000] {processor.py:826} INFO - Processing file /opt/airflow/dags/src/Transform.py for tasks to queue
[2023-08-02T09:34:33.632+0000] {logging_mixin.py:150} INFO - [2023-08-02T09:34:33.631+0000] {dagbag.py:541} INFO - Filling up the DagBag from /opt/airflow/dags/src/Transform.py
[2023-08-02T09:34:33.633+0000] {processor.py:838} WARNING - No viable dags retrieved from /opt/airflow/dags/src/Transform.py
[2023-08-02T09:34:33.645+0000] {processor.py:179} INFO - Processing /opt/airflow/dags/src/Transform.py took 0.017 seconds
[2023-08-02T09:35:03.857+0000] {processor.py:157} INFO - Started process (PID=502) to work on /opt/airflow/dags/src/Transform.py
[2023-08-02T09:35:03.857+0000] {processor.py:826} INFO - Processing file /opt/airflow/dags/src/Transform.py for tasks to queue
[2023-08-02T09:35:03.858+0000] {logging_mixin.py:150} INFO - [2023-08-02T09:35:03.858+0000] {dagbag.py:541} INFO - Filling up the DagBag from /opt/airflow/dags/src/Transform.py
[2023-08-02T09:35:03.859+0000] {processor.py:838} WARNING - No viable dags retrieved from /opt/airflow/dags/src/Transform.py
[2023-08-02T09:35:03.871+0000] {processor.py:179} INFO - Processing /opt/airflow/dags/src/Transform.py took 0.016 seconds
[2023-08-02T09:35:34.105+0000] {processor.py:157} INFO - Started process (PID=512) to work on /opt/airflow/dags/src/Transform.py
[2023-08-02T09:35:34.106+0000] {processor.py:826} INFO - Processing file /opt/airflow/dags/src/Transform.py for tasks to queue
[2023-08-02T09:35:34.106+0000] {logging_mixin.py:150} INFO - [2023-08-02T09:35:34.106+0000] {dagbag.py:541} INFO - Filling up the DagBag from /opt/airflow/dags/src/Transform.py
[2023-08-02T09:35:34.108+0000] {processor.py:838} WARNING - No viable dags retrieved from /opt/airflow/dags/src/Transform.py
[2023-08-02T09:35:34.120+0000] {processor.py:179} INFO - Processing /opt/airflow/dags/src/Transform.py took 0.018 seconds
[2023-08-02T09:36:04.348+0000] {processor.py:157} INFO - Started process (PID=522) to work on /opt/airflow/dags/src/Transform.py
[2023-08-02T09:36:04.348+0000] {processor.py:826} INFO - Processing file /opt/airflow/dags/src/Transform.py for tasks to queue
[2023-08-02T09:36:04.349+0000] {logging_mixin.py:150} INFO - [2023-08-02T09:36:04.349+0000] {dagbag.py:541} INFO - Filling up the DagBag from /opt/airflow/dags/src/Transform.py
[2023-08-02T09:36:04.350+0000] {processor.py:838} WARNING - No viable dags retrieved from /opt/airflow/dags/src/Transform.py
[2023-08-02T09:36:04.362+0000] {processor.py:179} INFO - Processing /opt/airflow/dags/src/Transform.py took 0.017 seconds
[2023-08-02T09:36:34.611+0000] {processor.py:157} INFO - Started process (PID=532) to work on /opt/airflow/dags/src/Transform.py
[2023-08-02T09:36:34.615+0000] {processor.py:826} INFO - Processing file /opt/airflow/dags/src/Transform.py for tasks to queue
[2023-08-02T09:36:34.616+0000] {logging_mixin.py:150} INFO - [2023-08-02T09:36:34.616+0000] {dagbag.py:541} INFO - Filling up the DagBag from /opt/airflow/dags/src/Transform.py
[2023-08-02T09:36:34.617+0000] {processor.py:838} WARNING - No viable dags retrieved from /opt/airflow/dags/src/Transform.py
[2023-08-02T09:36:34.629+0000] {processor.py:179} INFO - Processing /opt/airflow/dags/src/Transform.py took 0.020 seconds
[2023-08-02T09:37:04.904+0000] {processor.py:157} INFO - Started process (PID=542) to work on /opt/airflow/dags/src/Transform.py
[2023-08-02T09:37:04.905+0000] {processor.py:826} INFO - Processing file /opt/airflow/dags/src/Transform.py for tasks to queue
[2023-08-02T09:37:04.905+0000] {logging_mixin.py:150} INFO - [2023-08-02T09:37:04.905+0000] {dagbag.py:541} INFO - Filling up the DagBag from /opt/airflow/dags/src/Transform.py
[2023-08-02T09:37:04.907+0000] {processor.py:838} WARNING - No viable dags retrieved from /opt/airflow/dags/src/Transform.py
[2023-08-02T09:37:04.919+0000] {processor.py:179} INFO - Processing /opt/airflow/dags/src/Transform.py took 0.020 seconds
[2023-08-02T09:37:35.331+0000] {processor.py:157} INFO - Started process (PID=552) to work on /opt/airflow/dags/src/Transform.py
[2023-08-02T09:37:35.341+0000] {processor.py:826} INFO - Processing file /opt/airflow/dags/src/Transform.py for tasks to queue
[2023-08-02T09:37:35.342+0000] {logging_mixin.py:150} INFO - [2023-08-02T09:37:35.341+0000] {dagbag.py:541} INFO - Filling up the DagBag from /opt/airflow/dags/src/Transform.py
[2023-08-02T09:37:35.344+0000] {processor.py:838} WARNING - No viable dags retrieved from /opt/airflow/dags/src/Transform.py
[2023-08-02T09:37:35.362+0000] {processor.py:179} INFO - Processing /opt/airflow/dags/src/Transform.py took 0.036 seconds
[2023-08-02T09:38:05.687+0000] {processor.py:157} INFO - Started process (PID=562) to work on /opt/airflow/dags/src/Transform.py
[2023-08-02T09:38:05.688+0000] {processor.py:826} INFO - Processing file /opt/airflow/dags/src/Transform.py for tasks to queue
[2023-08-02T09:38:05.690+0000] {logging_mixin.py:150} INFO - [2023-08-02T09:38:05.690+0000] {dagbag.py:541} INFO - Filling up the DagBag from /opt/airflow/dags/src/Transform.py
[2023-08-02T09:38:05.692+0000] {processor.py:838} WARNING - No viable dags retrieved from /opt/airflow/dags/src/Transform.py
[2023-08-02T09:38:05.708+0000] {processor.py:179} INFO - Processing /opt/airflow/dags/src/Transform.py took 0.024 seconds
[2023-08-02T09:38:36.051+0000] {processor.py:157} INFO - Started process (PID=573) to work on /opt/airflow/dags/src/Transform.py
[2023-08-02T09:38:36.060+0000] {processor.py:826} INFO - Processing file /opt/airflow/dags/src/Transform.py for tasks to queue
[2023-08-02T09:38:36.061+0000] {logging_mixin.py:150} INFO - [2023-08-02T09:38:36.060+0000] {dagbag.py:541} INFO - Filling up the DagBag from /opt/airflow/dags/src/Transform.py
[2023-08-02T09:38:36.062+0000] {processor.py:838} WARNING - No viable dags retrieved from /opt/airflow/dags/src/Transform.py
[2023-08-02T09:38:36.076+0000] {processor.py:179} INFO - Processing /opt/airflow/dags/src/Transform.py took 0.027 seconds
[2023-08-02T09:39:06.400+0000] {processor.py:157} INFO - Started process (PID=583) to work on /opt/airflow/dags/src/Transform.py
[2023-08-02T09:39:06.400+0000] {processor.py:826} INFO - Processing file /opt/airflow/dags/src/Transform.py for tasks to queue
[2023-08-02T09:39:06.401+0000] {logging_mixin.py:150} INFO - [2023-08-02T09:39:06.401+0000] {dagbag.py:541} INFO - Filling up the DagBag from /opt/airflow/dags/src/Transform.py
[2023-08-02T09:39:06.403+0000] {processor.py:838} WARNING - No viable dags retrieved from /opt/airflow/dags/src/Transform.py
[2023-08-02T09:39:06.420+0000] {processor.py:179} INFO - Processing /opt/airflow/dags/src/Transform.py took 0.023 seconds
[2023-08-02T09:39:36.690+0000] {processor.py:157} INFO - Started process (PID=593) to work on /opt/airflow/dags/src/Transform.py
[2023-08-02T09:39:36.691+0000] {processor.py:826} INFO - Processing file /opt/airflow/dags/src/Transform.py for tasks to queue
[2023-08-02T09:39:36.692+0000] {logging_mixin.py:150} INFO - [2023-08-02T09:39:36.691+0000] {dagbag.py:541} INFO - Filling up the DagBag from /opt/airflow/dags/src/Transform.py
[2023-08-02T09:39:36.693+0000] {processor.py:838} WARNING - No viable dags retrieved from /opt/airflow/dags/src/Transform.py
[2023-08-02T09:39:36.706+0000] {processor.py:179} INFO - Processing /opt/airflow/dags/src/Transform.py took 0.019 seconds
[2023-08-02T09:40:07.043+0000] {processor.py:157} INFO - Started process (PID=603) to work on /opt/airflow/dags/src/Transform.py
[2023-08-02T09:40:07.044+0000] {processor.py:826} INFO - Processing file /opt/airflow/dags/src/Transform.py for tasks to queue
[2023-08-02T09:40:07.045+0000] {logging_mixin.py:150} INFO - [2023-08-02T09:40:07.045+0000] {dagbag.py:541} INFO - Filling up the DagBag from /opt/airflow/dags/src/Transform.py
[2023-08-02T09:40:07.048+0000] {processor.py:838} WARNING - No viable dags retrieved from /opt/airflow/dags/src/Transform.py
[2023-08-02T09:40:07.066+0000] {processor.py:179} INFO - Processing /opt/airflow/dags/src/Transform.py took 0.028 seconds
[2023-08-02T09:40:37.414+0000] {processor.py:157} INFO - Started process (PID=613) to work on /opt/airflow/dags/src/Transform.py
[2023-08-02T09:40:37.424+0000] {processor.py:826} INFO - Processing file /opt/airflow/dags/src/Transform.py for tasks to queue
[2023-08-02T09:40:37.424+0000] {logging_mixin.py:150} INFO - [2023-08-02T09:40:37.424+0000] {dagbag.py:541} INFO - Filling up the DagBag from /opt/airflow/dags/src/Transform.py
[2023-08-02T09:40:37.426+0000] {processor.py:838} WARNING - No viable dags retrieved from /opt/airflow/dags/src/Transform.py
[2023-08-02T09:40:37.437+0000] {processor.py:179} INFO - Processing /opt/airflow/dags/src/Transform.py took 0.025 seconds
[2023-08-02T09:41:07.771+0000] {processor.py:157} INFO - Started process (PID=623) to work on /opt/airflow/dags/src/Transform.py
[2023-08-02T09:41:07.771+0000] {processor.py:826} INFO - Processing file /opt/airflow/dags/src/Transform.py for tasks to queue
[2023-08-02T09:41:07.772+0000] {logging_mixin.py:150} INFO - [2023-08-02T09:41:07.772+0000] {dagbag.py:541} INFO - Filling up the DagBag from /opt/airflow/dags/src/Transform.py
[2023-08-02T09:41:07.774+0000] {processor.py:838} WARNING - No viable dags retrieved from /opt/airflow/dags/src/Transform.py
[2023-08-02T09:41:07.785+0000] {processor.py:179} INFO - Processing /opt/airflow/dags/src/Transform.py took 0.016 seconds
[2023-08-02T09:41:38.141+0000] {processor.py:157} INFO - Started process (PID=633) to work on /opt/airflow/dags/src/Transform.py
[2023-08-02T09:41:38.152+0000] {processor.py:826} INFO - Processing file /opt/airflow/dags/src/Transform.py for tasks to queue
[2023-08-02T09:41:38.152+0000] {logging_mixin.py:150} INFO - [2023-08-02T09:41:38.152+0000] {dagbag.py:541} INFO - Filling up the DagBag from /opt/airflow/dags/src/Transform.py
[2023-08-02T09:41:38.154+0000] {processor.py:838} WARNING - No viable dags retrieved from /opt/airflow/dags/src/Transform.py
[2023-08-02T09:41:38.165+0000] {processor.py:179} INFO - Processing /opt/airflow/dags/src/Transform.py took 0.026 seconds
[2023-08-02T09:42:08.489+0000] {processor.py:157} INFO - Started process (PID=642) to work on /opt/airflow/dags/src/Transform.py
[2023-08-02T09:42:08.490+0000] {processor.py:826} INFO - Processing file /opt/airflow/dags/src/Transform.py for tasks to queue
[2023-08-02T09:42:08.490+0000] {logging_mixin.py:150} INFO - [2023-08-02T09:42:08.490+0000] {dagbag.py:541} INFO - Filling up the DagBag from /opt/airflow/dags/src/Transform.py
[2023-08-02T09:42:08.492+0000] {processor.py:838} WARNING - No viable dags retrieved from /opt/airflow/dags/src/Transform.py
[2023-08-02T09:42:08.503+0000] {processor.py:179} INFO - Processing /opt/airflow/dags/src/Transform.py took 0.016 seconds
[2023-08-02T09:42:38.829+0000] {processor.py:157} INFO - Started process (PID=652) to work on /opt/airflow/dags/src/Transform.py
[2023-08-02T09:42:38.830+0000] {processor.py:826} INFO - Processing file /opt/airflow/dags/src/Transform.py for tasks to queue
[2023-08-02T09:42:38.830+0000] {logging_mixin.py:150} INFO - [2023-08-02T09:42:38.830+0000] {dagbag.py:541} INFO - Filling up the DagBag from /opt/airflow/dags/src/Transform.py
[2023-08-02T09:42:38.832+0000] {processor.py:838} WARNING - No viable dags retrieved from /opt/airflow/dags/src/Transform.py
[2023-08-02T09:42:38.842+0000] {processor.py:179} INFO - Processing /opt/airflow/dags/src/Transform.py took 0.016 seconds
[2023-08-02T09:43:09.179+0000] {processor.py:157} INFO - Started process (PID=662) to work on /opt/airflow/dags/src/Transform.py
[2023-08-02T09:43:09.179+0000] {processor.py:826} INFO - Processing file /opt/airflow/dags/src/Transform.py for tasks to queue
[2023-08-02T09:43:09.180+0000] {logging_mixin.py:150} INFO - [2023-08-02T09:43:09.180+0000] {dagbag.py:541} INFO - Filling up the DagBag from /opt/airflow/dags/src/Transform.py
[2023-08-02T09:43:09.181+0000] {processor.py:838} WARNING - No viable dags retrieved from /opt/airflow/dags/src/Transform.py
[2023-08-02T09:43:09.192+0000] {processor.py:179} INFO - Processing /opt/airflow/dags/src/Transform.py took 0.016 seconds
[2023-08-02T09:43:39.517+0000] {processor.py:157} INFO - Started process (PID=672) to work on /opt/airflow/dags/src/Transform.py
[2023-08-02T09:43:39.524+0000] {processor.py:826} INFO - Processing file /opt/airflow/dags/src/Transform.py for tasks to queue
[2023-08-02T09:43:39.525+0000] {logging_mixin.py:150} INFO - [2023-08-02T09:43:39.525+0000] {dagbag.py:541} INFO - Filling up the DagBag from /opt/airflow/dags/src/Transform.py
[2023-08-02T09:43:39.526+0000] {processor.py:838} WARNING - No viable dags retrieved from /opt/airflow/dags/src/Transform.py
[2023-08-02T09:43:39.537+0000] {processor.py:179} INFO - Processing /opt/airflow/dags/src/Transform.py took 0.022 seconds
[2023-08-02T09:44:09.846+0000] {processor.py:157} INFO - Started process (PID=682) to work on /opt/airflow/dags/src/Transform.py
[2023-08-02T09:44:09.848+0000] {processor.py:826} INFO - Processing file /opt/airflow/dags/src/Transform.py for tasks to queue
[2023-08-02T09:44:09.849+0000] {logging_mixin.py:150} INFO - [2023-08-02T09:44:09.848+0000] {dagbag.py:541} INFO - Filling up the DagBag from /opt/airflow/dags/src/Transform.py
[2023-08-02T09:44:09.850+0000] {processor.py:838} WARNING - No viable dags retrieved from /opt/airflow/dags/src/Transform.py
[2023-08-02T09:44:09.861+0000] {processor.py:179} INFO - Processing /opt/airflow/dags/src/Transform.py took 0.017 seconds
[2023-08-02T09:44:40.280+0000] {processor.py:157} INFO - Started process (PID=692) to work on /opt/airflow/dags/src/Transform.py
[2023-08-02T09:44:40.289+0000] {processor.py:826} INFO - Processing file /opt/airflow/dags/src/Transform.py for tasks to queue
[2023-08-02T09:44:40.290+0000] {logging_mixin.py:150} INFO - [2023-08-02T09:44:40.290+0000] {dagbag.py:541} INFO - Filling up the DagBag from /opt/airflow/dags/src/Transform.py
[2023-08-02T09:44:40.292+0000] {processor.py:838} WARNING - No viable dags retrieved from /opt/airflow/dags/src/Transform.py
[2023-08-02T09:44:40.305+0000] {processor.py:179} INFO - Processing /opt/airflow/dags/src/Transform.py took 0.027 seconds
[2023-08-02T09:45:10.754+0000] {processor.py:157} INFO - Started process (PID=702) to work on /opt/airflow/dags/src/Transform.py
[2023-08-02T09:45:10.754+0000] {processor.py:826} INFO - Processing file /opt/airflow/dags/src/Transform.py for tasks to queue
[2023-08-02T09:45:10.755+0000] {logging_mixin.py:150} INFO - [2023-08-02T09:45:10.755+0000] {dagbag.py:541} INFO - Filling up the DagBag from /opt/airflow/dags/src/Transform.py
[2023-08-02T09:45:10.756+0000] {processor.py:838} WARNING - No viable dags retrieved from /opt/airflow/dags/src/Transform.py
[2023-08-02T09:45:10.766+0000] {processor.py:179} INFO - Processing /opt/airflow/dags/src/Transform.py took 0.014 seconds
[2023-08-02T09:45:11.763+0000] {processor.py:157} INFO - Started process (PID=703) to work on /opt/airflow/dags/src/Transform.py
[2023-08-02T09:45:11.763+0000] {processor.py:826} INFO - Processing file /opt/airflow/dags/src/Transform.py for tasks to queue
[2023-08-02T09:45:11.764+0000] {logging_mixin.py:150} INFO - [2023-08-02T09:45:11.764+0000] {dagbag.py:541} INFO - Filling up the DagBag from /opt/airflow/dags/src/Transform.py
[2023-08-02T09:45:11.767+0000] {processor.py:838} WARNING - No viable dags retrieved from /opt/airflow/dags/src/Transform.py
[2023-08-02T09:45:11.776+0000] {processor.py:179} INFO - Processing /opt/airflow/dags/src/Transform.py took 0.016 seconds
[2023-08-02T09:45:42.112+0000] {processor.py:157} INFO - Started process (PID=714) to work on /opt/airflow/dags/src/Transform.py
[2023-08-02T09:45:42.121+0000] {processor.py:826} INFO - Processing file /opt/airflow/dags/src/Transform.py for tasks to queue
[2023-08-02T09:45:42.122+0000] {logging_mixin.py:150} INFO - [2023-08-02T09:45:42.122+0000] {dagbag.py:541} INFO - Filling up the DagBag from /opt/airflow/dags/src/Transform.py
[2023-08-02T09:45:42.124+0000] {processor.py:838} WARNING - No viable dags retrieved from /opt/airflow/dags/src/Transform.py
[2023-08-02T09:45:42.138+0000] {processor.py:179} INFO - Processing /opt/airflow/dags/src/Transform.py took 0.030 seconds
[2023-08-02T09:46:12.541+0000] {processor.py:157} INFO - Started process (PID=724) to work on /opt/airflow/dags/src/Transform.py
[2023-08-02T09:46:12.541+0000] {processor.py:826} INFO - Processing file /opt/airflow/dags/src/Transform.py for tasks to queue
[2023-08-02T09:46:12.542+0000] {logging_mixin.py:150} INFO - [2023-08-02T09:46:12.542+0000] {dagbag.py:541} INFO - Filling up the DagBag from /opt/airflow/dags/src/Transform.py
[2023-08-02T09:46:12.544+0000] {processor.py:838} WARNING - No viable dags retrieved from /opt/airflow/dags/src/Transform.py
[2023-08-02T09:46:12.555+0000] {processor.py:179} INFO - Processing /opt/airflow/dags/src/Transform.py took 0.017 seconds
[2023-08-02T09:46:42.898+0000] {processor.py:157} INFO - Started process (PID=734) to work on /opt/airflow/dags/src/Transform.py
[2023-08-02T09:46:42.899+0000] {processor.py:826} INFO - Processing file /opt/airflow/dags/src/Transform.py for tasks to queue
[2023-08-02T09:46:42.900+0000] {logging_mixin.py:150} INFO - [2023-08-02T09:46:42.900+0000] {dagbag.py:541} INFO - Filling up the DagBag from /opt/airflow/dags/src/Transform.py
[2023-08-02T09:46:42.902+0000] {processor.py:838} WARNING - No viable dags retrieved from /opt/airflow/dags/src/Transform.py
[2023-08-02T09:46:42.913+0000] {processor.py:179} INFO - Processing /opt/airflow/dags/src/Transform.py took 0.018 seconds
[2023-08-02T09:47:13.268+0000] {processor.py:157} INFO - Started process (PID=744) to work on /opt/airflow/dags/src/Transform.py
[2023-08-02T09:47:13.268+0000] {processor.py:826} INFO - Processing file /opt/airflow/dags/src/Transform.py for tasks to queue
[2023-08-02T09:47:13.269+0000] {logging_mixin.py:150} INFO - [2023-08-02T09:47:13.269+0000] {dagbag.py:541} INFO - Filling up the DagBag from /opt/airflow/dags/src/Transform.py
[2023-08-02T09:47:13.270+0000] {processor.py:838} WARNING - No viable dags retrieved from /opt/airflow/dags/src/Transform.py
[2023-08-02T09:47:13.281+0000] {processor.py:179} INFO - Processing /opt/airflow/dags/src/Transform.py took 0.015 seconds
[2023-08-02T09:47:43.654+0000] {processor.py:157} INFO - Started process (PID=754) to work on /opt/airflow/dags/src/Transform.py
[2023-08-02T09:47:43.664+0000] {processor.py:826} INFO - Processing file /opt/airflow/dags/src/Transform.py for tasks to queue
[2023-08-02T09:47:43.665+0000] {logging_mixin.py:150} INFO - [2023-08-02T09:47:43.664+0000] {dagbag.py:541} INFO - Filling up the DagBag from /opt/airflow/dags/src/Transform.py
[2023-08-02T09:47:43.666+0000] {processor.py:838} WARNING - No viable dags retrieved from /opt/airflow/dags/src/Transform.py
[2023-08-02T09:47:43.677+0000] {processor.py:179} INFO - Processing /opt/airflow/dags/src/Transform.py took 0.025 seconds
[2023-08-02T09:48:14.083+0000] {processor.py:157} INFO - Started process (PID=764) to work on /opt/airflow/dags/src/Transform.py
[2023-08-02T09:48:14.084+0000] {processor.py:826} INFO - Processing file /opt/airflow/dags/src/Transform.py for tasks to queue
[2023-08-02T09:48:14.085+0000] {logging_mixin.py:150} INFO - [2023-08-02T09:48:14.084+0000] {dagbag.py:541} INFO - Filling up the DagBag from /opt/airflow/dags/src/Transform.py
[2023-08-02T09:48:14.086+0000] {processor.py:838} WARNING - No viable dags retrieved from /opt/airflow/dags/src/Transform.py
[2023-08-02T09:48:14.097+0000] {processor.py:179} INFO - Processing /opt/airflow/dags/src/Transform.py took 0.018 seconds
[2023-08-02T09:48:44.453+0000] {processor.py:157} INFO - Started process (PID=774) to work on /opt/airflow/dags/src/Transform.py
[2023-08-02T09:48:44.461+0000] {processor.py:826} INFO - Processing file /opt/airflow/dags/src/Transform.py for tasks to queue
[2023-08-02T09:48:44.462+0000] {logging_mixin.py:150} INFO - [2023-08-02T09:48:44.461+0000] {dagbag.py:541} INFO - Filling up the DagBag from /opt/airflow/dags/src/Transform.py
[2023-08-02T09:48:44.463+0000] {processor.py:838} WARNING - No viable dags retrieved from /opt/airflow/dags/src/Transform.py
[2023-08-02T09:48:44.474+0000] {processor.py:179} INFO - Processing /opt/airflow/dags/src/Transform.py took 0.024 seconds
[2023-08-02T09:49:14.883+0000] {processor.py:157} INFO - Started process (PID=784) to work on /opt/airflow/dags/src/Transform.py
[2023-08-02T09:49:14.884+0000] {processor.py:826} INFO - Processing file /opt/airflow/dags/src/Transform.py for tasks to queue
[2023-08-02T09:49:14.884+0000] {logging_mixin.py:150} INFO - [2023-08-02T09:49:14.884+0000] {dagbag.py:541} INFO - Filling up the DagBag from /opt/airflow/dags/src/Transform.py
[2023-08-02T09:49:14.887+0000] {processor.py:838} WARNING - No viable dags retrieved from /opt/airflow/dags/src/Transform.py
[2023-08-02T09:49:14.914+0000] {processor.py:179} INFO - Processing /opt/airflow/dags/src/Transform.py took 0.033 seconds
[2023-08-02T09:49:45.249+0000] {processor.py:157} INFO - Started process (PID=794) to work on /opt/airflow/dags/src/Transform.py
[2023-08-02T09:49:45.250+0000] {processor.py:826} INFO - Processing file /opt/airflow/dags/src/Transform.py for tasks to queue
[2023-08-02T09:49:45.251+0000] {logging_mixin.py:150} INFO - [2023-08-02T09:49:45.251+0000] {dagbag.py:541} INFO - Filling up the DagBag from /opt/airflow/dags/src/Transform.py
[2023-08-02T09:49:45.253+0000] {processor.py:838} WARNING - No viable dags retrieved from /opt/airflow/dags/src/Transform.py
[2023-08-02T09:49:45.265+0000] {processor.py:179} INFO - Processing /opt/airflow/dags/src/Transform.py took 0.019 seconds
[2023-08-02T09:50:15.587+0000] {processor.py:157} INFO - Started process (PID=804) to work on /opt/airflow/dags/src/Transform.py
[2023-08-02T09:50:15.588+0000] {processor.py:826} INFO - Processing file /opt/airflow/dags/src/Transform.py for tasks to queue
[2023-08-02T09:50:15.588+0000] {logging_mixin.py:150} INFO - [2023-08-02T09:50:15.588+0000] {dagbag.py:541} INFO - Filling up the DagBag from /opt/airflow/dags/src/Transform.py
[2023-08-02T09:50:15.590+0000] {processor.py:838} WARNING - No viable dags retrieved from /opt/airflow/dags/src/Transform.py
[2023-08-02T09:50:15.601+0000] {processor.py:179} INFO - Processing /opt/airflow/dags/src/Transform.py took 0.016 seconds
[2023-08-02T09:50:45.934+0000] {processor.py:157} INFO - Started process (PID=814) to work on /opt/airflow/dags/src/Transform.py
[2023-08-02T09:50:45.943+0000] {processor.py:826} INFO - Processing file /opt/airflow/dags/src/Transform.py for tasks to queue
[2023-08-02T09:50:45.944+0000] {logging_mixin.py:150} INFO - [2023-08-02T09:50:45.944+0000] {dagbag.py:541} INFO - Filling up the DagBag from /opt/airflow/dags/src/Transform.py
[2023-08-02T09:50:45.946+0000] {processor.py:838} WARNING - No viable dags retrieved from /opt/airflow/dags/src/Transform.py
[2023-08-02T09:50:45.956+0000] {processor.py:179} INFO - Processing /opt/airflow/dags/src/Transform.py took 0.024 seconds
[2023-08-02T09:51:16.332+0000] {processor.py:157} INFO - Started process (PID=824) to work on /opt/airflow/dags/src/Transform.py
[2023-08-02T09:51:16.333+0000] {processor.py:826} INFO - Processing file /opt/airflow/dags/src/Transform.py for tasks to queue
[2023-08-02T09:51:16.334+0000] {logging_mixin.py:150} INFO - [2023-08-02T09:51:16.333+0000] {dagbag.py:541} INFO - Filling up the DagBag from /opt/airflow/dags/src/Transform.py
[2023-08-02T09:51:16.336+0000] {processor.py:838} WARNING - No viable dags retrieved from /opt/airflow/dags/src/Transform.py
[2023-08-02T09:51:16.355+0000] {processor.py:179} INFO - Processing /opt/airflow/dags/src/Transform.py took 0.027 seconds
[2023-08-02T09:51:46.691+0000] {processor.py:157} INFO - Started process (PID=833) to work on /opt/airflow/dags/src/Transform.py
[2023-08-02T09:51:46.701+0000] {processor.py:826} INFO - Processing file /opt/airflow/dags/src/Transform.py for tasks to queue
[2023-08-02T09:51:46.701+0000] {logging_mixin.py:150} INFO - [2023-08-02T09:51:46.701+0000] {dagbag.py:541} INFO - Filling up the DagBag from /opt/airflow/dags/src/Transform.py
[2023-08-02T09:51:46.703+0000] {processor.py:838} WARNING - No viable dags retrieved from /opt/airflow/dags/src/Transform.py
[2023-08-02T09:51:46.714+0000] {processor.py:179} INFO - Processing /opt/airflow/dags/src/Transform.py took 0.025 seconds
[2023-08-02T09:52:17.017+0000] {processor.py:157} INFO - Started process (PID=843) to work on /opt/airflow/dags/src/Transform.py
[2023-08-02T09:52:17.018+0000] {processor.py:826} INFO - Processing file /opt/airflow/dags/src/Transform.py for tasks to queue
[2023-08-02T09:52:17.018+0000] {logging_mixin.py:150} INFO - [2023-08-02T09:52:17.018+0000] {dagbag.py:541} INFO - Filling up the DagBag from /opt/airflow/dags/src/Transform.py
[2023-08-02T09:52:17.020+0000] {processor.py:838} WARNING - No viable dags retrieved from /opt/airflow/dags/src/Transform.py
[2023-08-02T09:52:17.029+0000] {processor.py:179} INFO - Processing /opt/airflow/dags/src/Transform.py took 0.014 seconds
[2023-08-02T09:52:47.330+0000] {processor.py:157} INFO - Started process (PID=854) to work on /opt/airflow/dags/src/Transform.py
[2023-08-02T09:52:47.333+0000] {processor.py:826} INFO - Processing file /opt/airflow/dags/src/Transform.py for tasks to queue
[2023-08-02T09:52:47.334+0000] {logging_mixin.py:150} INFO - [2023-08-02T09:52:47.333+0000] {dagbag.py:541} INFO - Filling up the DagBag from /opt/airflow/dags/src/Transform.py
[2023-08-02T09:52:47.335+0000] {processor.py:838} WARNING - No viable dags retrieved from /opt/airflow/dags/src/Transform.py
[2023-08-02T09:52:47.346+0000] {processor.py:179} INFO - Processing /opt/airflow/dags/src/Transform.py took 0.019 seconds
