[2023-08-02T09:11:19.878+0000] {processor.py:157} INFO - Started process (PID=31) to work on /opt/airflow/dags/etl.py
[2023-08-02T09:11:19.879+0000] {processor.py:826} INFO - Processing file /opt/airflow/dags/etl.py for tasks to queue
[2023-08-02T09:11:19.880+0000] {logging_mixin.py:150} INFO - [2023-08-02T09:11:19.880+0000] {dagbag.py:541} INFO - Filling up the DagBag from /opt/airflow/dags/etl.py
[2023-08-02T09:11:20.258+0000] {processor.py:836} INFO - DAG(s) dict_keys(['toronto_real_estate_etl']) retrieved from /opt/airflow/dags/etl.py
[2023-08-02T09:11:20.312+0000] {logging_mixin.py:150} INFO - [2023-08-02T09:11:20.312+0000] {dag.py:2742} INFO - Sync 1 DAGs
[2023-08-02T09:11:20.356+0000] {processor.py:179} INFO - Processing /opt/airflow/dags/etl.py took 0.481 seconds
[2023-08-02T09:11:50.544+0000] {processor.py:157} INFO - Started process (PID=41) to work on /opt/airflow/dags/etl.py
[2023-08-02T09:11:50.546+0000] {processor.py:826} INFO - Processing file /opt/airflow/dags/etl.py for tasks to queue
[2023-08-02T09:11:50.547+0000] {logging_mixin.py:150} INFO - [2023-08-02T09:11:50.546+0000] {dagbag.py:541} INFO - Filling up the DagBag from /opt/airflow/dags/etl.py
[2023-08-02T09:11:50.710+0000] {processor.py:836} INFO - DAG(s) dict_keys(['toronto_real_estate_etl']) retrieved from /opt/airflow/dags/etl.py
[2023-08-02T09:11:50.852+0000] {logging_mixin.py:150} INFO - [2023-08-02T09:11:50.851+0000] {dag.py:2742} INFO - Sync 1 DAGs
[2023-08-02T09:11:50.895+0000] {processor.py:179} INFO - Processing /opt/airflow/dags/etl.py took 0.353 seconds
[2023-08-02T09:12:20.930+0000] {processor.py:157} INFO - Started process (PID=53) to work on /opt/airflow/dags/etl.py
[2023-08-02T09:12:20.931+0000] {processor.py:826} INFO - Processing file /opt/airflow/dags/etl.py for tasks to queue
[2023-08-02T09:12:20.931+0000] {logging_mixin.py:150} INFO - [2023-08-02T09:12:20.931+0000] {dagbag.py:541} INFO - Filling up the DagBag from /opt/airflow/dags/etl.py
[2023-08-02T09:12:21.100+0000] {processor.py:836} INFO - DAG(s) dict_keys(['toronto_real_estate_etl']) retrieved from /opt/airflow/dags/etl.py
[2023-08-02T09:12:21.128+0000] {logging_mixin.py:150} INFO - [2023-08-02T09:12:21.127+0000] {dag.py:2742} INFO - Sync 1 DAGs
[2023-08-02T09:12:21.170+0000] {processor.py:179} INFO - Processing /opt/airflow/dags/etl.py took 0.242 seconds
[2023-08-02T09:12:51.227+0000] {processor.py:157} INFO - Started process (PID=61) to work on /opt/airflow/dags/etl.py
[2023-08-02T09:12:51.229+0000] {processor.py:826} INFO - Processing file /opt/airflow/dags/etl.py for tasks to queue
[2023-08-02T09:12:51.229+0000] {logging_mixin.py:150} INFO - [2023-08-02T09:12:51.229+0000] {dagbag.py:541} INFO - Filling up the DagBag from /opt/airflow/dags/etl.py
[2023-08-02T09:12:51.370+0000] {processor.py:836} INFO - DAG(s) dict_keys(['toronto_real_estate_etl']) retrieved from /opt/airflow/dags/etl.py
[2023-08-02T09:12:51.395+0000] {logging_mixin.py:150} INFO - [2023-08-02T09:12:51.394+0000] {dag.py:2742} INFO - Sync 1 DAGs
[2023-08-02T09:12:51.427+0000] {processor.py:179} INFO - Processing /opt/airflow/dags/etl.py took 0.203 seconds
[2023-08-02T09:13:21.563+0000] {processor.py:157} INFO - Started process (PID=71) to work on /opt/airflow/dags/etl.py
[2023-08-02T09:13:21.565+0000] {processor.py:826} INFO - Processing file /opt/airflow/dags/etl.py for tasks to queue
[2023-08-02T09:13:21.566+0000] {logging_mixin.py:150} INFO - [2023-08-02T09:13:21.566+0000] {dagbag.py:541} INFO - Filling up the DagBag from /opt/airflow/dags/etl.py
[2023-08-02T09:13:21.911+0000] {processor.py:836} INFO - DAG(s) dict_keys(['toronto_real_estate_etl']) retrieved from /opt/airflow/dags/etl.py
[2023-08-02T09:13:21.974+0000] {logging_mixin.py:150} INFO - [2023-08-02T09:13:21.973+0000] {dag.py:2742} INFO - Sync 1 DAGs
[2023-08-02T09:13:22.052+0000] {processor.py:179} INFO - Processing /opt/airflow/dags/etl.py took 0.493 seconds
[2023-08-02T09:13:52.130+0000] {processor.py:157} INFO - Started process (PID=81) to work on /opt/airflow/dags/etl.py
[2023-08-02T09:13:52.132+0000] {processor.py:826} INFO - Processing file /opt/airflow/dags/etl.py for tasks to queue
[2023-08-02T09:13:52.133+0000] {logging_mixin.py:150} INFO - [2023-08-02T09:13:52.133+0000] {dagbag.py:541} INFO - Filling up the DagBag from /opt/airflow/dags/etl.py
[2023-08-02T09:13:52.325+0000] {processor.py:836} INFO - DAG(s) dict_keys(['toronto_real_estate_etl']) retrieved from /opt/airflow/dags/etl.py
[2023-08-02T09:13:52.365+0000] {logging_mixin.py:150} INFO - [2023-08-02T09:13:52.364+0000] {dag.py:2742} INFO - Sync 1 DAGs
[2023-08-02T09:13:52.424+0000] {processor.py:179} INFO - Processing /opt/airflow/dags/etl.py took 0.296 seconds
[2023-08-02T09:14:22.547+0000] {processor.py:157} INFO - Started process (PID=91) to work on /opt/airflow/dags/etl.py
[2023-08-02T09:14:22.548+0000] {processor.py:826} INFO - Processing file /opt/airflow/dags/etl.py for tasks to queue
[2023-08-02T09:14:22.549+0000] {logging_mixin.py:150} INFO - [2023-08-02T09:14:22.549+0000] {dagbag.py:541} INFO - Filling up the DagBag from /opt/airflow/dags/etl.py
[2023-08-02T09:14:22.742+0000] {processor.py:836} INFO - DAG(s) dict_keys(['toronto_real_estate_etl']) retrieved from /opt/airflow/dags/etl.py
[2023-08-02T09:14:22.773+0000] {logging_mixin.py:150} INFO - [2023-08-02T09:14:22.771+0000] {dag.py:2742} INFO - Sync 1 DAGs
[2023-08-02T09:14:22.821+0000] {processor.py:179} INFO - Processing /opt/airflow/dags/etl.py took 0.277 seconds
[2023-08-02T09:14:52.923+0000] {processor.py:157} INFO - Started process (PID=101) to work on /opt/airflow/dags/etl.py
[2023-08-02T09:14:52.924+0000] {processor.py:826} INFO - Processing file /opt/airflow/dags/etl.py for tasks to queue
[2023-08-02T09:14:52.924+0000] {logging_mixin.py:150} INFO - [2023-08-02T09:14:52.924+0000] {dagbag.py:541} INFO - Filling up the DagBag from /opt/airflow/dags/etl.py
[2023-08-02T09:14:53.079+0000] {processor.py:836} INFO - DAG(s) dict_keys(['toronto_real_estate_etl']) retrieved from /opt/airflow/dags/etl.py
[2023-08-02T09:14:53.103+0000] {logging_mixin.py:150} INFO - [2023-08-02T09:14:53.103+0000] {dag.py:2742} INFO - Sync 1 DAGs
[2023-08-02T09:14:53.138+0000] {processor.py:179} INFO - Processing /opt/airflow/dags/etl.py took 0.217 seconds
[2023-08-02T09:15:23.245+0000] {processor.py:157} INFO - Started process (PID=111) to work on /opt/airflow/dags/etl.py
[2023-08-02T09:15:23.255+0000] {processor.py:826} INFO - Processing file /opt/airflow/dags/etl.py for tasks to queue
[2023-08-02T09:15:23.255+0000] {logging_mixin.py:150} INFO - [2023-08-02T09:15:23.255+0000] {dagbag.py:541} INFO - Filling up the DagBag from /opt/airflow/dags/etl.py
[2023-08-02T09:15:23.384+0000] {processor.py:836} INFO - DAG(s) dict_keys(['toronto_real_estate_etl']) retrieved from /opt/airflow/dags/etl.py
[2023-08-02T09:15:23.406+0000] {logging_mixin.py:150} INFO - [2023-08-02T09:15:23.405+0000] {dag.py:2742} INFO - Sync 1 DAGs
[2023-08-02T09:15:23.438+0000] {processor.py:179} INFO - Processing /opt/airflow/dags/etl.py took 0.196 seconds
[2023-08-02T09:15:53.545+0000] {processor.py:157} INFO - Started process (PID=121) to work on /opt/airflow/dags/etl.py
[2023-08-02T09:15:53.546+0000] {processor.py:826} INFO - Processing file /opt/airflow/dags/etl.py for tasks to queue
[2023-08-02T09:15:53.546+0000] {logging_mixin.py:150} INFO - [2023-08-02T09:15:53.546+0000] {dagbag.py:541} INFO - Filling up the DagBag from /opt/airflow/dags/etl.py
[2023-08-02T09:15:53.678+0000] {processor.py:836} INFO - DAG(s) dict_keys(['toronto_real_estate_etl']) retrieved from /opt/airflow/dags/etl.py
[2023-08-02T09:15:53.736+0000] {logging_mixin.py:150} INFO - [2023-08-02T09:15:53.736+0000] {dag.py:2742} INFO - Sync 1 DAGs
[2023-08-02T09:15:53.773+0000] {processor.py:179} INFO - Processing /opt/airflow/dags/etl.py took 0.230 seconds
[2023-08-02T09:16:23.891+0000] {processor.py:157} INFO - Started process (PID=131) to work on /opt/airflow/dags/etl.py
[2023-08-02T09:16:23.896+0000] {processor.py:826} INFO - Processing file /opt/airflow/dags/etl.py for tasks to queue
[2023-08-02T09:16:23.897+0000] {logging_mixin.py:150} INFO - [2023-08-02T09:16:23.897+0000] {dagbag.py:541} INFO - Filling up the DagBag from /opt/airflow/dags/etl.py
[2023-08-02T09:16:24.022+0000] {processor.py:836} INFO - DAG(s) dict_keys(['toronto_real_estate_etl']) retrieved from /opt/airflow/dags/etl.py
[2023-08-02T09:16:24.046+0000] {logging_mixin.py:150} INFO - [2023-08-02T09:16:24.044+0000] {dag.py:2742} INFO - Sync 1 DAGs
[2023-08-02T09:16:24.075+0000] {processor.py:179} INFO - Processing /opt/airflow/dags/etl.py took 0.185 seconds
[2023-08-02T09:16:54.194+0000] {processor.py:157} INFO - Started process (PID=141) to work on /opt/airflow/dags/etl.py
[2023-08-02T09:16:54.195+0000] {processor.py:826} INFO - Processing file /opt/airflow/dags/etl.py for tasks to queue
[2023-08-02T09:16:54.195+0000] {logging_mixin.py:150} INFO - [2023-08-02T09:16:54.195+0000] {dagbag.py:541} INFO - Filling up the DagBag from /opt/airflow/dags/etl.py
[2023-08-02T09:16:54.334+0000] {processor.py:836} INFO - DAG(s) dict_keys(['toronto_real_estate_etl']) retrieved from /opt/airflow/dags/etl.py
[2023-08-02T09:16:54.356+0000] {logging_mixin.py:150} INFO - [2023-08-02T09:16:54.355+0000] {dag.py:2742} INFO - Sync 1 DAGs
[2023-08-02T09:16:54.387+0000] {processor.py:179} INFO - Processing /opt/airflow/dags/etl.py took 0.195 seconds
[2023-08-02T09:17:24.503+0000] {processor.py:157} INFO - Started process (PID=151) to work on /opt/airflow/dags/etl.py
[2023-08-02T09:17:24.508+0000] {processor.py:826} INFO - Processing file /opt/airflow/dags/etl.py for tasks to queue
[2023-08-02T09:17:24.509+0000] {logging_mixin.py:150} INFO - [2023-08-02T09:17:24.509+0000] {dagbag.py:541} INFO - Filling up the DagBag from /opt/airflow/dags/etl.py
[2023-08-02T09:17:24.632+0000] {processor.py:836} INFO - DAG(s) dict_keys(['toronto_real_estate_etl']) retrieved from /opt/airflow/dags/etl.py
[2023-08-02T09:17:24.654+0000] {logging_mixin.py:150} INFO - [2023-08-02T09:17:24.653+0000] {dag.py:2742} INFO - Sync 1 DAGs
[2023-08-02T09:17:24.684+0000] {processor.py:179} INFO - Processing /opt/airflow/dags/etl.py took 0.183 seconds
[2023-08-02T09:17:54.807+0000] {processor.py:157} INFO - Started process (PID=161) to work on /opt/airflow/dags/etl.py
[2023-08-02T09:17:54.807+0000] {processor.py:826} INFO - Processing file /opt/airflow/dags/etl.py for tasks to queue
[2023-08-02T09:17:54.808+0000] {logging_mixin.py:150} INFO - [2023-08-02T09:17:54.808+0000] {dagbag.py:541} INFO - Filling up the DagBag from /opt/airflow/dags/etl.py
[2023-08-02T09:17:54.930+0000] {processor.py:836} INFO - DAG(s) dict_keys(['toronto_real_estate_etl']) retrieved from /opt/airflow/dags/etl.py
[2023-08-02T09:17:54.953+0000] {logging_mixin.py:150} INFO - [2023-08-02T09:17:54.953+0000] {dag.py:2742} INFO - Sync 1 DAGs
[2023-08-02T09:17:54.983+0000] {processor.py:179} INFO - Processing /opt/airflow/dags/etl.py took 0.179 seconds
[2023-08-02T09:18:25.099+0000] {processor.py:157} INFO - Started process (PID=170) to work on /opt/airflow/dags/etl.py
[2023-08-02T09:18:25.113+0000] {processor.py:826} INFO - Processing file /opt/airflow/dags/etl.py for tasks to queue
[2023-08-02T09:18:25.113+0000] {logging_mixin.py:150} INFO - [2023-08-02T09:18:25.113+0000] {dagbag.py:541} INFO - Filling up the DagBag from /opt/airflow/dags/etl.py
[2023-08-02T09:18:25.236+0000] {processor.py:836} INFO - DAG(s) dict_keys(['toronto_real_estate_etl']) retrieved from /opt/airflow/dags/etl.py
[2023-08-02T09:18:25.258+0000] {logging_mixin.py:150} INFO - [2023-08-02T09:18:25.256+0000] {dag.py:2742} INFO - Sync 1 DAGs
[2023-08-02T09:18:25.287+0000] {processor.py:179} INFO - Processing /opt/airflow/dags/etl.py took 0.191 seconds
[2023-08-02T09:18:55.422+0000] {processor.py:157} INFO - Started process (PID=180) to work on /opt/airflow/dags/etl.py
[2023-08-02T09:18:55.422+0000] {processor.py:826} INFO - Processing file /opt/airflow/dags/etl.py for tasks to queue
[2023-08-02T09:18:55.423+0000] {logging_mixin.py:150} INFO - [2023-08-02T09:18:55.423+0000] {dagbag.py:541} INFO - Filling up the DagBag from /opt/airflow/dags/etl.py
[2023-08-02T09:18:55.550+0000] {processor.py:836} INFO - DAG(s) dict_keys(['toronto_real_estate_etl']) retrieved from /opt/airflow/dags/etl.py
[2023-08-02T09:18:55.571+0000] {logging_mixin.py:150} INFO - [2023-08-02T09:18:55.571+0000] {dag.py:2742} INFO - Sync 1 DAGs
[2023-08-02T09:18:55.603+0000] {processor.py:179} INFO - Processing /opt/airflow/dags/etl.py took 0.184 seconds
[2023-08-02T09:19:25.733+0000] {processor.py:157} INFO - Started process (PID=190) to work on /opt/airflow/dags/etl.py
[2023-08-02T09:19:25.735+0000] {processor.py:826} INFO - Processing file /opt/airflow/dags/etl.py for tasks to queue
[2023-08-02T09:19:25.736+0000] {logging_mixin.py:150} INFO - [2023-08-02T09:19:25.736+0000] {dagbag.py:541} INFO - Filling up the DagBag from /opt/airflow/dags/etl.py
[2023-08-02T09:19:25.872+0000] {processor.py:836} INFO - DAG(s) dict_keys(['toronto_real_estate_etl']) retrieved from /opt/airflow/dags/etl.py
[2023-08-02T09:19:25.894+0000] {logging_mixin.py:150} INFO - [2023-08-02T09:19:25.893+0000] {dag.py:2742} INFO - Sync 1 DAGs
[2023-08-02T09:19:25.911+0000] {logging_mixin.py:150} INFO - [2023-08-02T09:19:25.911+0000] {dag.py:3508} INFO - Setting next_dagrun for toronto_real_estate_etl to 2023-08-01T00:00:00+00:00, run_after=2023-08-02T00:00:00+00:00
[2023-08-02T09:19:25.925+0000] {processor.py:179} INFO - Processing /opt/airflow/dags/etl.py took 0.195 seconds
[2023-08-02T09:19:56.050+0000] {processor.py:157} INFO - Started process (PID=201) to work on /opt/airflow/dags/etl.py
[2023-08-02T09:19:56.050+0000] {processor.py:826} INFO - Processing file /opt/airflow/dags/etl.py for tasks to queue
[2023-08-02T09:19:56.051+0000] {logging_mixin.py:150} INFO - [2023-08-02T09:19:56.051+0000] {dagbag.py:541} INFO - Filling up the DagBag from /opt/airflow/dags/etl.py
[2023-08-02T09:19:56.176+0000] {processor.py:836} INFO - DAG(s) dict_keys(['toronto_real_estate_etl']) retrieved from /opt/airflow/dags/etl.py
[2023-08-02T09:19:56.198+0000] {logging_mixin.py:150} INFO - [2023-08-02T09:19:56.198+0000] {dag.py:2742} INFO - Sync 1 DAGs
[2023-08-02T09:19:56.230+0000] {processor.py:179} INFO - Processing /opt/airflow/dags/etl.py took 0.184 seconds
[2023-08-02T09:20:26.358+0000] {processor.py:157} INFO - Started process (PID=211) to work on /opt/airflow/dags/etl.py
[2023-08-02T09:20:26.368+0000] {processor.py:826} INFO - Processing file /opt/airflow/dags/etl.py for tasks to queue
[2023-08-02T09:20:26.369+0000] {logging_mixin.py:150} INFO - [2023-08-02T09:20:26.368+0000] {dagbag.py:541} INFO - Filling up the DagBag from /opt/airflow/dags/etl.py
[2023-08-02T09:20:26.505+0000] {processor.py:836} INFO - DAG(s) dict_keys(['toronto_real_estate_etl']) retrieved from /opt/airflow/dags/etl.py
[2023-08-02T09:20:26.535+0000] {logging_mixin.py:150} INFO - [2023-08-02T09:20:26.534+0000] {dag.py:2742} INFO - Sync 1 DAGs
[2023-08-02T09:20:26.570+0000] {processor.py:179} INFO - Processing /opt/airflow/dags/etl.py took 0.215 seconds
[2023-08-02T09:20:56.685+0000] {processor.py:157} INFO - Started process (PID=221) to work on /opt/airflow/dags/etl.py
[2023-08-02T09:20:56.685+0000] {processor.py:826} INFO - Processing file /opt/airflow/dags/etl.py for tasks to queue
[2023-08-02T09:20:56.686+0000] {logging_mixin.py:150} INFO - [2023-08-02T09:20:56.685+0000] {dagbag.py:541} INFO - Filling up the DagBag from /opt/airflow/dags/etl.py
[2023-08-02T09:20:56.820+0000] {processor.py:836} INFO - DAG(s) dict_keys(['toronto_real_estate_etl']) retrieved from /opt/airflow/dags/etl.py
[2023-08-02T09:20:56.844+0000] {logging_mixin.py:150} INFO - [2023-08-02T09:20:56.843+0000] {dag.py:2742} INFO - Sync 1 DAGs
[2023-08-02T09:20:56.862+0000] {logging_mixin.py:150} INFO - [2023-08-02T09:20:56.862+0000] {dag.py:3508} INFO - Setting next_dagrun for toronto_real_estate_etl to 2023-08-01T00:00:00+00:00, run_after=2023-08-02T00:00:00+00:00
[2023-08-02T09:20:56.877+0000] {processor.py:179} INFO - Processing /opt/airflow/dags/etl.py took 0.195 seconds
[2023-08-02T09:21:26.999+0000] {processor.py:157} INFO - Started process (PID=231) to work on /opt/airflow/dags/etl.py
[2023-08-02T09:21:27.002+0000] {processor.py:826} INFO - Processing file /opt/airflow/dags/etl.py for tasks to queue
[2023-08-02T09:21:27.003+0000] {logging_mixin.py:150} INFO - [2023-08-02T09:21:27.003+0000] {dagbag.py:541} INFO - Filling up the DagBag from /opt/airflow/dags/etl.py
[2023-08-02T09:21:27.123+0000] {processor.py:836} INFO - DAG(s) dict_keys(['toronto_real_estate_etl']) retrieved from /opt/airflow/dags/etl.py
[2023-08-02T09:21:27.146+0000] {logging_mixin.py:150} INFO - [2023-08-02T09:21:27.145+0000] {dag.py:2742} INFO - Sync 1 DAGs
[2023-08-02T09:21:27.165+0000] {logging_mixin.py:150} INFO - [2023-08-02T09:21:27.165+0000] {dag.py:3508} INFO - Setting next_dagrun for toronto_real_estate_etl to 2023-08-01T00:00:00+00:00, run_after=2023-08-02T00:00:00+00:00
[2023-08-02T09:21:27.178+0000] {processor.py:179} INFO - Processing /opt/airflow/dags/etl.py took 0.182 seconds
[2023-08-02T09:21:57.283+0000] {processor.py:157} INFO - Started process (PID=241) to work on /opt/airflow/dags/etl.py
[2023-08-02T09:21:57.283+0000] {processor.py:826} INFO - Processing file /opt/airflow/dags/etl.py for tasks to queue
[2023-08-02T09:21:57.284+0000] {logging_mixin.py:150} INFO - [2023-08-02T09:21:57.284+0000] {dagbag.py:541} INFO - Filling up the DagBag from /opt/airflow/dags/etl.py
[2023-08-02T09:21:57.402+0000] {processor.py:836} INFO - DAG(s) dict_keys(['toronto_real_estate_etl']) retrieved from /opt/airflow/dags/etl.py
[2023-08-02T09:21:57.425+0000] {logging_mixin.py:150} INFO - [2023-08-02T09:21:57.424+0000] {dag.py:2742} INFO - Sync 1 DAGs
[2023-08-02T09:21:57.442+0000] {logging_mixin.py:150} INFO - [2023-08-02T09:21:57.442+0000] {dag.py:3508} INFO - Setting next_dagrun for toronto_real_estate_etl to 2023-08-01T00:00:00+00:00, run_after=2023-08-02T00:00:00+00:00
[2023-08-02T09:21:57.454+0000] {processor.py:179} INFO - Processing /opt/airflow/dags/etl.py took 0.174 seconds
[2023-08-02T09:22:27.573+0000] {processor.py:157} INFO - Started process (PID=251) to work on /opt/airflow/dags/etl.py
[2023-08-02T09:22:27.575+0000] {processor.py:826} INFO - Processing file /opt/airflow/dags/etl.py for tasks to queue
[2023-08-02T09:22:27.575+0000] {logging_mixin.py:150} INFO - [2023-08-02T09:22:27.575+0000] {dagbag.py:541} INFO - Filling up the DagBag from /opt/airflow/dags/etl.py
[2023-08-02T09:22:27.700+0000] {processor.py:836} INFO - DAG(s) dict_keys(['toronto_real_estate_etl']) retrieved from /opt/airflow/dags/etl.py
[2023-08-02T09:22:27.723+0000] {logging_mixin.py:150} INFO - [2023-08-02T09:22:27.723+0000] {dag.py:2742} INFO - Sync 1 DAGs
[2023-08-02T09:22:27.742+0000] {logging_mixin.py:150} INFO - [2023-08-02T09:22:27.742+0000] {dag.py:3508} INFO - Setting next_dagrun for toronto_real_estate_etl to 2023-08-01T00:00:00+00:00, run_after=2023-08-02T00:00:00+00:00
[2023-08-02T09:22:27.754+0000] {processor.py:179} INFO - Processing /opt/airflow/dags/etl.py took 0.183 seconds
[2023-08-02T09:22:52.851+0000] {processor.py:157} INFO - Started process (PID=262) to work on /opt/airflow/dags/etl.py
[2023-08-02T09:22:52.852+0000] {processor.py:826} INFO - Processing file /opt/airflow/dags/etl.py for tasks to queue
[2023-08-02T09:22:52.852+0000] {logging_mixin.py:150} INFO - [2023-08-02T09:22:52.852+0000] {dagbag.py:541} INFO - Filling up the DagBag from /opt/airflow/dags/etl.py
[2023-08-02T09:22:52.973+0000] {processor.py:836} INFO - DAG(s) dict_keys(['toronto_real_estate_etl']) retrieved from /opt/airflow/dags/etl.py
[2023-08-02T09:22:53.069+0000] {logging_mixin.py:150} INFO - [2023-08-02T09:22:53.069+0000] {dag.py:2742} INFO - Sync 1 DAGs
[2023-08-02T09:22:53.084+0000] {logging_mixin.py:150} INFO - [2023-08-02T09:22:53.084+0000] {dag.py:3508} INFO - Setting next_dagrun for toronto_real_estate_etl to 2023-08-02T00:00:00+00:00, run_after=2023-08-03T00:00:00+00:00
[2023-08-02T09:22:53.101+0000] {processor.py:179} INFO - Processing /opt/airflow/dags/etl.py took 0.251 seconds
[2023-08-02T09:23:24.002+0000] {processor.py:157} INFO - Started process (PID=272) to work on /opt/airflow/dags/etl.py
[2023-08-02T09:23:24.004+0000] {processor.py:826} INFO - Processing file /opt/airflow/dags/etl.py for tasks to queue
[2023-08-02T09:23:24.004+0000] {logging_mixin.py:150} INFO - [2023-08-02T09:23:24.004+0000] {dagbag.py:541} INFO - Filling up the DagBag from /opt/airflow/dags/etl.py
[2023-08-02T09:23:24.140+0000] {processor.py:836} INFO - DAG(s) dict_keys(['toronto_real_estate_etl']) retrieved from /opt/airflow/dags/etl.py
[2023-08-02T09:23:24.165+0000] {logging_mixin.py:150} INFO - [2023-08-02T09:23:24.165+0000] {dag.py:2742} INFO - Sync 1 DAGs
[2023-08-02T09:23:24.187+0000] {logging_mixin.py:150} INFO - [2023-08-02T09:23:24.187+0000] {dag.py:3508} INFO - Setting next_dagrun for toronto_real_estate_etl to 2023-08-02T00:00:00+00:00, run_after=2023-08-03T00:00:00+00:00
[2023-08-02T09:23:24.199+0000] {processor.py:179} INFO - Processing /opt/airflow/dags/etl.py took 0.200 seconds
[2023-08-02T09:23:50.246+0000] {processor.py:157} INFO - Started process (PID=282) to work on /opt/airflow/dags/etl.py
[2023-08-02T09:23:50.247+0000] {processor.py:826} INFO - Processing file /opt/airflow/dags/etl.py for tasks to queue
[2023-08-02T09:23:50.248+0000] {logging_mixin.py:150} INFO - [2023-08-02T09:23:50.247+0000] {dagbag.py:541} INFO - Filling up the DagBag from /opt/airflow/dags/etl.py
[2023-08-02T09:23:50.406+0000] {processor.py:836} INFO - DAG(s) dict_keys(['toronto_real_estate_etl']) retrieved from /opt/airflow/dags/etl.py
[2023-08-02T09:23:50.439+0000] {logging_mixin.py:150} INFO - [2023-08-02T09:23:50.438+0000] {dag.py:2742} INFO - Sync 1 DAGs
[2023-08-02T09:23:50.468+0000] {logging_mixin.py:150} INFO - [2023-08-02T09:23:50.468+0000] {dag.py:3508} INFO - Setting next_dagrun for toronto_real_estate_etl to 2023-08-02T00:00:00+00:00, run_after=2023-08-03T00:00:00+00:00
[2023-08-02T09:23:50.493+0000] {processor.py:179} INFO - Processing /opt/airflow/dags/etl.py took 0.249 seconds
[2023-08-02T09:24:20.597+0000] {processor.py:157} INFO - Started process (PID=292) to work on /opt/airflow/dags/etl.py
[2023-08-02T09:24:20.599+0000] {processor.py:826} INFO - Processing file /opt/airflow/dags/etl.py for tasks to queue
[2023-08-02T09:24:20.599+0000] {logging_mixin.py:150} INFO - [2023-08-02T09:24:20.599+0000] {dagbag.py:541} INFO - Filling up the DagBag from /opt/airflow/dags/etl.py
[2023-08-02T09:24:20.726+0000] {processor.py:836} INFO - DAG(s) dict_keys(['toronto_real_estate_etl']) retrieved from /opt/airflow/dags/etl.py
[2023-08-02T09:24:20.748+0000] {logging_mixin.py:150} INFO - [2023-08-02T09:24:20.748+0000] {dag.py:2742} INFO - Sync 1 DAGs
[2023-08-02T09:24:20.785+0000] {processor.py:179} INFO - Processing /opt/airflow/dags/etl.py took 0.190 seconds
[2023-08-02T09:24:50.882+0000] {processor.py:157} INFO - Started process (PID=302) to work on /opt/airflow/dags/etl.py
[2023-08-02T09:24:50.883+0000] {processor.py:826} INFO - Processing file /opt/airflow/dags/etl.py for tasks to queue
[2023-08-02T09:24:50.884+0000] {logging_mixin.py:150} INFO - [2023-08-02T09:24:50.884+0000] {dagbag.py:541} INFO - Filling up the DagBag from /opt/airflow/dags/etl.py
[2023-08-02T09:24:51.004+0000] {processor.py:836} INFO - DAG(s) dict_keys(['toronto_real_estate_etl']) retrieved from /opt/airflow/dags/etl.py
[2023-08-02T09:24:51.026+0000] {logging_mixin.py:150} INFO - [2023-08-02T09:24:51.025+0000] {dag.py:2742} INFO - Sync 1 DAGs
[2023-08-02T09:24:51.055+0000] {processor.py:179} INFO - Processing /opt/airflow/dags/etl.py took 0.175 seconds
[2023-08-02T09:25:21.138+0000] {processor.py:157} INFO - Started process (PID=311) to work on /opt/airflow/dags/etl.py
[2023-08-02T09:25:21.148+0000] {processor.py:826} INFO - Processing file /opt/airflow/dags/etl.py for tasks to queue
[2023-08-02T09:25:21.148+0000] {logging_mixin.py:150} INFO - [2023-08-02T09:25:21.148+0000] {dagbag.py:541} INFO - Filling up the DagBag from /opt/airflow/dags/etl.py
[2023-08-02T09:25:21.268+0000] {processor.py:836} INFO - DAG(s) dict_keys(['toronto_real_estate_etl']) retrieved from /opt/airflow/dags/etl.py
[2023-08-02T09:25:21.289+0000] {logging_mixin.py:150} INFO - [2023-08-02T09:25:21.288+0000] {dag.py:2742} INFO - Sync 1 DAGs
[2023-08-02T09:25:21.320+0000] {processor.py:179} INFO - Processing /opt/airflow/dags/etl.py took 0.184 seconds
[2023-08-02T09:25:51.392+0000] {processor.py:157} INFO - Started process (PID=321) to work on /opt/airflow/dags/etl.py
[2023-08-02T09:25:51.392+0000] {processor.py:826} INFO - Processing file /opt/airflow/dags/etl.py for tasks to queue
[2023-08-02T09:25:51.393+0000] {logging_mixin.py:150} INFO - [2023-08-02T09:25:51.393+0000] {dagbag.py:541} INFO - Filling up the DagBag from /opt/airflow/dags/etl.py
[2023-08-02T09:25:51.510+0000] {processor.py:836} INFO - DAG(s) dict_keys(['toronto_real_estate_etl']) retrieved from /opt/airflow/dags/etl.py
[2023-08-02T09:25:51.531+0000] {logging_mixin.py:150} INFO - [2023-08-02T09:25:51.530+0000] {dag.py:2742} INFO - Sync 1 DAGs
[2023-08-02T09:25:51.559+0000] {processor.py:179} INFO - Processing /opt/airflow/dags/etl.py took 0.169 seconds
[2023-08-02T09:26:21.622+0000] {processor.py:157} INFO - Started process (PID=330) to work on /opt/airflow/dags/etl.py
[2023-08-02T09:26:21.624+0000] {processor.py:826} INFO - Processing file /opt/airflow/dags/etl.py for tasks to queue
[2023-08-02T09:26:21.624+0000] {logging_mixin.py:150} INFO - [2023-08-02T09:26:21.624+0000] {dagbag.py:541} INFO - Filling up the DagBag from /opt/airflow/dags/etl.py
[2023-08-02T09:26:21.742+0000] {processor.py:836} INFO - DAG(s) dict_keys(['toronto_real_estate_etl']) retrieved from /opt/airflow/dags/etl.py
[2023-08-02T09:26:21.762+0000] {logging_mixin.py:150} INFO - [2023-08-02T09:26:21.762+0000] {dag.py:2742} INFO - Sync 1 DAGs
[2023-08-02T09:26:21.790+0000] {processor.py:179} INFO - Processing /opt/airflow/dags/etl.py took 0.171 seconds
[2023-08-02T09:26:51.868+0000] {processor.py:157} INFO - Started process (PID=340) to work on /opt/airflow/dags/etl.py
[2023-08-02T09:26:51.869+0000] {processor.py:826} INFO - Processing file /opt/airflow/dags/etl.py for tasks to queue
[2023-08-02T09:26:51.869+0000] {logging_mixin.py:150} INFO - [2023-08-02T09:26:51.869+0000] {dagbag.py:541} INFO - Filling up the DagBag from /opt/airflow/dags/etl.py
[2023-08-02T09:26:51.987+0000] {processor.py:836} INFO - DAG(s) dict_keys(['toronto_real_estate_etl']) retrieved from /opt/airflow/dags/etl.py
[2023-08-02T09:26:52.009+0000] {logging_mixin.py:150} INFO - [2023-08-02T09:26:52.009+0000] {dag.py:2742} INFO - Sync 1 DAGs
[2023-08-02T09:26:52.037+0000] {processor.py:179} INFO - Processing /opt/airflow/dags/etl.py took 0.171 seconds
[2023-08-02T09:27:22.116+0000] {processor.py:157} INFO - Started process (PID=350) to work on /opt/airflow/dags/etl.py
[2023-08-02T09:27:22.126+0000] {processor.py:826} INFO - Processing file /opt/airflow/dags/etl.py for tasks to queue
[2023-08-02T09:27:22.126+0000] {logging_mixin.py:150} INFO - [2023-08-02T09:27:22.126+0000] {dagbag.py:541} INFO - Filling up the DagBag from /opt/airflow/dags/etl.py
[2023-08-02T09:27:22.243+0000] {processor.py:836} INFO - DAG(s) dict_keys(['toronto_real_estate_etl']) retrieved from /opt/airflow/dags/etl.py
[2023-08-02T09:27:22.264+0000] {logging_mixin.py:150} INFO - [2023-08-02T09:27:22.264+0000] {dag.py:2742} INFO - Sync 1 DAGs
[2023-08-02T09:27:22.294+0000] {processor.py:179} INFO - Processing /opt/airflow/dags/etl.py took 0.179 seconds
[2023-08-02T09:27:52.352+0000] {processor.py:157} INFO - Started process (PID=360) to work on /opt/airflow/dags/etl.py
[2023-08-02T09:27:52.353+0000] {processor.py:826} INFO - Processing file /opt/airflow/dags/etl.py for tasks to queue
[2023-08-02T09:27:52.353+0000] {logging_mixin.py:150} INFO - [2023-08-02T09:27:52.353+0000] {dagbag.py:541} INFO - Filling up the DagBag from /opt/airflow/dags/etl.py
[2023-08-02T09:27:52.475+0000] {processor.py:836} INFO - DAG(s) dict_keys(['toronto_real_estate_etl']) retrieved from /opt/airflow/dags/etl.py
[2023-08-02T09:27:52.498+0000] {logging_mixin.py:150} INFO - [2023-08-02T09:27:52.498+0000] {dag.py:2742} INFO - Sync 1 DAGs
[2023-08-02T09:27:52.528+0000] {processor.py:179} INFO - Processing /opt/airflow/dags/etl.py took 0.178 seconds
[2023-08-02T09:28:22.585+0000] {processor.py:157} INFO - Started process (PID=370) to work on /opt/airflow/dags/etl.py
[2023-08-02T09:28:22.586+0000] {processor.py:826} INFO - Processing file /opt/airflow/dags/etl.py for tasks to queue
[2023-08-02T09:28:22.587+0000] {logging_mixin.py:150} INFO - [2023-08-02T09:28:22.587+0000] {dagbag.py:541} INFO - Filling up the DagBag from /opt/airflow/dags/etl.py
[2023-08-02T09:28:22.734+0000] {processor.py:836} INFO - DAG(s) dict_keys(['toronto_real_estate_etl']) retrieved from /opt/airflow/dags/etl.py
[2023-08-02T09:28:22.759+0000] {logging_mixin.py:150} INFO - [2023-08-02T09:28:22.759+0000] {dag.py:2742} INFO - Sync 1 DAGs
[2023-08-02T09:28:22.973+0000] {processor.py:179} INFO - Processing /opt/airflow/dags/etl.py took 0.390 seconds
[2023-08-02T09:28:53.741+0000] {processor.py:157} INFO - Started process (PID=380) to work on /opt/airflow/dags/etl.py
[2023-08-02T09:28:53.741+0000] {processor.py:826} INFO - Processing file /opt/airflow/dags/etl.py for tasks to queue
[2023-08-02T09:28:53.742+0000] {logging_mixin.py:150} INFO - [2023-08-02T09:28:53.742+0000] {dagbag.py:541} INFO - Filling up the DagBag from /opt/airflow/dags/etl.py
[2023-08-02T09:28:53.869+0000] {processor.py:836} INFO - DAG(s) dict_keys(['toronto_real_estate_etl']) retrieved from /opt/airflow/dags/etl.py
[2023-08-02T09:28:53.890+0000] {logging_mixin.py:150} INFO - [2023-08-02T09:28:53.890+0000] {dag.py:2742} INFO - Sync 1 DAGs
[2023-08-02T09:28:53.920+0000] {processor.py:179} INFO - Processing /opt/airflow/dags/etl.py took 0.182 seconds
[2023-08-02T09:29:24.021+0000] {processor.py:157} INFO - Started process (PID=390) to work on /opt/airflow/dags/etl.py
[2023-08-02T09:29:24.022+0000] {processor.py:826} INFO - Processing file /opt/airflow/dags/etl.py for tasks to queue
[2023-08-02T09:29:24.023+0000] {logging_mixin.py:150} INFO - [2023-08-02T09:29:24.023+0000] {dagbag.py:541} INFO - Filling up the DagBag from /opt/airflow/dags/etl.py
[2023-08-02T09:29:24.141+0000] {processor.py:836} INFO - DAG(s) dict_keys(['toronto_real_estate_etl']) retrieved from /opt/airflow/dags/etl.py
[2023-08-02T09:29:24.162+0000] {logging_mixin.py:150} INFO - [2023-08-02T09:29:24.162+0000] {dag.py:2742} INFO - Sync 1 DAGs
[2023-08-02T09:29:24.270+0000] {processor.py:179} INFO - Processing /opt/airflow/dags/etl.py took 0.251 seconds
[2023-08-02T09:29:54.392+0000] {processor.py:157} INFO - Started process (PID=400) to work on /opt/airflow/dags/etl.py
[2023-08-02T09:29:54.393+0000] {processor.py:826} INFO - Processing file /opt/airflow/dags/etl.py for tasks to queue
[2023-08-02T09:29:54.393+0000] {logging_mixin.py:150} INFO - [2023-08-02T09:29:54.393+0000] {dagbag.py:541} INFO - Filling up the DagBag from /opt/airflow/dags/etl.py
[2023-08-02T09:29:54.512+0000] {processor.py:836} INFO - DAG(s) dict_keys(['toronto_real_estate_etl']) retrieved from /opt/airflow/dags/etl.py
[2023-08-02T09:29:54.535+0000] {logging_mixin.py:150} INFO - [2023-08-02T09:29:54.534+0000] {dag.py:2742} INFO - Sync 1 DAGs
[2023-08-02T09:29:54.551+0000] {logging_mixin.py:150} INFO - [2023-08-02T09:29:54.551+0000] {dag.py:3508} INFO - Setting next_dagrun for toronto_real_estate_etl to 2023-08-02T00:00:00+00:00, run_after=2023-08-03T00:00:00+00:00
[2023-08-02T09:29:54.564+0000] {processor.py:179} INFO - Processing /opt/airflow/dags/etl.py took 0.174 seconds
[2023-08-02T09:30:24.634+0000] {processor.py:157} INFO - Started process (PID=410) to work on /opt/airflow/dags/etl.py
[2023-08-02T09:30:24.635+0000] {processor.py:826} INFO - Processing file /opt/airflow/dags/etl.py for tasks to queue
[2023-08-02T09:30:24.635+0000] {logging_mixin.py:150} INFO - [2023-08-02T09:30:24.635+0000] {dagbag.py:541} INFO - Filling up the DagBag from /opt/airflow/dags/etl.py
[2023-08-02T09:30:24.761+0000] {processor.py:836} INFO - DAG(s) dict_keys(['toronto_real_estate_etl']) retrieved from /opt/airflow/dags/etl.py
[2023-08-02T09:30:24.784+0000] {logging_mixin.py:150} INFO - [2023-08-02T09:30:24.783+0000] {dag.py:2742} INFO - Sync 1 DAGs
[2023-08-02T09:30:24.878+0000] {logging_mixin.py:150} INFO - [2023-08-02T09:30:24.878+0000] {dag.py:3508} INFO - Setting next_dagrun for toronto_real_estate_etl to 2023-08-02T00:00:00+00:00, run_after=2023-08-03T00:00:00+00:00
[2023-08-02T09:30:24.891+0000] {processor.py:179} INFO - Processing /opt/airflow/dags/etl.py took 0.260 seconds
[2023-08-02T09:30:55.789+0000] {processor.py:157} INFO - Started process (PID=420) to work on /opt/airflow/dags/etl.py
[2023-08-02T09:30:55.790+0000] {processor.py:826} INFO - Processing file /opt/airflow/dags/etl.py for tasks to queue
[2023-08-02T09:30:55.791+0000] {logging_mixin.py:150} INFO - [2023-08-02T09:30:55.790+0000] {dagbag.py:541} INFO - Filling up the DagBag from /opt/airflow/dags/etl.py
[2023-08-02T09:30:55.917+0000] {processor.py:836} INFO - DAG(s) dict_keys(['toronto_real_estate_etl']) retrieved from /opt/airflow/dags/etl.py
[2023-08-02T09:30:55.939+0000] {logging_mixin.py:150} INFO - [2023-08-02T09:30:55.939+0000] {dag.py:2742} INFO - Sync 1 DAGs
[2023-08-02T09:30:55.956+0000] {logging_mixin.py:150} INFO - [2023-08-02T09:30:55.956+0000] {dag.py:3508} INFO - Setting next_dagrun for toronto_real_estate_etl to 2023-08-02T00:00:00+00:00, run_after=2023-08-03T00:00:00+00:00
[2023-08-02T09:30:55.969+0000] {processor.py:179} INFO - Processing /opt/airflow/dags/etl.py took 0.183 seconds
[2023-08-02T09:31:26.033+0000] {processor.py:157} INFO - Started process (PID=430) to work on /opt/airflow/dags/etl.py
[2023-08-02T09:31:26.036+0000] {processor.py:826} INFO - Processing file /opt/airflow/dags/etl.py for tasks to queue
[2023-08-02T09:31:26.037+0000] {logging_mixin.py:150} INFO - [2023-08-02T09:31:26.037+0000] {dagbag.py:541} INFO - Filling up the DagBag from /opt/airflow/dags/etl.py
[2023-08-02T09:31:26.154+0000] {processor.py:836} INFO - DAG(s) dict_keys(['toronto_real_estate_etl']) retrieved from /opt/airflow/dags/etl.py
[2023-08-02T09:31:26.174+0000] {logging_mixin.py:150} INFO - [2023-08-02T09:31:26.173+0000] {dag.py:2742} INFO - Sync 1 DAGs
[2023-08-02T09:31:26.261+0000] {logging_mixin.py:150} INFO - [2023-08-02T09:31:26.261+0000] {dag.py:3508} INFO - Setting next_dagrun for toronto_real_estate_etl to 2023-08-02T00:00:00+00:00, run_after=2023-08-03T00:00:00+00:00
[2023-08-02T09:31:26.274+0000] {processor.py:179} INFO - Processing /opt/airflow/dags/etl.py took 0.244 seconds
[2023-08-02T09:31:56.395+0000] {processor.py:157} INFO - Started process (PID=440) to work on /opt/airflow/dags/etl.py
[2023-08-02T09:31:56.396+0000] {processor.py:826} INFO - Processing file /opt/airflow/dags/etl.py for tasks to queue
[2023-08-02T09:31:56.396+0000] {logging_mixin.py:150} INFO - [2023-08-02T09:31:56.396+0000] {dagbag.py:541} INFO - Filling up the DagBag from /opt/airflow/dags/etl.py
[2023-08-02T09:31:56.542+0000] {processor.py:836} INFO - DAG(s) dict_keys(['toronto_real_estate_etl']) retrieved from /opt/airflow/dags/etl.py
[2023-08-02T09:31:56.568+0000] {logging_mixin.py:150} INFO - [2023-08-02T09:31:56.568+0000] {dag.py:2742} INFO - Sync 1 DAGs
[2023-08-02T09:31:56.587+0000] {logging_mixin.py:150} INFO - [2023-08-02T09:31:56.587+0000] {dag.py:3508} INFO - Setting next_dagrun for toronto_real_estate_etl to 2023-08-02T00:00:00+00:00, run_after=2023-08-03T00:00:00+00:00
[2023-08-02T09:31:56.602+0000] {processor.py:179} INFO - Processing /opt/airflow/dags/etl.py took 0.211 seconds
[2023-08-02T09:32:26.655+0000] {processor.py:157} INFO - Started process (PID=450) to work on /opt/airflow/dags/etl.py
[2023-08-02T09:32:26.656+0000] {processor.py:826} INFO - Processing file /opt/airflow/dags/etl.py for tasks to queue
[2023-08-02T09:32:26.657+0000] {logging_mixin.py:150} INFO - [2023-08-02T09:32:26.657+0000] {dagbag.py:541} INFO - Filling up the DagBag from /opt/airflow/dags/etl.py
[2023-08-02T09:32:26.799+0000] {processor.py:836} INFO - DAG(s) dict_keys(['toronto_real_estate_etl']) retrieved from /opt/airflow/dags/etl.py
[2023-08-02T09:32:26.825+0000] {logging_mixin.py:150} INFO - [2023-08-02T09:32:26.825+0000] {dag.py:2742} INFO - Sync 1 DAGs
[2023-08-02T09:32:26.933+0000] {logging_mixin.py:150} INFO - [2023-08-02T09:32:26.933+0000] {dag.py:3508} INFO - Setting next_dagrun for toronto_real_estate_etl to 2023-08-02T00:00:00+00:00, run_after=2023-08-03T00:00:00+00:00
[2023-08-02T09:32:26.956+0000] {processor.py:179} INFO - Processing /opt/airflow/dags/etl.py took 0.304 seconds
[2023-08-02T09:32:57.810+0000] {processor.py:157} INFO - Started process (PID=460) to work on /opt/airflow/dags/etl.py
[2023-08-02T09:32:57.811+0000] {processor.py:826} INFO - Processing file /opt/airflow/dags/etl.py for tasks to queue
[2023-08-02T09:32:57.812+0000] {logging_mixin.py:150} INFO - [2023-08-02T09:32:57.811+0000] {dagbag.py:541} INFO - Filling up the DagBag from /opt/airflow/dags/etl.py
[2023-08-02T09:32:57.931+0000] {processor.py:836} INFO - DAG(s) dict_keys(['toronto_real_estate_etl']) retrieved from /opt/airflow/dags/etl.py
[2023-08-02T09:32:57.953+0000] {logging_mixin.py:150} INFO - [2023-08-02T09:32:57.953+0000] {dag.py:2742} INFO - Sync 1 DAGs
[2023-08-02T09:32:57.969+0000] {logging_mixin.py:150} INFO - [2023-08-02T09:32:57.969+0000] {dag.py:3508} INFO - Setting next_dagrun for toronto_real_estate_etl to 2023-08-02T00:00:00+00:00, run_after=2023-08-03T00:00:00+00:00
[2023-08-02T09:32:57.984+0000] {processor.py:179} INFO - Processing /opt/airflow/dags/etl.py took 0.176 seconds
[2023-08-02T09:33:28.050+0000] {processor.py:157} INFO - Started process (PID=470) to work on /opt/airflow/dags/etl.py
[2023-08-02T09:33:28.051+0000] {processor.py:826} INFO - Processing file /opt/airflow/dags/etl.py for tasks to queue
[2023-08-02T09:33:28.052+0000] {logging_mixin.py:150} INFO - [2023-08-02T09:33:28.052+0000] {dagbag.py:541} INFO - Filling up the DagBag from /opt/airflow/dags/etl.py
[2023-08-02T09:33:28.171+0000] {processor.py:836} INFO - DAG(s) dict_keys(['toronto_real_estate_etl']) retrieved from /opt/airflow/dags/etl.py
[2023-08-02T09:33:28.194+0000] {logging_mixin.py:150} INFO - [2023-08-02T09:33:28.194+0000] {dag.py:2742} INFO - Sync 1 DAGs
[2023-08-02T09:33:28.296+0000] {logging_mixin.py:150} INFO - [2023-08-02T09:33:28.296+0000] {dag.py:3508} INFO - Setting next_dagrun for toronto_real_estate_etl to 2023-08-02T00:00:00+00:00, run_after=2023-08-03T00:00:00+00:00
[2023-08-02T09:33:28.318+0000] {processor.py:179} INFO - Processing /opt/airflow/dags/etl.py took 0.270 seconds
[2023-08-02T09:33:58.372+0000] {processor.py:157} INFO - Started process (PID=480) to work on /opt/airflow/dags/etl.py
[2023-08-02T09:33:58.372+0000] {processor.py:826} INFO - Processing file /opt/airflow/dags/etl.py for tasks to queue
[2023-08-02T09:33:58.373+0000] {logging_mixin.py:150} INFO - [2023-08-02T09:33:58.373+0000] {dagbag.py:541} INFO - Filling up the DagBag from /opt/airflow/dags/etl.py
[2023-08-02T09:33:58.492+0000] {processor.py:836} INFO - DAG(s) dict_keys(['toronto_real_estate_etl']) retrieved from /opt/airflow/dags/etl.py
[2023-08-02T09:33:58.512+0000] {logging_mixin.py:150} INFO - [2023-08-02T09:33:58.512+0000] {dag.py:2742} INFO - Sync 1 DAGs
[2023-08-02T09:33:58.529+0000] {logging_mixin.py:150} INFO - [2023-08-02T09:33:58.529+0000] {dag.py:3508} INFO - Setting next_dagrun for toronto_real_estate_etl to 2023-08-02T00:00:00+00:00, run_after=2023-08-03T00:00:00+00:00
[2023-08-02T09:33:58.542+0000] {processor.py:179} INFO - Processing /opt/airflow/dags/etl.py took 0.173 seconds
[2023-08-02T09:34:28.603+0000] {processor.py:157} INFO - Started process (PID=490) to work on /opt/airflow/dags/etl.py
[2023-08-02T09:34:28.605+0000] {processor.py:826} INFO - Processing file /opt/airflow/dags/etl.py for tasks to queue
[2023-08-02T09:34:28.606+0000] {logging_mixin.py:150} INFO - [2023-08-02T09:34:28.606+0000] {dagbag.py:541} INFO - Filling up the DagBag from /opt/airflow/dags/etl.py
[2023-08-02T09:34:28.797+0000] {processor.py:836} INFO - DAG(s) dict_keys(['toronto_real_estate_etl']) retrieved from /opt/airflow/dags/etl.py
[2023-08-02T09:34:28.816+0000] {logging_mixin.py:150} INFO - [2023-08-02T09:34:28.816+0000] {dag.py:2742} INFO - Sync 1 DAGs
[2023-08-02T09:34:28.831+0000] {logging_mixin.py:150} INFO - [2023-08-02T09:34:28.831+0000] {dag.py:3508} INFO - Setting next_dagrun for toronto_real_estate_etl to 2023-08-02T00:00:00+00:00, run_after=2023-08-03T00:00:00+00:00
[2023-08-02T09:34:28.845+0000] {processor.py:179} INFO - Processing /opt/airflow/dags/etl.py took 0.244 seconds
[2023-08-02T09:34:59.758+0000] {processor.py:157} INFO - Started process (PID=500) to work on /opt/airflow/dags/etl.py
[2023-08-02T09:34:59.759+0000] {processor.py:826} INFO - Processing file /opt/airflow/dags/etl.py for tasks to queue
[2023-08-02T09:34:59.759+0000] {logging_mixin.py:150} INFO - [2023-08-02T09:34:59.759+0000] {dagbag.py:541} INFO - Filling up the DagBag from /opt/airflow/dags/etl.py
[2023-08-02T09:34:59.877+0000] {processor.py:836} INFO - DAG(s) dict_keys(['toronto_real_estate_etl']) retrieved from /opt/airflow/dags/etl.py
[2023-08-02T09:34:59.970+0000] {logging_mixin.py:150} INFO - [2023-08-02T09:34:59.970+0000] {dag.py:2742} INFO - Sync 1 DAGs
[2023-08-02T09:34:59.984+0000] {logging_mixin.py:150} INFO - [2023-08-02T09:34:59.984+0000] {dag.py:3508} INFO - Setting next_dagrun for toronto_real_estate_etl to 2023-08-02T00:00:00+00:00, run_after=2023-08-03T00:00:00+00:00
[2023-08-02T09:35:00.004+0000] {processor.py:179} INFO - Processing /opt/airflow/dags/etl.py took 0.248 seconds
[2023-08-02T09:35:30.081+0000] {processor.py:157} INFO - Started process (PID=510) to work on /opt/airflow/dags/etl.py
[2023-08-02T09:35:30.090+0000] {processor.py:826} INFO - Processing file /opt/airflow/dags/etl.py for tasks to queue
[2023-08-02T09:35:30.091+0000] {logging_mixin.py:150} INFO - [2023-08-02T09:35:30.090+0000] {dagbag.py:541} INFO - Filling up the DagBag from /opt/airflow/dags/etl.py
[2023-08-02T09:35:30.286+0000] {processor.py:836} INFO - DAG(s) dict_keys(['toronto_real_estate_etl']) retrieved from /opt/airflow/dags/etl.py
[2023-08-02T09:35:30.305+0000] {logging_mixin.py:150} INFO - [2023-08-02T09:35:30.304+0000] {dag.py:2742} INFO - Sync 1 DAGs
[2023-08-02T09:35:30.320+0000] {logging_mixin.py:150} INFO - [2023-08-02T09:35:30.320+0000] {dag.py:3508} INFO - Setting next_dagrun for toronto_real_estate_etl to 2023-08-02T00:00:00+00:00, run_after=2023-08-03T00:00:00+00:00
[2023-08-02T09:35:30.342+0000] {processor.py:179} INFO - Processing /opt/airflow/dags/etl.py took 0.264 seconds
[2023-08-02T09:36:01.250+0000] {processor.py:157} INFO - Started process (PID=520) to work on /opt/airflow/dags/etl.py
[2023-08-02T09:36:01.252+0000] {processor.py:826} INFO - Processing file /opt/airflow/dags/etl.py for tasks to queue
[2023-08-02T09:36:01.252+0000] {logging_mixin.py:150} INFO - [2023-08-02T09:36:01.252+0000] {dagbag.py:541} INFO - Filling up the DagBag from /opt/airflow/dags/etl.py
[2023-08-02T09:36:01.409+0000] {processor.py:836} INFO - DAG(s) dict_keys(['toronto_real_estate_etl']) retrieved from /opt/airflow/dags/etl.py
[2023-08-02T09:36:01.510+0000] {logging_mixin.py:150} INFO - [2023-08-02T09:36:01.510+0000] {dag.py:2742} INFO - Sync 1 DAGs
[2023-08-02T09:36:01.526+0000] {logging_mixin.py:150} INFO - [2023-08-02T09:36:01.525+0000] {dag.py:3508} INFO - Setting next_dagrun for toronto_real_estate_etl to 2023-08-02T00:00:00+00:00, run_after=2023-08-03T00:00:00+00:00
[2023-08-02T09:36:01.546+0000] {processor.py:179} INFO - Processing /opt/airflow/dags/etl.py took 0.298 seconds
[2023-08-02T09:36:31.587+0000] {processor.py:157} INFO - Started process (PID=530) to work on /opt/airflow/dags/etl.py
[2023-08-02T09:36:31.588+0000] {processor.py:826} INFO - Processing file /opt/airflow/dags/etl.py for tasks to queue
[2023-08-02T09:36:31.589+0000] {logging_mixin.py:150} INFO - [2023-08-02T09:36:31.589+0000] {dagbag.py:541} INFO - Filling up the DagBag from /opt/airflow/dags/etl.py
[2023-08-02T09:36:31.833+0000] {processor.py:836} INFO - DAG(s) dict_keys(['toronto_real_estate_etl']) retrieved from /opt/airflow/dags/etl.py
[2023-08-02T09:36:31.854+0000] {logging_mixin.py:150} INFO - [2023-08-02T09:36:31.854+0000] {dag.py:2742} INFO - Sync 1 DAGs
[2023-08-02T09:36:31.877+0000] {logging_mixin.py:150} INFO - [2023-08-02T09:36:31.876+0000] {dag.py:3508} INFO - Setting next_dagrun for toronto_real_estate_etl to 2023-08-02T00:00:00+00:00, run_after=2023-08-03T00:00:00+00:00
[2023-08-02T09:36:31.899+0000] {processor.py:179} INFO - Processing /opt/airflow/dags/etl.py took 0.314 seconds
[2023-08-02T09:37:02.756+0000] {processor.py:157} INFO - Started process (PID=541) to work on /opt/airflow/dags/etl.py
[2023-08-02T09:37:02.766+0000] {processor.py:826} INFO - Processing file /opt/airflow/dags/etl.py for tasks to queue
[2023-08-02T09:37:02.767+0000] {logging_mixin.py:150} INFO - [2023-08-02T09:37:02.766+0000] {dagbag.py:541} INFO - Filling up the DagBag from /opt/airflow/dags/etl.py
[2023-08-02T09:37:02.942+0000] {processor.py:836} INFO - DAG(s) dict_keys(['toronto_real_estate_etl']) retrieved from /opt/airflow/dags/etl.py
[2023-08-02T09:37:03.053+0000] {logging_mixin.py:150} INFO - [2023-08-02T09:37:03.053+0000] {dag.py:2742} INFO - Sync 1 DAGs
[2023-08-02T09:37:03.070+0000] {logging_mixin.py:150} INFO - [2023-08-02T09:37:03.070+0000] {dag.py:3508} INFO - Setting next_dagrun for toronto_real_estate_etl to 2023-08-02T00:00:00+00:00, run_after=2023-08-03T00:00:00+00:00
[2023-08-02T09:37:03.093+0000] {processor.py:179} INFO - Processing /opt/airflow/dags/etl.py took 0.341 seconds
[2023-08-02T09:37:33.315+0000] {processor.py:157} INFO - Started process (PID=551) to work on /opt/airflow/dags/etl.py
[2023-08-02T09:37:33.316+0000] {processor.py:826} INFO - Processing file /opt/airflow/dags/etl.py for tasks to queue
[2023-08-02T09:37:33.316+0000] {logging_mixin.py:150} INFO - [2023-08-02T09:37:33.316+0000] {dagbag.py:541} INFO - Filling up the DagBag from /opt/airflow/dags/etl.py
[2023-08-02T09:37:33.529+0000] {processor.py:836} INFO - DAG(s) dict_keys(['toronto_real_estate_etl']) retrieved from /opt/airflow/dags/etl.py
[2023-08-02T09:37:33.550+0000] {logging_mixin.py:150} INFO - [2023-08-02T09:37:33.549+0000] {dag.py:2742} INFO - Sync 1 DAGs
[2023-08-02T09:37:33.566+0000] {logging_mixin.py:150} INFO - [2023-08-02T09:37:33.566+0000] {dag.py:3508} INFO - Setting next_dagrun for toronto_real_estate_etl to 2023-08-02T00:00:00+00:00, run_after=2023-08-03T00:00:00+00:00
[2023-08-02T09:37:33.579+0000] {processor.py:179} INFO - Processing /opt/airflow/dags/etl.py took 0.266 seconds
[2023-08-02T09:38:03.673+0000] {processor.py:157} INFO - Started process (PID=561) to work on /opt/airflow/dags/etl.py
[2023-08-02T09:38:03.674+0000] {processor.py:826} INFO - Processing file /opt/airflow/dags/etl.py for tasks to queue
[2023-08-02T09:38:03.675+0000] {logging_mixin.py:150} INFO - [2023-08-02T09:38:03.675+0000] {dagbag.py:541} INFO - Filling up the DagBag from /opt/airflow/dags/etl.py
[2023-08-02T09:38:03.796+0000] {processor.py:836} INFO - DAG(s) dict_keys(['toronto_real_estate_etl']) retrieved from /opt/airflow/dags/etl.py
[2023-08-02T09:38:03.890+0000] {logging_mixin.py:150} INFO - [2023-08-02T09:38:03.890+0000] {dag.py:2742} INFO - Sync 1 DAGs
[2023-08-02T09:38:03.905+0000] {logging_mixin.py:150} INFO - [2023-08-02T09:38:03.905+0000] {dag.py:3508} INFO - Setting next_dagrun for toronto_real_estate_etl to 2023-08-02T00:00:00+00:00, run_after=2023-08-03T00:00:00+00:00
[2023-08-02T09:38:03.919+0000] {processor.py:179} INFO - Processing /opt/airflow/dags/etl.py took 0.249 seconds
[2023-08-02T09:38:34.026+0000] {processor.py:157} INFO - Started process (PID=572) to work on /opt/airflow/dags/etl.py
[2023-08-02T09:38:34.028+0000] {processor.py:826} INFO - Processing file /opt/airflow/dags/etl.py for tasks to queue
[2023-08-02T09:38:34.029+0000] {logging_mixin.py:150} INFO - [2023-08-02T09:38:34.028+0000] {dagbag.py:541} INFO - Filling up the DagBag from /opt/airflow/dags/etl.py
[2023-08-02T09:38:34.280+0000] {processor.py:836} INFO - DAG(s) dict_keys(['toronto_real_estate_etl']) retrieved from /opt/airflow/dags/etl.py
[2023-08-02T09:38:34.298+0000] {logging_mixin.py:150} INFO - [2023-08-02T09:38:34.298+0000] {dag.py:2742} INFO - Sync 1 DAGs
[2023-08-02T09:38:34.316+0000] {logging_mixin.py:150} INFO - [2023-08-02T09:38:34.316+0000] {dag.py:3508} INFO - Setting next_dagrun for toronto_real_estate_etl to 2023-08-02T00:00:00+00:00, run_after=2023-08-03T00:00:00+00:00
[2023-08-02T09:38:34.332+0000] {processor.py:179} INFO - Processing /opt/airflow/dags/etl.py took 0.308 seconds
[2023-08-02T09:39:04.382+0000] {processor.py:157} INFO - Started process (PID=582) to work on /opt/airflow/dags/etl.py
[2023-08-02T09:39:04.385+0000] {processor.py:826} INFO - Processing file /opt/airflow/dags/etl.py for tasks to queue
[2023-08-02T09:39:04.385+0000] {logging_mixin.py:150} INFO - [2023-08-02T09:39:04.385+0000] {dagbag.py:541} INFO - Filling up the DagBag from /opt/airflow/dags/etl.py
[2023-08-02T09:39:04.596+0000] {processor.py:836} INFO - DAG(s) dict_keys(['toronto_real_estate_etl']) retrieved from /opt/airflow/dags/etl.py
[2023-08-02T09:39:04.644+0000] {logging_mixin.py:150} INFO - [2023-08-02T09:39:04.642+0000] {dag.py:2742} INFO - Sync 1 DAGs
[2023-08-02T09:39:04.662+0000] {logging_mixin.py:150} INFO - [2023-08-02T09:39:04.662+0000] {dag.py:3508} INFO - Setting next_dagrun for toronto_real_estate_etl to 2023-08-02T00:00:00+00:00, run_after=2023-08-03T00:00:00+00:00
[2023-08-02T09:39:04.687+0000] {processor.py:179} INFO - Processing /opt/airflow/dags/etl.py took 0.308 seconds
[2023-08-02T09:39:35.537+0000] {processor.py:157} INFO - Started process (PID=592) to work on /opt/airflow/dags/etl.py
[2023-08-02T09:39:35.538+0000] {processor.py:826} INFO - Processing file /opt/airflow/dags/etl.py for tasks to queue
[2023-08-02T09:39:35.539+0000] {logging_mixin.py:150} INFO - [2023-08-02T09:39:35.539+0000] {dagbag.py:541} INFO - Filling up the DagBag from /opt/airflow/dags/etl.py
[2023-08-02T09:39:35.728+0000] {processor.py:836} INFO - DAG(s) dict_keys(['toronto_real_estate_etl']) retrieved from /opt/airflow/dags/etl.py
[2023-08-02T09:39:35.796+0000] {logging_mixin.py:150} INFO - [2023-08-02T09:39:35.795+0000] {dag.py:2742} INFO - Sync 1 DAGs
[2023-08-02T09:39:35.814+0000] {logging_mixin.py:150} INFO - [2023-08-02T09:39:35.814+0000] {dag.py:3508} INFO - Setting next_dagrun for toronto_real_estate_etl to 2023-08-02T00:00:00+00:00, run_after=2023-08-03T00:00:00+00:00
[2023-08-02T09:39:35.832+0000] {processor.py:179} INFO - Processing /opt/airflow/dags/etl.py took 0.295 seconds
[2023-08-02T09:40:06.027+0000] {processor.py:157} INFO - Started process (PID=602) to work on /opt/airflow/dags/etl.py
[2023-08-02T09:40:06.029+0000] {processor.py:826} INFO - Processing file /opt/airflow/dags/etl.py for tasks to queue
[2023-08-02T09:40:06.030+0000] {logging_mixin.py:150} INFO - [2023-08-02T09:40:06.030+0000] {dagbag.py:541} INFO - Filling up the DagBag from /opt/airflow/dags/etl.py
[2023-08-02T09:40:06.254+0000] {processor.py:836} INFO - DAG(s) dict_keys(['toronto_real_estate_etl']) retrieved from /opt/airflow/dags/etl.py
[2023-08-02T09:40:06.277+0000] {logging_mixin.py:150} INFO - [2023-08-02T09:40:06.277+0000] {dag.py:2742} INFO - Sync 1 DAGs
[2023-08-02T09:40:06.295+0000] {logging_mixin.py:150} INFO - [2023-08-02T09:40:06.295+0000] {dag.py:3508} INFO - Setting next_dagrun for toronto_real_estate_etl to 2023-08-02T00:00:00+00:00, run_after=2023-08-03T00:00:00+00:00
[2023-08-02T09:40:06.319+0000] {processor.py:179} INFO - Processing /opt/airflow/dags/etl.py took 0.295 seconds
[2023-08-02T09:40:36.404+0000] {processor.py:157} INFO - Started process (PID=612) to work on /opt/airflow/dags/etl.py
[2023-08-02T09:40:36.405+0000] {processor.py:826} INFO - Processing file /opt/airflow/dags/etl.py for tasks to queue
[2023-08-02T09:40:36.405+0000] {logging_mixin.py:150} INFO - [2023-08-02T09:40:36.405+0000] {dagbag.py:541} INFO - Filling up the DagBag from /opt/airflow/dags/etl.py
[2023-08-02T09:40:36.605+0000] {processor.py:836} INFO - DAG(s) dict_keys(['toronto_real_estate_etl']) retrieved from /opt/airflow/dags/etl.py
[2023-08-02T09:40:36.625+0000] {logging_mixin.py:150} INFO - [2023-08-02T09:40:36.625+0000] {dag.py:2742} INFO - Sync 1 DAGs
[2023-08-02T09:40:36.641+0000] {logging_mixin.py:150} INFO - [2023-08-02T09:40:36.641+0000] {dag.py:3508} INFO - Setting next_dagrun for toronto_real_estate_etl to 2023-08-02T00:00:00+00:00, run_after=2023-08-03T00:00:00+00:00
[2023-08-02T09:40:36.653+0000] {processor.py:179} INFO - Processing /opt/airflow/dags/etl.py took 0.251 seconds
[2023-08-02T09:41:06.762+0000] {processor.py:157} INFO - Started process (PID=622) to work on /opt/airflow/dags/etl.py
[2023-08-02T09:41:06.763+0000] {processor.py:826} INFO - Processing file /opt/airflow/dags/etl.py for tasks to queue
[2023-08-02T09:41:06.763+0000] {logging_mixin.py:150} INFO - [2023-08-02T09:41:06.763+0000] {dagbag.py:541} INFO - Filling up the DagBag from /opt/airflow/dags/etl.py
[2023-08-02T09:41:06.963+0000] {processor.py:836} INFO - DAG(s) dict_keys(['toronto_real_estate_etl']) retrieved from /opt/airflow/dags/etl.py
[2023-08-02T09:41:06.982+0000] {logging_mixin.py:150} INFO - [2023-08-02T09:41:06.981+0000] {dag.py:2742} INFO - Sync 1 DAGs
[2023-08-02T09:41:06.997+0000] {logging_mixin.py:150} INFO - [2023-08-02T09:41:06.997+0000] {dag.py:3508} INFO - Setting next_dagrun for toronto_real_estate_etl to 2023-08-02T00:00:00+00:00, run_after=2023-08-03T00:00:00+00:00
[2023-08-02T09:41:07.016+0000] {processor.py:179} INFO - Processing /opt/airflow/dags/etl.py took 0.257 seconds
[2023-08-02T09:41:37.132+0000] {processor.py:157} INFO - Started process (PID=632) to work on /opt/airflow/dags/etl.py
[2023-08-02T09:41:37.133+0000] {processor.py:826} INFO - Processing file /opt/airflow/dags/etl.py for tasks to queue
[2023-08-02T09:41:37.133+0000] {logging_mixin.py:150} INFO - [2023-08-02T09:41:37.133+0000] {dagbag.py:541} INFO - Filling up the DagBag from /opt/airflow/dags/etl.py
[2023-08-02T09:41:37.330+0000] {processor.py:836} INFO - DAG(s) dict_keys(['toronto_real_estate_etl']) retrieved from /opt/airflow/dags/etl.py
[2023-08-02T09:41:37.349+0000] {logging_mixin.py:150} INFO - [2023-08-02T09:41:37.348+0000] {dag.py:2742} INFO - Sync 1 DAGs
[2023-08-02T09:41:37.363+0000] {logging_mixin.py:150} INFO - [2023-08-02T09:41:37.363+0000] {dag.py:3508} INFO - Setting next_dagrun for toronto_real_estate_etl to 2023-08-02T00:00:00+00:00, run_after=2023-08-03T00:00:00+00:00
[2023-08-02T09:41:37.384+0000] {processor.py:179} INFO - Processing /opt/airflow/dags/etl.py took 0.254 seconds
[2023-08-02T09:42:07.476+0000] {processor.py:157} INFO - Started process (PID=641) to work on /opt/airflow/dags/etl.py
[2023-08-02T09:42:07.477+0000] {processor.py:826} INFO - Processing file /opt/airflow/dags/etl.py for tasks to queue
[2023-08-02T09:42:07.478+0000] {logging_mixin.py:150} INFO - [2023-08-02T09:42:07.477+0000] {dagbag.py:541} INFO - Filling up the DagBag from /opt/airflow/dags/etl.py
[2023-08-02T09:42:07.695+0000] {processor.py:836} INFO - DAG(s) dict_keys(['toronto_real_estate_etl']) retrieved from /opt/airflow/dags/etl.py
[2023-08-02T09:42:07.714+0000] {logging_mixin.py:150} INFO - [2023-08-02T09:42:07.713+0000] {dag.py:2742} INFO - Sync 1 DAGs
[2023-08-02T09:42:07.728+0000] {logging_mixin.py:150} INFO - [2023-08-02T09:42:07.728+0000] {dag.py:3508} INFO - Setting next_dagrun for toronto_real_estate_etl to 2023-08-02T00:00:00+00:00, run_after=2023-08-03T00:00:00+00:00
[2023-08-02T09:42:07.750+0000] {processor.py:179} INFO - Processing /opt/airflow/dags/etl.py took 0.277 seconds
[2023-08-02T09:42:37.821+0000] {processor.py:157} INFO - Started process (PID=651) to work on /opt/airflow/dags/etl.py
[2023-08-02T09:42:37.822+0000] {processor.py:826} INFO - Processing file /opt/airflow/dags/etl.py for tasks to queue
[2023-08-02T09:42:37.823+0000] {logging_mixin.py:150} INFO - [2023-08-02T09:42:37.822+0000] {dagbag.py:541} INFO - Filling up the DagBag from /opt/airflow/dags/etl.py
[2023-08-02T09:42:38.058+0000] {processor.py:836} INFO - DAG(s) dict_keys(['toronto_real_estate_etl']) retrieved from /opt/airflow/dags/etl.py
[2023-08-02T09:42:38.077+0000] {logging_mixin.py:150} INFO - [2023-08-02T09:42:38.077+0000] {dag.py:2742} INFO - Sync 1 DAGs
[2023-08-02T09:42:38.094+0000] {logging_mixin.py:150} INFO - [2023-08-02T09:42:38.094+0000] {dag.py:3508} INFO - Setting next_dagrun for toronto_real_estate_etl to 2023-08-02T00:00:00+00:00, run_after=2023-08-03T00:00:00+00:00
[2023-08-02T09:42:38.107+0000] {processor.py:179} INFO - Processing /opt/airflow/dags/etl.py took 0.288 seconds
[2023-08-02T09:43:08.169+0000] {processor.py:157} INFO - Started process (PID=661) to work on /opt/airflow/dags/etl.py
[2023-08-02T09:43:08.169+0000] {processor.py:826} INFO - Processing file /opt/airflow/dags/etl.py for tasks to queue
[2023-08-02T09:43:08.170+0000] {logging_mixin.py:150} INFO - [2023-08-02T09:43:08.170+0000] {dagbag.py:541} INFO - Filling up the DagBag from /opt/airflow/dags/etl.py
[2023-08-02T09:43:08.363+0000] {processor.py:836} INFO - DAG(s) dict_keys(['toronto_real_estate_etl']) retrieved from /opt/airflow/dags/etl.py
[2023-08-02T09:43:08.381+0000] {logging_mixin.py:150} INFO - [2023-08-02T09:43:08.380+0000] {dag.py:2742} INFO - Sync 1 DAGs
[2023-08-02T09:43:08.395+0000] {logging_mixin.py:150} INFO - [2023-08-02T09:43:08.395+0000] {dag.py:3508} INFO - Setting next_dagrun for toronto_real_estate_etl to 2023-08-02T00:00:00+00:00, run_after=2023-08-03T00:00:00+00:00
[2023-08-02T09:43:08.414+0000] {processor.py:179} INFO - Processing /opt/airflow/dags/etl.py took 0.248 seconds
[2023-08-02T09:43:38.506+0000] {processor.py:157} INFO - Started process (PID=671) to work on /opt/airflow/dags/etl.py
[2023-08-02T09:43:38.507+0000] {processor.py:826} INFO - Processing file /opt/airflow/dags/etl.py for tasks to queue
[2023-08-02T09:43:38.507+0000] {logging_mixin.py:150} INFO - [2023-08-02T09:43:38.507+0000] {dagbag.py:541} INFO - Filling up the DagBag from /opt/airflow/dags/etl.py
[2023-08-02T09:43:38.699+0000] {processor.py:836} INFO - DAG(s) dict_keys(['toronto_real_estate_etl']) retrieved from /opt/airflow/dags/etl.py
[2023-08-02T09:43:38.718+0000] {logging_mixin.py:150} INFO - [2023-08-02T09:43:38.717+0000] {dag.py:2742} INFO - Sync 1 DAGs
[2023-08-02T09:43:38.732+0000] {logging_mixin.py:150} INFO - [2023-08-02T09:43:38.732+0000] {dag.py:3508} INFO - Setting next_dagrun for toronto_real_estate_etl to 2023-08-02T00:00:00+00:00, run_after=2023-08-03T00:00:00+00:00
[2023-08-02T09:43:38.752+0000] {processor.py:179} INFO - Processing /opt/airflow/dags/etl.py took 0.248 seconds
[2023-08-02T09:44:08.837+0000] {processor.py:157} INFO - Started process (PID=681) to work on /opt/airflow/dags/etl.py
[2023-08-02T09:44:08.847+0000] {processor.py:826} INFO - Processing file /opt/airflow/dags/etl.py for tasks to queue
[2023-08-02T09:44:08.848+0000] {logging_mixin.py:150} INFO - [2023-08-02T09:44:08.848+0000] {dagbag.py:541} INFO - Filling up the DagBag from /opt/airflow/dags/etl.py
[2023-08-02T09:44:09.042+0000] {processor.py:836} INFO - DAG(s) dict_keys(['toronto_real_estate_etl']) retrieved from /opt/airflow/dags/etl.py
[2023-08-02T09:44:09.061+0000] {logging_mixin.py:150} INFO - [2023-08-02T09:44:09.061+0000] {dag.py:2742} INFO - Sync 1 DAGs
[2023-08-02T09:44:09.076+0000] {logging_mixin.py:150} INFO - [2023-08-02T09:44:09.076+0000] {dag.py:3508} INFO - Setting next_dagrun for toronto_real_estate_etl to 2023-08-02T00:00:00+00:00, run_after=2023-08-03T00:00:00+00:00
[2023-08-02T09:44:09.094+0000] {processor.py:179} INFO - Processing /opt/airflow/dags/etl.py took 0.260 seconds
[2023-08-02T09:44:39.271+0000] {processor.py:157} INFO - Started process (PID=691) to work on /opt/airflow/dags/etl.py
[2023-08-02T09:44:39.272+0000] {processor.py:826} INFO - Processing file /opt/airflow/dags/etl.py for tasks to queue
[2023-08-02T09:44:39.272+0000] {logging_mixin.py:150} INFO - [2023-08-02T09:44:39.272+0000] {dagbag.py:541} INFO - Filling up the DagBag from /opt/airflow/dags/etl.py
[2023-08-02T09:44:39.544+0000] {processor.py:836} INFO - DAG(s) dict_keys(['toronto_real_estate_etl']) retrieved from /opt/airflow/dags/etl.py
[2023-08-02T09:44:39.570+0000] {logging_mixin.py:150} INFO - [2023-08-02T09:44:39.569+0000] {dag.py:2742} INFO - Sync 1 DAGs
[2023-08-02T09:44:39.588+0000] {logging_mixin.py:150} INFO - [2023-08-02T09:44:39.588+0000] {dag.py:3508} INFO - Setting next_dagrun for toronto_real_estate_etl to 2023-08-02T00:00:00+00:00, run_after=2023-08-03T00:00:00+00:00
[2023-08-02T09:44:39.601+0000] {processor.py:179} INFO - Processing /opt/airflow/dags/etl.py took 0.333 seconds
[2023-08-02T09:45:09.743+0000] {processor.py:157} INFO - Started process (PID=701) to work on /opt/airflow/dags/etl.py
[2023-08-02T09:45:09.745+0000] {processor.py:826} INFO - Processing file /opt/airflow/dags/etl.py for tasks to queue
[2023-08-02T09:45:09.745+0000] {logging_mixin.py:150} INFO - [2023-08-02T09:45:09.745+0000] {dagbag.py:541} INFO - Filling up the DagBag from /opt/airflow/dags/etl.py
[2023-08-02T09:45:09.952+0000] {processor.py:836} INFO - DAG(s) dict_keys(['toronto_real_estate_etl']) retrieved from /opt/airflow/dags/etl.py
[2023-08-02T09:45:09.970+0000] {logging_mixin.py:150} INFO - [2023-08-02T09:45:09.969+0000] {dag.py:2742} INFO - Sync 1 DAGs
[2023-08-02T09:45:09.984+0000] {logging_mixin.py:150} INFO - [2023-08-02T09:45:09.984+0000] {dag.py:3508} INFO - Setting next_dagrun for toronto_real_estate_etl to 2023-08-02T00:00:00+00:00, run_after=2023-08-03T00:00:00+00:00
[2023-08-02T09:45:09.998+0000] {processor.py:179} INFO - Processing /opt/airflow/dags/etl.py took 0.257 seconds
[2023-08-02T09:45:40.097+0000] {processor.py:157} INFO - Started process (PID=713) to work on /opt/airflow/dags/etl.py
[2023-08-02T09:45:40.097+0000] {processor.py:826} INFO - Processing file /opt/airflow/dags/etl.py for tasks to queue
[2023-08-02T09:45:40.098+0000] {logging_mixin.py:150} INFO - [2023-08-02T09:45:40.098+0000] {dagbag.py:541} INFO - Filling up the DagBag from /opt/airflow/dags/etl.py
[2023-08-02T09:45:40.309+0000] {processor.py:836} INFO - DAG(s) dict_keys(['toronto_real_estate_etl']) retrieved from /opt/airflow/dags/etl.py
[2023-08-02T09:45:40.329+0000] {logging_mixin.py:150} INFO - [2023-08-02T09:45:40.328+0000] {dag.py:2742} INFO - Sync 1 DAGs
[2023-08-02T09:45:40.346+0000] {logging_mixin.py:150} INFO - [2023-08-02T09:45:40.346+0000] {dag.py:3508} INFO - Setting next_dagrun for toronto_real_estate_etl to 2023-08-02T00:00:00+00:00, run_after=2023-08-03T00:00:00+00:00
[2023-08-02T09:45:40.366+0000] {processor.py:179} INFO - Processing /opt/airflow/dags/etl.py took 0.272 seconds
[2023-08-02T09:46:10.525+0000] {processor.py:157} INFO - Started process (PID=723) to work on /opt/airflow/dags/etl.py
[2023-08-02T09:46:10.535+0000] {processor.py:826} INFO - Processing file /opt/airflow/dags/etl.py for tasks to queue
[2023-08-02T09:46:10.536+0000] {logging_mixin.py:150} INFO - [2023-08-02T09:46:10.535+0000] {dagbag.py:541} INFO - Filling up the DagBag from /opt/airflow/dags/etl.py
[2023-08-02T09:46:10.774+0000] {processor.py:836} INFO - DAG(s) dict_keys(['toronto_real_estate_etl']) retrieved from /opt/airflow/dags/etl.py
[2023-08-02T09:46:10.799+0000] {logging_mixin.py:150} INFO - [2023-08-02T09:46:10.799+0000] {dag.py:2742} INFO - Sync 1 DAGs
[2023-08-02T09:46:10.819+0000] {logging_mixin.py:150} INFO - [2023-08-02T09:46:10.819+0000] {dag.py:3508} INFO - Setting next_dagrun for toronto_real_estate_etl to 2023-08-02T00:00:00+00:00, run_after=2023-08-03T00:00:00+00:00
[2023-08-02T09:46:10.844+0000] {processor.py:179} INFO - Processing /opt/airflow/dags/etl.py took 0.321 seconds
[2023-08-02T09:46:40.885+0000] {processor.py:157} INFO - Started process (PID=733) to work on /opt/airflow/dags/etl.py
[2023-08-02T09:46:40.885+0000] {processor.py:826} INFO - Processing file /opt/airflow/dags/etl.py for tasks to queue
[2023-08-02T09:46:40.886+0000] {logging_mixin.py:150} INFO - [2023-08-02T09:46:40.886+0000] {dagbag.py:541} INFO - Filling up the DagBag from /opt/airflow/dags/etl.py
[2023-08-02T09:46:41.081+0000] {processor.py:836} INFO - DAG(s) dict_keys(['toronto_real_estate_etl']) retrieved from /opt/airflow/dags/etl.py
[2023-08-02T09:46:41.099+0000] {logging_mixin.py:150} INFO - [2023-08-02T09:46:41.099+0000] {dag.py:2742} INFO - Sync 1 DAGs
[2023-08-02T09:46:41.115+0000] {logging_mixin.py:150} INFO - [2023-08-02T09:46:41.115+0000] {dag.py:3508} INFO - Setting next_dagrun for toronto_real_estate_etl to 2023-08-02T00:00:00+00:00, run_after=2023-08-03T00:00:00+00:00
[2023-08-02T09:46:41.127+0000] {processor.py:179} INFO - Processing /opt/airflow/dags/etl.py took 0.245 seconds
[2023-08-02T09:47:11.255+0000] {processor.py:157} INFO - Started process (PID=743) to work on /opt/airflow/dags/etl.py
[2023-08-02T09:47:11.256+0000] {processor.py:826} INFO - Processing file /opt/airflow/dags/etl.py for tasks to queue
[2023-08-02T09:47:11.256+0000] {logging_mixin.py:150} INFO - [2023-08-02T09:47:11.256+0000] {dagbag.py:541} INFO - Filling up the DagBag from /opt/airflow/dags/etl.py
[2023-08-02T09:47:11.445+0000] {processor.py:836} INFO - DAG(s) dict_keys(['toronto_real_estate_etl']) retrieved from /opt/airflow/dags/etl.py
[2023-08-02T09:47:11.463+0000] {logging_mixin.py:150} INFO - [2023-08-02T09:47:11.463+0000] {dag.py:2742} INFO - Sync 1 DAGs
[2023-08-02T09:47:11.477+0000] {logging_mixin.py:150} INFO - [2023-08-02T09:47:11.477+0000] {dag.py:3508} INFO - Setting next_dagrun for toronto_real_estate_etl to 2023-08-02T00:00:00+00:00, run_after=2023-08-03T00:00:00+00:00
[2023-08-02T09:47:11.496+0000] {processor.py:179} INFO - Processing /opt/airflow/dags/etl.py took 0.243 seconds
[2023-08-02T09:47:41.642+0000] {processor.py:157} INFO - Started process (PID=753) to work on /opt/airflow/dags/etl.py
[2023-08-02T09:47:41.644+0000] {processor.py:826} INFO - Processing file /opt/airflow/dags/etl.py for tasks to queue
[2023-08-02T09:47:41.644+0000] {logging_mixin.py:150} INFO - [2023-08-02T09:47:41.644+0000] {dagbag.py:541} INFO - Filling up the DagBag from /opt/airflow/dags/etl.py
[2023-08-02T09:47:41.860+0000] {processor.py:836} INFO - DAG(s) dict_keys(['toronto_real_estate_etl']) retrieved from /opt/airflow/dags/etl.py
[2023-08-02T09:47:41.880+0000] {logging_mixin.py:150} INFO - [2023-08-02T09:47:41.880+0000] {dag.py:2742} INFO - Sync 1 DAGs
[2023-08-02T09:47:41.898+0000] {logging_mixin.py:150} INFO - [2023-08-02T09:47:41.898+0000] {dag.py:3508} INFO - Setting next_dagrun for toronto_real_estate_etl to 2023-08-02T00:00:00+00:00, run_after=2023-08-03T00:00:00+00:00
[2023-08-02T09:47:41.911+0000] {processor.py:179} INFO - Processing /opt/airflow/dags/etl.py took 0.272 seconds
[2023-08-02T09:48:12.062+0000] {processor.py:157} INFO - Started process (PID=763) to work on /opt/airflow/dags/etl.py
[2023-08-02T09:48:12.063+0000] {processor.py:826} INFO - Processing file /opt/airflow/dags/etl.py for tasks to queue
[2023-08-02T09:48:12.064+0000] {logging_mixin.py:150} INFO - [2023-08-02T09:48:12.064+0000] {dagbag.py:541} INFO - Filling up the DagBag from /opt/airflow/dags/etl.py
[2023-08-02T09:48:12.278+0000] {processor.py:836} INFO - DAG(s) dict_keys(['toronto_real_estate_etl']) retrieved from /opt/airflow/dags/etl.py
[2023-08-02T09:48:12.300+0000] {logging_mixin.py:150} INFO - [2023-08-02T09:48:12.300+0000] {dag.py:2742} INFO - Sync 1 DAGs
[2023-08-02T09:48:12.318+0000] {logging_mixin.py:150} INFO - [2023-08-02T09:48:12.317+0000] {dag.py:3508} INFO - Setting next_dagrun for toronto_real_estate_etl to 2023-08-02T00:00:00+00:00, run_after=2023-08-03T00:00:00+00:00
[2023-08-02T09:48:12.333+0000] {processor.py:179} INFO - Processing /opt/airflow/dags/etl.py took 0.273 seconds
[2023-08-02T09:48:42.441+0000] {processor.py:157} INFO - Started process (PID=773) to work on /opt/airflow/dags/etl.py
[2023-08-02T09:48:42.441+0000] {processor.py:826} INFO - Processing file /opt/airflow/dags/etl.py for tasks to queue
[2023-08-02T09:48:42.442+0000] {logging_mixin.py:150} INFO - [2023-08-02T09:48:42.442+0000] {dagbag.py:541} INFO - Filling up the DagBag from /opt/airflow/dags/etl.py
[2023-08-02T09:48:42.657+0000] {processor.py:836} INFO - DAG(s) dict_keys(['toronto_real_estate_etl']) retrieved from /opt/airflow/dags/etl.py
[2023-08-02T09:48:42.676+0000] {logging_mixin.py:150} INFO - [2023-08-02T09:48:42.676+0000] {dag.py:2742} INFO - Sync 1 DAGs
[2023-08-02T09:48:42.694+0000] {logging_mixin.py:150} INFO - [2023-08-02T09:48:42.694+0000] {dag.py:3508} INFO - Setting next_dagrun for toronto_real_estate_etl to 2023-08-02T00:00:00+00:00, run_after=2023-08-03T00:00:00+00:00
[2023-08-02T09:48:42.708+0000] {processor.py:179} INFO - Processing /opt/airflow/dags/etl.py took 0.270 seconds
[2023-08-02T09:49:12.867+0000] {processor.py:157} INFO - Started process (PID=783) to work on /opt/airflow/dags/etl.py
[2023-08-02T09:49:12.868+0000] {processor.py:826} INFO - Processing file /opt/airflow/dags/etl.py for tasks to queue
[2023-08-02T09:49:12.869+0000] {logging_mixin.py:150} INFO - [2023-08-02T09:49:12.869+0000] {dagbag.py:541} INFO - Filling up the DagBag from /opt/airflow/dags/etl.py
[2023-08-02T09:49:13.088+0000] {processor.py:836} INFO - DAG(s) dict_keys(['toronto_real_estate_etl']) retrieved from /opt/airflow/dags/etl.py
[2023-08-02T09:49:13.109+0000] {logging_mixin.py:150} INFO - [2023-08-02T09:49:13.108+0000] {dag.py:2742} INFO - Sync 1 DAGs
[2023-08-02T09:49:13.124+0000] {logging_mixin.py:150} INFO - [2023-08-02T09:49:13.124+0000] {dag.py:3508} INFO - Setting next_dagrun for toronto_real_estate_etl to 2023-08-02T00:00:00+00:00, run_after=2023-08-03T00:00:00+00:00
[2023-08-02T09:49:13.138+0000] {processor.py:179} INFO - Processing /opt/airflow/dags/etl.py took 0.274 seconds
[2023-08-02T09:49:43.236+0000] {processor.py:157} INFO - Started process (PID=793) to work on /opt/airflow/dags/etl.py
[2023-08-02T09:49:43.237+0000] {processor.py:826} INFO - Processing file /opt/airflow/dags/etl.py for tasks to queue
[2023-08-02T09:49:43.237+0000] {logging_mixin.py:150} INFO - [2023-08-02T09:49:43.237+0000] {dagbag.py:541} INFO - Filling up the DagBag from /opt/airflow/dags/etl.py
[2023-08-02T09:49:43.444+0000] {processor.py:836} INFO - DAG(s) dict_keys(['toronto_real_estate_etl']) retrieved from /opt/airflow/dags/etl.py
[2023-08-02T09:49:43.463+0000] {logging_mixin.py:150} INFO - [2023-08-02T09:49:43.463+0000] {dag.py:2742} INFO - Sync 1 DAGs
[2023-08-02T09:49:43.480+0000] {logging_mixin.py:150} INFO - [2023-08-02T09:49:43.480+0000] {dag.py:3508} INFO - Setting next_dagrun for toronto_real_estate_etl to 2023-08-02T00:00:00+00:00, run_after=2023-08-03T00:00:00+00:00
[2023-08-02T09:49:43.503+0000] {processor.py:179} INFO - Processing /opt/airflow/dags/etl.py took 0.270 seconds
[2023-08-02T09:50:13.574+0000] {processor.py:157} INFO - Started process (PID=803) to work on /opt/airflow/dags/etl.py
[2023-08-02T09:50:13.575+0000] {processor.py:826} INFO - Processing file /opt/airflow/dags/etl.py for tasks to queue
[2023-08-02T09:50:13.575+0000] {logging_mixin.py:150} INFO - [2023-08-02T09:50:13.575+0000] {dagbag.py:541} INFO - Filling up the DagBag from /opt/airflow/dags/etl.py
[2023-08-02T09:50:13.768+0000] {processor.py:836} INFO - DAG(s) dict_keys(['toronto_real_estate_etl']) retrieved from /opt/airflow/dags/etl.py
[2023-08-02T09:50:13.787+0000] {logging_mixin.py:150} INFO - [2023-08-02T09:50:13.786+0000] {dag.py:2742} INFO - Sync 1 DAGs
[2023-08-02T09:50:13.801+0000] {logging_mixin.py:150} INFO - [2023-08-02T09:50:13.801+0000] {dag.py:3508} INFO - Setting next_dagrun for toronto_real_estate_etl to 2023-08-02T00:00:00+00:00, run_after=2023-08-03T00:00:00+00:00
[2023-08-02T09:50:13.822+0000] {processor.py:179} INFO - Processing /opt/airflow/dags/etl.py took 0.250 seconds
[2023-08-02T09:50:43.922+0000] {processor.py:157} INFO - Started process (PID=813) to work on /opt/airflow/dags/etl.py
[2023-08-02T09:50:43.922+0000] {processor.py:826} INFO - Processing file /opt/airflow/dags/etl.py for tasks to queue
[2023-08-02T09:50:43.923+0000] {logging_mixin.py:150} INFO - [2023-08-02T09:50:43.923+0000] {dagbag.py:541} INFO - Filling up the DagBag from /opt/airflow/dags/etl.py
[2023-08-02T09:50:44.122+0000] {processor.py:836} INFO - DAG(s) dict_keys(['toronto_real_estate_etl']) retrieved from /opt/airflow/dags/etl.py
[2023-08-02T09:50:44.142+0000] {logging_mixin.py:150} INFO - [2023-08-02T09:50:44.142+0000] {dag.py:2742} INFO - Sync 1 DAGs
[2023-08-02T09:50:44.159+0000] {logging_mixin.py:150} INFO - [2023-08-02T09:50:44.158+0000] {dag.py:3508} INFO - Setting next_dagrun for toronto_real_estate_etl to 2023-08-02T00:00:00+00:00, run_after=2023-08-03T00:00:00+00:00
[2023-08-02T09:50:44.172+0000] {processor.py:179} INFO - Processing /opt/airflow/dags/etl.py took 0.253 seconds
[2023-08-02T09:51:14.317+0000] {processor.py:157} INFO - Started process (PID=823) to work on /opt/airflow/dags/etl.py
[2023-08-02T09:51:14.318+0000] {processor.py:826} INFO - Processing file /opt/airflow/dags/etl.py for tasks to queue
[2023-08-02T09:51:14.318+0000] {logging_mixin.py:150} INFO - [2023-08-02T09:51:14.318+0000] {dagbag.py:541} INFO - Filling up the DagBag from /opt/airflow/dags/etl.py
[2023-08-02T09:51:14.539+0000] {processor.py:836} INFO - DAG(s) dict_keys(['toronto_real_estate_etl']) retrieved from /opt/airflow/dags/etl.py
[2023-08-02T09:51:14.562+0000] {logging_mixin.py:150} INFO - [2023-08-02T09:51:14.562+0000] {dag.py:2742} INFO - Sync 1 DAGs
[2023-08-02T09:51:14.578+0000] {logging_mixin.py:150} INFO - [2023-08-02T09:51:14.578+0000] {dag.py:3508} INFO - Setting next_dagrun for toronto_real_estate_etl to 2023-08-02T00:00:00+00:00, run_after=2023-08-03T00:00:00+00:00
[2023-08-02T09:51:14.599+0000] {processor.py:179} INFO - Processing /opt/airflow/dags/etl.py took 0.286 seconds
[2023-08-02T09:51:44.677+0000] {processor.py:157} INFO - Started process (PID=832) to work on /opt/airflow/dags/etl.py
[2023-08-02T09:51:44.678+0000] {processor.py:826} INFO - Processing file /opt/airflow/dags/etl.py for tasks to queue
[2023-08-02T09:51:44.679+0000] {logging_mixin.py:150} INFO - [2023-08-02T09:51:44.678+0000] {dagbag.py:541} INFO - Filling up the DagBag from /opt/airflow/dags/etl.py
[2023-08-02T09:51:44.895+0000] {processor.py:836} INFO - DAG(s) dict_keys(['toronto_real_estate_etl']) retrieved from /opt/airflow/dags/etl.py
[2023-08-02T09:51:44.915+0000] {logging_mixin.py:150} INFO - [2023-08-02T09:51:44.914+0000] {dag.py:2742} INFO - Sync 1 DAGs
[2023-08-02T09:51:44.934+0000] {logging_mixin.py:150} INFO - [2023-08-02T09:51:44.934+0000] {dag.py:3508} INFO - Setting next_dagrun for toronto_real_estate_etl to 2023-08-02T00:00:00+00:00, run_after=2023-08-03T00:00:00+00:00
[2023-08-02T09:51:44.957+0000] {processor.py:179} INFO - Processing /opt/airflow/dags/etl.py took 0.282 seconds
[2023-08-02T09:52:15.004+0000] {processor.py:157} INFO - Started process (PID=842) to work on /opt/airflow/dags/etl.py
[2023-08-02T09:52:15.006+0000] {processor.py:826} INFO - Processing file /opt/airflow/dags/etl.py for tasks to queue
[2023-08-02T09:52:15.006+0000] {logging_mixin.py:150} INFO - [2023-08-02T09:52:15.006+0000] {dagbag.py:541} INFO - Filling up the DagBag from /opt/airflow/dags/etl.py
[2023-08-02T09:52:15.193+0000] {processor.py:836} INFO - DAG(s) dict_keys(['toronto_real_estate_etl']) retrieved from /opt/airflow/dags/etl.py
[2023-08-02T09:52:15.210+0000] {logging_mixin.py:150} INFO - [2023-08-02T09:52:15.210+0000] {dag.py:2742} INFO - Sync 1 DAGs
[2023-08-02T09:52:15.224+0000] {logging_mixin.py:150} INFO - [2023-08-02T09:52:15.224+0000] {dag.py:3508} INFO - Setting next_dagrun for toronto_real_estate_etl to 2023-08-02T00:00:00+00:00, run_after=2023-08-03T00:00:00+00:00
[2023-08-02T09:52:15.235+0000] {processor.py:179} INFO - Processing /opt/airflow/dags/etl.py took 0.233 seconds
[2023-08-02T09:52:45.319+0000] {processor.py:157} INFO - Started process (PID=853) to work on /opt/airflow/dags/etl.py
[2023-08-02T09:52:45.319+0000] {processor.py:826} INFO - Processing file /opt/airflow/dags/etl.py for tasks to queue
[2023-08-02T09:52:45.320+0000] {logging_mixin.py:150} INFO - [2023-08-02T09:52:45.320+0000] {dagbag.py:541} INFO - Filling up the DagBag from /opt/airflow/dags/etl.py
[2023-08-02T09:52:45.510+0000] {processor.py:836} INFO - DAG(s) dict_keys(['toronto_real_estate_etl']) retrieved from /opt/airflow/dags/etl.py
[2023-08-02T09:52:45.528+0000] {logging_mixin.py:150} INFO - [2023-08-02T09:52:45.527+0000] {dag.py:2742} INFO - Sync 1 DAGs
[2023-08-02T09:52:45.542+0000] {logging_mixin.py:150} INFO - [2023-08-02T09:52:45.542+0000] {dag.py:3508} INFO - Setting next_dagrun for toronto_real_estate_etl to 2023-08-02T00:00:00+00:00, run_after=2023-08-03T00:00:00+00:00
[2023-08-02T09:52:45.556+0000] {processor.py:179} INFO - Processing /opt/airflow/dags/etl.py took 0.240 seconds
