[2023-07-28T16:13:17.226+0000] {processor.py:157} INFO - Started process (PID=1037) to work on /opt/airflow/dags/src/Transform.py
[2023-07-28T16:13:17.227+0000] {processor.py:826} INFO - Processing file /opt/airflow/dags/src/Transform.py for tasks to queue
[2023-07-28T16:13:17.227+0000] {logging_mixin.py:150} INFO - [2023-07-28T16:13:17.227+0000] {dagbag.py:541} INFO - Filling up the DagBag from /opt/airflow/dags/src/Transform.py
[2023-07-28T16:13:17.230+0000] {processor.py:838} WARNING - No viable dags retrieved from /opt/airflow/dags/src/Transform.py
[2023-07-28T16:13:17.241+0000] {processor.py:179} INFO - Processing /opt/airflow/dags/src/Transform.py took 0.017 seconds
[2023-07-28T16:13:23.277+0000] {processor.py:157} INFO - Started process (PID=1039) to work on /opt/airflow/dags/src/Transform.py
[2023-07-28T16:13:23.277+0000] {processor.py:826} INFO - Processing file /opt/airflow/dags/src/Transform.py for tasks to queue
[2023-07-28T16:13:23.278+0000] {logging_mixin.py:150} INFO - [2023-07-28T16:13:23.278+0000] {dagbag.py:541} INFO - Filling up the DagBag from /opt/airflow/dags/src/Transform.py
[2023-07-28T16:13:23.281+0000] {processor.py:838} WARNING - No viable dags retrieved from /opt/airflow/dags/src/Transform.py
[2023-07-28T16:13:23.292+0000] {processor.py:179} INFO - Processing /opt/airflow/dags/src/Transform.py took 0.018 seconds
[2023-07-28T16:13:53.407+0000] {processor.py:157} INFO - Started process (PID=1049) to work on /opt/airflow/dags/src/Transform.py
[2023-07-28T16:13:53.409+0000] {processor.py:826} INFO - Processing file /opt/airflow/dags/src/Transform.py for tasks to queue
[2023-07-28T16:13:53.410+0000] {logging_mixin.py:150} INFO - [2023-07-28T16:13:53.410+0000] {dagbag.py:541} INFO - Filling up the DagBag from /opt/airflow/dags/src/Transform.py
[2023-07-28T16:13:53.411+0000] {processor.py:838} WARNING - No viable dags retrieved from /opt/airflow/dags/src/Transform.py
[2023-07-28T16:13:53.423+0000] {processor.py:179} INFO - Processing /opt/airflow/dags/src/Transform.py took 0.019 seconds
[2023-07-28T16:14:23.538+0000] {processor.py:157} INFO - Started process (PID=1059) to work on /opt/airflow/dags/src/Transform.py
[2023-07-28T16:14:23.538+0000] {processor.py:826} INFO - Processing file /opt/airflow/dags/src/Transform.py for tasks to queue
[2023-07-28T16:14:23.539+0000] {logging_mixin.py:150} INFO - [2023-07-28T16:14:23.539+0000] {dagbag.py:541} INFO - Filling up the DagBag from /opt/airflow/dags/src/Transform.py
[2023-07-28T16:14:23.540+0000] {processor.py:838} WARNING - No viable dags retrieved from /opt/airflow/dags/src/Transform.py
[2023-07-28T16:14:23.551+0000] {processor.py:179} INFO - Processing /opt/airflow/dags/src/Transform.py took 0.016 seconds
[2023-07-28T16:14:53.673+0000] {processor.py:157} INFO - Started process (PID=1069) to work on /opt/airflow/dags/src/Transform.py
[2023-07-28T16:14:53.675+0000] {processor.py:826} INFO - Processing file /opt/airflow/dags/src/Transform.py for tasks to queue
[2023-07-28T16:14:53.676+0000] {logging_mixin.py:150} INFO - [2023-07-28T16:14:53.676+0000] {dagbag.py:541} INFO - Filling up the DagBag from /opt/airflow/dags/src/Transform.py
[2023-07-28T16:14:53.678+0000] {processor.py:838} WARNING - No viable dags retrieved from /opt/airflow/dags/src/Transform.py
[2023-07-28T16:14:53.693+0000] {processor.py:179} INFO - Processing /opt/airflow/dags/src/Transform.py took 0.022 seconds
[2023-07-28T16:15:23.960+0000] {processor.py:157} INFO - Started process (PID=1079) to work on /opt/airflow/dags/src/Transform.py
[2023-07-28T16:15:23.961+0000] {processor.py:826} INFO - Processing file /opt/airflow/dags/src/Transform.py for tasks to queue
[2023-07-28T16:15:23.961+0000] {logging_mixin.py:150} INFO - [2023-07-28T16:15:23.961+0000] {dagbag.py:541} INFO - Filling up the DagBag from /opt/airflow/dags/src/Transform.py
[2023-07-28T16:15:23.963+0000] {processor.py:838} WARNING - No viable dags retrieved from /opt/airflow/dags/src/Transform.py
[2023-07-28T16:15:23.975+0000] {processor.py:179} INFO - Processing /opt/airflow/dags/src/Transform.py took 0.017 seconds
[2023-07-28T16:15:43.040+0000] {processor.py:157} INFO - Started process (PID=1080) to work on /opt/airflow/dags/src/Transform.py
[2023-07-28T16:15:43.042+0000] {processor.py:826} INFO - Processing file /opt/airflow/dags/src/Transform.py for tasks to queue
[2023-07-28T16:15:43.042+0000] {logging_mixin.py:150} INFO - [2023-07-28T16:15:43.042+0000] {dagbag.py:541} INFO - Filling up the DagBag from /opt/airflow/dags/src/Transform.py
[2023-07-28T16:15:43.045+0000] {processor.py:838} WARNING - No viable dags retrieved from /opt/airflow/dags/src/Transform.py
[2023-07-28T16:15:43.055+0000] {processor.py:179} INFO - Processing /opt/airflow/dags/src/Transform.py took 0.018 seconds
[2023-07-28T16:16:13.179+0000] {processor.py:157} INFO - Started process (PID=1090) to work on /opt/airflow/dags/src/Transform.py
[2023-07-28T16:16:13.179+0000] {processor.py:826} INFO - Processing file /opt/airflow/dags/src/Transform.py for tasks to queue
[2023-07-28T16:16:13.180+0000] {logging_mixin.py:150} INFO - [2023-07-28T16:16:13.180+0000] {dagbag.py:541} INFO - Filling up the DagBag from /opt/airflow/dags/src/Transform.py
[2023-07-28T16:16:13.181+0000] {processor.py:838} WARNING - No viable dags retrieved from /opt/airflow/dags/src/Transform.py
[2023-07-28T16:16:13.193+0000] {processor.py:179} INFO - Processing /opt/airflow/dags/src/Transform.py took 0.017 seconds
[2023-07-28T16:16:43.459+0000] {processor.py:157} INFO - Started process (PID=1100) to work on /opt/airflow/dags/src/Transform.py
[2023-07-28T16:16:43.460+0000] {processor.py:826} INFO - Processing file /opt/airflow/dags/src/Transform.py for tasks to queue
[2023-07-28T16:16:43.461+0000] {logging_mixin.py:150} INFO - [2023-07-28T16:16:43.461+0000] {dagbag.py:541} INFO - Filling up the DagBag from /opt/airflow/dags/src/Transform.py
[2023-07-28T16:16:43.462+0000] {processor.py:838} WARNING - No viable dags retrieved from /opt/airflow/dags/src/Transform.py
[2023-07-28T16:16:43.473+0000] {processor.py:179} INFO - Processing /opt/airflow/dags/src/Transform.py took 0.017 seconds
[2023-07-28T16:17:13.742+0000] {processor.py:157} INFO - Started process (PID=1110) to work on /opt/airflow/dags/src/Transform.py
[2023-07-28T16:17:13.743+0000] {processor.py:826} INFO - Processing file /opt/airflow/dags/src/Transform.py for tasks to queue
[2023-07-28T16:17:13.744+0000] {logging_mixin.py:150} INFO - [2023-07-28T16:17:13.743+0000] {dagbag.py:541} INFO - Filling up the DagBag from /opt/airflow/dags/src/Transform.py
[2023-07-28T16:17:13.745+0000] {processor.py:838} WARNING - No viable dags retrieved from /opt/airflow/dags/src/Transform.py
[2023-07-28T16:17:13.756+0000] {processor.py:179} INFO - Processing /opt/airflow/dags/src/Transform.py took 0.016 seconds
[2023-07-28T16:17:43.878+0000] {processor.py:157} INFO - Started process (PID=1120) to work on /opt/airflow/dags/src/Transform.py
[2023-07-28T16:17:43.880+0000] {processor.py:826} INFO - Processing file /opt/airflow/dags/src/Transform.py for tasks to queue
[2023-07-28T16:17:43.880+0000] {logging_mixin.py:150} INFO - [2023-07-28T16:17:43.880+0000] {dagbag.py:541} INFO - Filling up the DagBag from /opt/airflow/dags/src/Transform.py
[2023-07-28T16:17:43.882+0000] {processor.py:838} WARNING - No viable dags retrieved from /opt/airflow/dags/src/Transform.py
[2023-07-28T16:17:43.893+0000] {processor.py:179} INFO - Processing /opt/airflow/dags/src/Transform.py took 0.017 seconds
[2023-07-28T16:18:14.012+0000] {processor.py:157} INFO - Started process (PID=1130) to work on /opt/airflow/dags/src/Transform.py
[2023-07-28T16:18:14.013+0000] {processor.py:826} INFO - Processing file /opt/airflow/dags/src/Transform.py for tasks to queue
[2023-07-28T16:18:14.013+0000] {logging_mixin.py:150} INFO - [2023-07-28T16:18:14.013+0000] {dagbag.py:541} INFO - Filling up the DagBag from /opt/airflow/dags/src/Transform.py
[2023-07-28T16:18:14.015+0000] {processor.py:838} WARNING - No viable dags retrieved from /opt/airflow/dags/src/Transform.py
[2023-07-28T16:18:14.030+0000] {processor.py:179} INFO - Processing /opt/airflow/dags/src/Transform.py took 0.020 seconds
[2023-07-28T16:18:44.322+0000] {processor.py:157} INFO - Started process (PID=1140) to work on /opt/airflow/dags/src/Transform.py
[2023-07-28T16:18:44.324+0000] {processor.py:826} INFO - Processing file /opt/airflow/dags/src/Transform.py for tasks to queue
[2023-07-28T16:18:44.325+0000] {logging_mixin.py:150} INFO - [2023-07-28T16:18:44.325+0000] {dagbag.py:541} INFO - Filling up the DagBag from /opt/airflow/dags/src/Transform.py
[2023-07-28T16:18:44.326+0000] {processor.py:838} WARNING - No viable dags retrieved from /opt/airflow/dags/src/Transform.py
[2023-07-28T16:18:44.338+0000] {processor.py:179} INFO - Processing /opt/airflow/dags/src/Transform.py took 0.018 seconds
[2023-07-28T16:19:14.596+0000] {processor.py:157} INFO - Started process (PID=1150) to work on /opt/airflow/dags/src/Transform.py
[2023-07-28T16:19:14.597+0000] {processor.py:826} INFO - Processing file /opt/airflow/dags/src/Transform.py for tasks to queue
[2023-07-28T16:19:14.598+0000] {logging_mixin.py:150} INFO - [2023-07-28T16:19:14.597+0000] {dagbag.py:541} INFO - Filling up the DagBag from /opt/airflow/dags/src/Transform.py
[2023-07-28T16:19:14.600+0000] {processor.py:838} WARNING - No viable dags retrieved from /opt/airflow/dags/src/Transform.py
[2023-07-28T16:19:14.611+0000] {processor.py:179} INFO - Processing /opt/airflow/dags/src/Transform.py took 0.017 seconds
[2023-07-28T16:19:44.899+0000] {processor.py:157} INFO - Started process (PID=1160) to work on /opt/airflow/dags/src/Transform.py
[2023-07-28T16:19:44.901+0000] {processor.py:826} INFO - Processing file /opt/airflow/dags/src/Transform.py for tasks to queue
[2023-07-28T16:19:44.902+0000] {logging_mixin.py:150} INFO - [2023-07-28T16:19:44.901+0000] {dagbag.py:541} INFO - Filling up the DagBag from /opt/airflow/dags/src/Transform.py
[2023-07-28T16:19:44.903+0000] {processor.py:838} WARNING - No viable dags retrieved from /opt/airflow/dags/src/Transform.py
[2023-07-28T16:19:44.914+0000] {processor.py:179} INFO - Processing /opt/airflow/dags/src/Transform.py took 0.018 seconds
[2023-07-28T16:20:15.161+0000] {processor.py:157} INFO - Started process (PID=1170) to work on /opt/airflow/dags/src/Transform.py
[2023-07-28T16:20:15.162+0000] {processor.py:826} INFO - Processing file /opt/airflow/dags/src/Transform.py for tasks to queue
[2023-07-28T16:20:15.162+0000] {logging_mixin.py:150} INFO - [2023-07-28T16:20:15.162+0000] {dagbag.py:541} INFO - Filling up the DagBag from /opt/airflow/dags/src/Transform.py
[2023-07-28T16:20:15.164+0000] {processor.py:838} WARNING - No viable dags retrieved from /opt/airflow/dags/src/Transform.py
[2023-07-28T16:20:15.175+0000] {processor.py:179} INFO - Processing /opt/airflow/dags/src/Transform.py took 0.016 seconds
[2023-07-28T16:20:45.426+0000] {processor.py:157} INFO - Started process (PID=1180) to work on /opt/airflow/dags/src/Transform.py
[2023-07-28T16:20:45.428+0000] {processor.py:826} INFO - Processing file /opt/airflow/dags/src/Transform.py for tasks to queue
[2023-07-28T16:20:45.429+0000] {logging_mixin.py:150} INFO - [2023-07-28T16:20:45.428+0000] {dagbag.py:541} INFO - Filling up the DagBag from /opt/airflow/dags/src/Transform.py
[2023-07-28T16:20:45.430+0000] {processor.py:838} WARNING - No viable dags retrieved from /opt/airflow/dags/src/Transform.py
[2023-07-28T16:20:45.441+0000] {processor.py:179} INFO - Processing /opt/airflow/dags/src/Transform.py took 0.017 seconds
[2023-07-28T16:21:03.641+0000] {processor.py:157} INFO - Started process (PID=1190) to work on /opt/airflow/dags/src/Transform.py
[2023-07-28T16:21:03.642+0000] {processor.py:826} INFO - Processing file /opt/airflow/dags/src/Transform.py for tasks to queue
[2023-07-28T16:21:03.643+0000] {logging_mixin.py:150} INFO - [2023-07-28T16:21:03.642+0000] {dagbag.py:541} INFO - Filling up the DagBag from /opt/airflow/dags/src/Transform.py
[2023-07-28T16:21:03.646+0000] {processor.py:838} WARNING - No viable dags retrieved from /opt/airflow/dags/src/Transform.py
[2023-07-28T16:21:03.657+0000] {processor.py:179} INFO - Processing /opt/airflow/dags/src/Transform.py took 0.018 seconds
[2023-07-28T16:21:12.679+0000] {processor.py:157} INFO - Started process (PID=1191) to work on /opt/airflow/dags/src/Transform.py
[2023-07-28T16:21:12.679+0000] {processor.py:826} INFO - Processing file /opt/airflow/dags/src/Transform.py for tasks to queue
[2023-07-28T16:21:12.680+0000] {logging_mixin.py:150} INFO - [2023-07-28T16:21:12.680+0000] {dagbag.py:541} INFO - Filling up the DagBag from /opt/airflow/dags/src/Transform.py
[2023-07-28T16:21:12.683+0000] {processor.py:838} WARNING - No viable dags retrieved from /opt/airflow/dags/src/Transform.py
[2023-07-28T16:21:12.697+0000] {processor.py:179} INFO - Processing /opt/airflow/dags/src/Transform.py took 0.020 seconds
[2023-07-28T16:21:21.868+0000] {processor.py:157} INFO - Started process (PID=1201) to work on /opt/airflow/dags/src/Transform.py
[2023-07-28T16:21:21.869+0000] {processor.py:826} INFO - Processing file /opt/airflow/dags/src/Transform.py for tasks to queue
[2023-07-28T16:21:21.869+0000] {logging_mixin.py:150} INFO - [2023-07-28T16:21:21.869+0000] {dagbag.py:541} INFO - Filling up the DagBag from /opt/airflow/dags/src/Transform.py
[2023-07-28T16:21:21.873+0000] {processor.py:838} WARNING - No viable dags retrieved from /opt/airflow/dags/src/Transform.py
[2023-07-28T16:21:21.883+0000] {processor.py:179} INFO - Processing /opt/airflow/dags/src/Transform.py took 0.018 seconds
[2023-07-28T16:21:52.125+0000] {processor.py:157} INFO - Started process (PID=1211) to work on /opt/airflow/dags/src/Transform.py
[2023-07-28T16:21:52.126+0000] {processor.py:826} INFO - Processing file /opt/airflow/dags/src/Transform.py for tasks to queue
[2023-07-28T16:21:52.126+0000] {logging_mixin.py:150} INFO - [2023-07-28T16:21:52.126+0000] {dagbag.py:541} INFO - Filling up the DagBag from /opt/airflow/dags/src/Transform.py
[2023-07-28T16:21:52.128+0000] {processor.py:838} WARNING - No viable dags retrieved from /opt/airflow/dags/src/Transform.py
[2023-07-28T16:21:52.139+0000] {processor.py:179} INFO - Processing /opt/airflow/dags/src/Transform.py took 0.017 seconds
[2023-07-28T16:22:22.388+0000] {processor.py:157} INFO - Started process (PID=1221) to work on /opt/airflow/dags/src/Transform.py
[2023-07-28T16:22:22.390+0000] {processor.py:826} INFO - Processing file /opt/airflow/dags/src/Transform.py for tasks to queue
[2023-07-28T16:22:22.390+0000] {logging_mixin.py:150} INFO - [2023-07-28T16:22:22.390+0000] {dagbag.py:541} INFO - Filling up the DagBag from /opt/airflow/dags/src/Transform.py
[2023-07-28T16:22:22.392+0000] {processor.py:838} WARNING - No viable dags retrieved from /opt/airflow/dags/src/Transform.py
[2023-07-28T16:22:22.404+0000] {processor.py:179} INFO - Processing /opt/airflow/dags/src/Transform.py took 0.019 seconds
[2023-07-28T16:22:36.443+0000] {processor.py:157} INFO - Started process (PID=1222) to work on /opt/airflow/dags/src/Transform.py
[2023-07-28T16:22:36.444+0000] {processor.py:826} INFO - Processing file /opt/airflow/dags/src/Transform.py for tasks to queue
[2023-07-28T16:22:36.444+0000] {logging_mixin.py:150} INFO - [2023-07-28T16:22:36.444+0000] {dagbag.py:541} INFO - Filling up the DagBag from /opt/airflow/dags/src/Transform.py
[2023-07-28T16:22:36.447+0000] {processor.py:838} WARNING - No viable dags retrieved from /opt/airflow/dags/src/Transform.py
[2023-07-28T16:22:36.460+0000] {processor.py:179} INFO - Processing /opt/airflow/dags/src/Transform.py took 0.019 seconds
[2023-07-28T16:22:44.483+0000] {processor.py:157} INFO - Started process (PID=1223) to work on /opt/airflow/dags/src/Transform.py
[2023-07-28T16:22:44.483+0000] {processor.py:826} INFO - Processing file /opt/airflow/dags/src/Transform.py for tasks to queue
[2023-07-28T16:22:44.484+0000] {logging_mixin.py:150} INFO - [2023-07-28T16:22:44.484+0000] {dagbag.py:541} INFO - Filling up the DagBag from /opt/airflow/dags/src/Transform.py
[2023-07-28T16:22:44.487+0000] {processor.py:838} WARNING - No viable dags retrieved from /opt/airflow/dags/src/Transform.py
[2023-07-28T16:22:44.497+0000] {processor.py:179} INFO - Processing /opt/airflow/dags/src/Transform.py took 0.017 seconds
[2023-07-28T16:22:48.556+0000] {processor.py:157} INFO - Started process (PID=1231) to work on /opt/airflow/dags/src/Transform.py
[2023-07-28T16:22:48.557+0000] {processor.py:826} INFO - Processing file /opt/airflow/dags/src/Transform.py for tasks to queue
[2023-07-28T16:22:48.558+0000] {logging_mixin.py:150} INFO - [2023-07-28T16:22:48.558+0000] {dagbag.py:541} INFO - Filling up the DagBag from /opt/airflow/dags/src/Transform.py
[2023-07-28T16:22:48.562+0000] {processor.py:838} WARNING - No viable dags retrieved from /opt/airflow/dags/src/Transform.py
[2023-07-28T16:22:48.572+0000] {processor.py:179} INFO - Processing /opt/airflow/dags/src/Transform.py took 0.020 seconds
[2023-07-28T16:23:18.816+0000] {processor.py:157} INFO - Started process (PID=1241) to work on /opt/airflow/dags/src/Transform.py
[2023-07-28T16:23:18.816+0000] {processor.py:826} INFO - Processing file /opt/airflow/dags/src/Transform.py for tasks to queue
[2023-07-28T16:23:18.817+0000] {logging_mixin.py:150} INFO - [2023-07-28T16:23:18.817+0000] {dagbag.py:541} INFO - Filling up the DagBag from /opt/airflow/dags/src/Transform.py
[2023-07-28T16:23:18.819+0000] {processor.py:838} WARNING - No viable dags retrieved from /opt/airflow/dags/src/Transform.py
[2023-07-28T16:23:18.830+0000] {processor.py:179} INFO - Processing /opt/airflow/dags/src/Transform.py took 0.017 seconds
[2023-07-28T16:23:49.073+0000] {processor.py:157} INFO - Started process (PID=1251) to work on /opt/airflow/dags/src/Transform.py
[2023-07-28T16:23:49.074+0000] {processor.py:826} INFO - Processing file /opt/airflow/dags/src/Transform.py for tasks to queue
[2023-07-28T16:23:49.074+0000] {logging_mixin.py:150} INFO - [2023-07-28T16:23:49.074+0000] {dagbag.py:541} INFO - Filling up the DagBag from /opt/airflow/dags/src/Transform.py
[2023-07-28T16:23:49.076+0000] {processor.py:838} WARNING - No viable dags retrieved from /opt/airflow/dags/src/Transform.py
[2023-07-28T16:23:49.087+0000] {processor.py:179} INFO - Processing /opt/airflow/dags/src/Transform.py took 0.017 seconds
[2023-07-28T16:24:19.334+0000] {processor.py:157} INFO - Started process (PID=1261) to work on /opt/airflow/dags/src/Transform.py
[2023-07-28T16:24:19.335+0000] {processor.py:826} INFO - Processing file /opt/airflow/dags/src/Transform.py for tasks to queue
[2023-07-28T16:24:19.336+0000] {logging_mixin.py:150} INFO - [2023-07-28T16:24:19.336+0000] {dagbag.py:541} INFO - Filling up the DagBag from /opt/airflow/dags/src/Transform.py
[2023-07-28T16:24:19.338+0000] {processor.py:838} WARNING - No viable dags retrieved from /opt/airflow/dags/src/Transform.py
[2023-07-28T16:24:19.349+0000] {processor.py:179} INFO - Processing /opt/airflow/dags/src/Transform.py took 0.018 seconds
[2023-07-28T16:24:49.578+0000] {processor.py:157} INFO - Started process (PID=1271) to work on /opt/airflow/dags/src/Transform.py
[2023-07-28T16:24:49.578+0000] {processor.py:826} INFO - Processing file /opt/airflow/dags/src/Transform.py for tasks to queue
[2023-07-28T16:24:49.579+0000] {logging_mixin.py:150} INFO - [2023-07-28T16:24:49.579+0000] {dagbag.py:541} INFO - Filling up the DagBag from /opt/airflow/dags/src/Transform.py
[2023-07-28T16:24:49.581+0000] {processor.py:838} WARNING - No viable dags retrieved from /opt/airflow/dags/src/Transform.py
[2023-07-28T16:24:49.592+0000] {processor.py:179} INFO - Processing /opt/airflow/dags/src/Transform.py took 0.017 seconds
[2023-07-28T16:25:19.817+0000] {processor.py:157} INFO - Started process (PID=1281) to work on /opt/airflow/dags/src/Transform.py
[2023-07-28T16:25:19.819+0000] {processor.py:826} INFO - Processing file /opt/airflow/dags/src/Transform.py for tasks to queue
[2023-07-28T16:25:19.820+0000] {logging_mixin.py:150} INFO - [2023-07-28T16:25:19.819+0000] {dagbag.py:541} INFO - Filling up the DagBag from /opt/airflow/dags/src/Transform.py
[2023-07-28T16:25:19.821+0000] {processor.py:838} WARNING - No viable dags retrieved from /opt/airflow/dags/src/Transform.py
[2023-07-28T16:25:19.832+0000] {processor.py:179} INFO - Processing /opt/airflow/dags/src/Transform.py took 0.017 seconds
[2023-07-28T16:25:50.071+0000] {processor.py:157} INFO - Started process (PID=1291) to work on /opt/airflow/dags/src/Transform.py
[2023-07-28T16:25:50.071+0000] {processor.py:826} INFO - Processing file /opt/airflow/dags/src/Transform.py for tasks to queue
[2023-07-28T16:25:50.072+0000] {logging_mixin.py:150} INFO - [2023-07-28T16:25:50.072+0000] {dagbag.py:541} INFO - Filling up the DagBag from /opt/airflow/dags/src/Transform.py
[2023-07-28T16:25:50.074+0000] {processor.py:838} WARNING - No viable dags retrieved from /opt/airflow/dags/src/Transform.py
[2023-07-28T16:25:50.085+0000] {processor.py:179} INFO - Processing /opt/airflow/dags/src/Transform.py took 0.017 seconds
[2023-07-28T16:26:20.310+0000] {processor.py:157} INFO - Started process (PID=1301) to work on /opt/airflow/dags/src/Transform.py
[2023-07-28T16:26:20.311+0000] {processor.py:826} INFO - Processing file /opt/airflow/dags/src/Transform.py for tasks to queue
[2023-07-28T16:26:20.312+0000] {logging_mixin.py:150} INFO - [2023-07-28T16:26:20.312+0000] {dagbag.py:541} INFO - Filling up the DagBag from /opt/airflow/dags/src/Transform.py
[2023-07-28T16:26:20.314+0000] {processor.py:838} WARNING - No viable dags retrieved from /opt/airflow/dags/src/Transform.py
[2023-07-28T16:26:20.325+0000] {processor.py:179} INFO - Processing /opt/airflow/dags/src/Transform.py took 0.018 seconds
[2023-07-28T16:26:50.563+0000] {processor.py:157} INFO - Started process (PID=1311) to work on /opt/airflow/dags/src/Transform.py
[2023-07-28T16:26:50.564+0000] {processor.py:826} INFO - Processing file /opt/airflow/dags/src/Transform.py for tasks to queue
[2023-07-28T16:26:50.564+0000] {logging_mixin.py:150} INFO - [2023-07-28T16:26:50.564+0000] {dagbag.py:541} INFO - Filling up the DagBag from /opt/airflow/dags/src/Transform.py
[2023-07-28T16:26:50.567+0000] {processor.py:838} WARNING - No viable dags retrieved from /opt/airflow/dags/src/Transform.py
[2023-07-28T16:26:50.579+0000] {processor.py:179} INFO - Processing /opt/airflow/dags/src/Transform.py took 0.019 seconds
[2023-07-28T16:27:20.815+0000] {processor.py:157} INFO - Started process (PID=1321) to work on /opt/airflow/dags/src/Transform.py
[2023-07-28T16:27:20.816+0000] {processor.py:826} INFO - Processing file /opt/airflow/dags/src/Transform.py for tasks to queue
[2023-07-28T16:27:20.817+0000] {logging_mixin.py:150} INFO - [2023-07-28T16:27:20.817+0000] {dagbag.py:541} INFO - Filling up the DagBag from /opt/airflow/dags/src/Transform.py
[2023-07-28T16:27:20.818+0000] {processor.py:838} WARNING - No viable dags retrieved from /opt/airflow/dags/src/Transform.py
[2023-07-28T16:27:20.829+0000] {processor.py:179} INFO - Processing /opt/airflow/dags/src/Transform.py took 0.017 seconds
[2023-07-28T16:27:51.046+0000] {processor.py:157} INFO - Started process (PID=1331) to work on /opt/airflow/dags/src/Transform.py
[2023-07-28T16:27:51.047+0000] {processor.py:826} INFO - Processing file /opt/airflow/dags/src/Transform.py for tasks to queue
[2023-07-28T16:27:51.048+0000] {logging_mixin.py:150} INFO - [2023-07-28T16:27:51.047+0000] {dagbag.py:541} INFO - Filling up the DagBag from /opt/airflow/dags/src/Transform.py
[2023-07-28T16:27:51.049+0000] {processor.py:838} WARNING - No viable dags retrieved from /opt/airflow/dags/src/Transform.py
[2023-07-28T16:27:51.061+0000] {processor.py:179} INFO - Processing /opt/airflow/dags/src/Transform.py took 0.017 seconds
[2023-07-28T16:28:21.295+0000] {processor.py:157} INFO - Started process (PID=1341) to work on /opt/airflow/dags/src/Transform.py
[2023-07-28T16:28:21.297+0000] {processor.py:826} INFO - Processing file /opt/airflow/dags/src/Transform.py for tasks to queue
[2023-07-28T16:28:21.297+0000] {logging_mixin.py:150} INFO - [2023-07-28T16:28:21.297+0000] {dagbag.py:541} INFO - Filling up the DagBag from /opt/airflow/dags/src/Transform.py
[2023-07-28T16:28:21.299+0000] {processor.py:838} WARNING - No viable dags retrieved from /opt/airflow/dags/src/Transform.py
[2023-07-28T16:28:21.311+0000] {processor.py:179} INFO - Processing /opt/airflow/dags/src/Transform.py took 0.018 seconds
[2023-07-28T16:28:51.535+0000] {processor.py:157} INFO - Started process (PID=1351) to work on /opt/airflow/dags/src/Transform.py
[2023-07-28T16:28:51.535+0000] {processor.py:826} INFO - Processing file /opt/airflow/dags/src/Transform.py for tasks to queue
[2023-07-28T16:28:51.536+0000] {logging_mixin.py:150} INFO - [2023-07-28T16:28:51.536+0000] {dagbag.py:541} INFO - Filling up the DagBag from /opt/airflow/dags/src/Transform.py
[2023-07-28T16:28:51.537+0000] {processor.py:838} WARNING - No viable dags retrieved from /opt/airflow/dags/src/Transform.py
[2023-07-28T16:28:51.549+0000] {processor.py:179} INFO - Processing /opt/airflow/dags/src/Transform.py took 0.017 seconds
[2023-07-28T16:29:21.773+0000] {processor.py:157} INFO - Started process (PID=1361) to work on /opt/airflow/dags/src/Transform.py
[2023-07-28T16:29:21.774+0000] {processor.py:826} INFO - Processing file /opt/airflow/dags/src/Transform.py for tasks to queue
[2023-07-28T16:29:21.774+0000] {logging_mixin.py:150} INFO - [2023-07-28T16:29:21.774+0000] {dagbag.py:541} INFO - Filling up the DagBag from /opt/airflow/dags/src/Transform.py
[2023-07-28T16:29:21.776+0000] {processor.py:838} WARNING - No viable dags retrieved from /opt/airflow/dags/src/Transform.py
[2023-07-28T16:29:21.787+0000] {processor.py:179} INFO - Processing /opt/airflow/dags/src/Transform.py took 0.017 seconds
[2023-07-28T16:29:52.021+0000] {processor.py:157} INFO - Started process (PID=1371) to work on /opt/airflow/dags/src/Transform.py
[2023-07-28T16:29:52.021+0000] {processor.py:826} INFO - Processing file /opt/airflow/dags/src/Transform.py for tasks to queue
[2023-07-28T16:29:52.022+0000] {logging_mixin.py:150} INFO - [2023-07-28T16:29:52.022+0000] {dagbag.py:541} INFO - Filling up the DagBag from /opt/airflow/dags/src/Transform.py
[2023-07-28T16:29:52.024+0000] {processor.py:838} WARNING - No viable dags retrieved from /opt/airflow/dags/src/Transform.py
[2023-07-28T16:29:52.035+0000] {processor.py:179} INFO - Processing /opt/airflow/dags/src/Transform.py took 0.017 seconds
[2023-07-28T16:30:22.347+0000] {processor.py:157} INFO - Started process (PID=1381) to work on /opt/airflow/dags/src/Transform.py
[2023-07-28T16:30:22.348+0000] {processor.py:826} INFO - Processing file /opt/airflow/dags/src/Transform.py for tasks to queue
[2023-07-28T16:30:22.349+0000] {logging_mixin.py:150} INFO - [2023-07-28T16:30:22.349+0000] {dagbag.py:541} INFO - Filling up the DagBag from /opt/airflow/dags/src/Transform.py
[2023-07-28T16:30:22.351+0000] {processor.py:838} WARNING - No viable dags retrieved from /opt/airflow/dags/src/Transform.py
[2023-07-28T16:30:22.362+0000] {processor.py:179} INFO - Processing /opt/airflow/dags/src/Transform.py took 0.018 seconds
[2023-07-28T16:30:52.579+0000] {processor.py:157} INFO - Started process (PID=1391) to work on /opt/airflow/dags/src/Transform.py
[2023-07-28T16:30:52.580+0000] {processor.py:826} INFO - Processing file /opt/airflow/dags/src/Transform.py for tasks to queue
[2023-07-28T16:30:52.580+0000] {logging_mixin.py:150} INFO - [2023-07-28T16:30:52.580+0000] {dagbag.py:541} INFO - Filling up the DagBag from /opt/airflow/dags/src/Transform.py
[2023-07-28T16:30:52.582+0000] {processor.py:838} WARNING - No viable dags retrieved from /opt/airflow/dags/src/Transform.py
[2023-07-28T16:30:52.593+0000] {processor.py:179} INFO - Processing /opt/airflow/dags/src/Transform.py took 0.017 seconds
[2023-07-28T16:31:22.896+0000] {processor.py:157} INFO - Started process (PID=1401) to work on /opt/airflow/dags/src/Transform.py
[2023-07-28T16:31:22.898+0000] {processor.py:826} INFO - Processing file /opt/airflow/dags/src/Transform.py for tasks to queue
[2023-07-28T16:31:22.898+0000] {logging_mixin.py:150} INFO - [2023-07-28T16:31:22.898+0000] {dagbag.py:541} INFO - Filling up the DagBag from /opt/airflow/dags/src/Transform.py
[2023-07-28T16:31:22.900+0000] {processor.py:838} WARNING - No viable dags retrieved from /opt/airflow/dags/src/Transform.py
[2023-07-28T16:31:22.911+0000] {processor.py:179} INFO - Processing /opt/airflow/dags/src/Transform.py took 0.018 seconds
[2023-07-28T16:31:53.130+0000] {processor.py:157} INFO - Started process (PID=1411) to work on /opt/airflow/dags/src/Transform.py
[2023-07-28T16:31:53.131+0000] {processor.py:826} INFO - Processing file /opt/airflow/dags/src/Transform.py for tasks to queue
[2023-07-28T16:31:53.131+0000] {logging_mixin.py:150} INFO - [2023-07-28T16:31:53.131+0000] {dagbag.py:541} INFO - Filling up the DagBag from /opt/airflow/dags/src/Transform.py
[2023-07-28T16:31:53.133+0000] {processor.py:838} WARNING - No viable dags retrieved from /opt/airflow/dags/src/Transform.py
[2023-07-28T16:31:53.143+0000] {processor.py:179} INFO - Processing /opt/airflow/dags/src/Transform.py took 0.016 seconds
[2023-07-28T16:32:23.447+0000] {processor.py:157} INFO - Started process (PID=1421) to work on /opt/airflow/dags/src/Transform.py
[2023-07-28T16:32:23.449+0000] {processor.py:826} INFO - Processing file /opt/airflow/dags/src/Transform.py for tasks to queue
[2023-07-28T16:32:23.450+0000] {logging_mixin.py:150} INFO - [2023-07-28T16:32:23.450+0000] {dagbag.py:541} INFO - Filling up the DagBag from /opt/airflow/dags/src/Transform.py
[2023-07-28T16:32:23.451+0000] {processor.py:838} WARNING - No viable dags retrieved from /opt/airflow/dags/src/Transform.py
[2023-07-28T16:32:23.462+0000] {processor.py:179} INFO - Processing /opt/airflow/dags/src/Transform.py took 0.017 seconds
[2023-07-28T16:32:53.687+0000] {processor.py:157} INFO - Started process (PID=1431) to work on /opt/airflow/dags/src/Transform.py
[2023-07-28T16:32:53.688+0000] {processor.py:826} INFO - Processing file /opt/airflow/dags/src/Transform.py for tasks to queue
[2023-07-28T16:32:53.689+0000] {logging_mixin.py:150} INFO - [2023-07-28T16:32:53.688+0000] {dagbag.py:541} INFO - Filling up the DagBag from /opt/airflow/dags/src/Transform.py
[2023-07-28T16:32:53.690+0000] {processor.py:838} WARNING - No viable dags retrieved from /opt/airflow/dags/src/Transform.py
[2023-07-28T16:32:53.701+0000] {processor.py:179} INFO - Processing /opt/airflow/dags/src/Transform.py took 0.017 seconds
[2023-07-28T16:33:24.013+0000] {processor.py:157} INFO - Started process (PID=1441) to work on /opt/airflow/dags/src/Transform.py
[2023-07-28T16:33:24.015+0000] {processor.py:826} INFO - Processing file /opt/airflow/dags/src/Transform.py for tasks to queue
[2023-07-28T16:33:24.015+0000] {logging_mixin.py:150} INFO - [2023-07-28T16:33:24.015+0000] {dagbag.py:541} INFO - Filling up the DagBag from /opt/airflow/dags/src/Transform.py
[2023-07-28T16:33:24.017+0000] {processor.py:838} WARNING - No viable dags retrieved from /opt/airflow/dags/src/Transform.py
[2023-07-28T16:33:24.027+0000] {processor.py:179} INFO - Processing /opt/airflow/dags/src/Transform.py took 0.017 seconds
[2023-07-28T16:33:54.245+0000] {processor.py:157} INFO - Started process (PID=1451) to work on /opt/airflow/dags/src/Transform.py
[2023-07-28T16:33:54.246+0000] {processor.py:826} INFO - Processing file /opt/airflow/dags/src/Transform.py for tasks to queue
[2023-07-28T16:33:54.247+0000] {logging_mixin.py:150} INFO - [2023-07-28T16:33:54.246+0000] {dagbag.py:541} INFO - Filling up the DagBag from /opt/airflow/dags/src/Transform.py
[2023-07-28T16:33:54.248+0000] {processor.py:838} WARNING - No viable dags retrieved from /opt/airflow/dags/src/Transform.py
[2023-07-28T16:33:54.259+0000] {processor.py:179} INFO - Processing /opt/airflow/dags/src/Transform.py took 0.017 seconds
[2023-07-28T16:34:24.563+0000] {processor.py:157} INFO - Started process (PID=1461) to work on /opt/airflow/dags/src/Transform.py
[2023-07-28T16:34:24.565+0000] {processor.py:826} INFO - Processing file /opt/airflow/dags/src/Transform.py for tasks to queue
[2023-07-28T16:34:24.565+0000] {logging_mixin.py:150} INFO - [2023-07-28T16:34:24.565+0000] {dagbag.py:541} INFO - Filling up the DagBag from /opt/airflow/dags/src/Transform.py
[2023-07-28T16:34:24.567+0000] {processor.py:838} WARNING - No viable dags retrieved from /opt/airflow/dags/src/Transform.py
[2023-07-28T16:34:24.578+0000] {processor.py:179} INFO - Processing /opt/airflow/dags/src/Transform.py took 0.017 seconds
[2023-07-28T16:34:54.800+0000] {processor.py:157} INFO - Started process (PID=1471) to work on /opt/airflow/dags/src/Transform.py
[2023-07-28T16:34:54.801+0000] {processor.py:826} INFO - Processing file /opt/airflow/dags/src/Transform.py for tasks to queue
[2023-07-28T16:34:54.801+0000] {logging_mixin.py:150} INFO - [2023-07-28T16:34:54.801+0000] {dagbag.py:541} INFO - Filling up the DagBag from /opt/airflow/dags/src/Transform.py
[2023-07-28T16:34:54.803+0000] {processor.py:838} WARNING - No viable dags retrieved from /opt/airflow/dags/src/Transform.py
[2023-07-28T16:34:54.816+0000] {processor.py:179} INFO - Processing /opt/airflow/dags/src/Transform.py took 0.018 seconds
[2023-07-28T16:35:25.115+0000] {processor.py:157} INFO - Started process (PID=1481) to work on /opt/airflow/dags/src/Transform.py
[2023-07-28T16:35:25.116+0000] {processor.py:826} INFO - Processing file /opt/airflow/dags/src/Transform.py for tasks to queue
[2023-07-28T16:35:25.117+0000] {logging_mixin.py:150} INFO - [2023-07-28T16:35:25.116+0000] {dagbag.py:541} INFO - Filling up the DagBag from /opt/airflow/dags/src/Transform.py
[2023-07-28T16:35:25.118+0000] {processor.py:838} WARNING - No viable dags retrieved from /opt/airflow/dags/src/Transform.py
[2023-07-28T16:35:25.130+0000] {processor.py:179} INFO - Processing /opt/airflow/dags/src/Transform.py took 0.017 seconds
[2023-07-28T16:35:55.349+0000] {processor.py:157} INFO - Started process (PID=1491) to work on /opt/airflow/dags/src/Transform.py
[2023-07-28T16:35:55.350+0000] {processor.py:826} INFO - Processing file /opt/airflow/dags/src/Transform.py for tasks to queue
[2023-07-28T16:35:55.351+0000] {logging_mixin.py:150} INFO - [2023-07-28T16:35:55.350+0000] {dagbag.py:541} INFO - Filling up the DagBag from /opt/airflow/dags/src/Transform.py
[2023-07-28T16:35:55.352+0000] {processor.py:838} WARNING - No viable dags retrieved from /opt/airflow/dags/src/Transform.py
[2023-07-28T16:35:55.363+0000] {processor.py:179} INFO - Processing /opt/airflow/dags/src/Transform.py took 0.016 seconds
[2023-07-28T16:36:25.673+0000] {processor.py:157} INFO - Started process (PID=1501) to work on /opt/airflow/dags/src/Transform.py
[2023-07-28T16:36:25.675+0000] {processor.py:826} INFO - Processing file /opt/airflow/dags/src/Transform.py for tasks to queue
[2023-07-28T16:36:25.675+0000] {logging_mixin.py:150} INFO - [2023-07-28T16:36:25.675+0000] {dagbag.py:541} INFO - Filling up the DagBag from /opt/airflow/dags/src/Transform.py
[2023-07-28T16:36:25.677+0000] {processor.py:838} WARNING - No viable dags retrieved from /opt/airflow/dags/src/Transform.py
[2023-07-28T16:36:25.689+0000] {processor.py:179} INFO - Processing /opt/airflow/dags/src/Transform.py took 0.018 seconds
[2023-07-28T16:36:55.913+0000] {processor.py:157} INFO - Started process (PID=1511) to work on /opt/airflow/dags/src/Transform.py
[2023-07-28T16:36:55.913+0000] {processor.py:826} INFO - Processing file /opt/airflow/dags/src/Transform.py for tasks to queue
[2023-07-28T16:36:55.914+0000] {logging_mixin.py:150} INFO - [2023-07-28T16:36:55.914+0000] {dagbag.py:541} INFO - Filling up the DagBag from /opt/airflow/dags/src/Transform.py
[2023-07-28T16:36:55.915+0000] {processor.py:838} WARNING - No viable dags retrieved from /opt/airflow/dags/src/Transform.py
[2023-07-28T16:36:55.926+0000] {processor.py:179} INFO - Processing /opt/airflow/dags/src/Transform.py took 0.016 seconds
[2023-07-28T16:37:26.233+0000] {processor.py:157} INFO - Started process (PID=1521) to work on /opt/airflow/dags/src/Transform.py
[2023-07-28T16:37:26.235+0000] {processor.py:826} INFO - Processing file /opt/airflow/dags/src/Transform.py for tasks to queue
[2023-07-28T16:37:26.235+0000] {logging_mixin.py:150} INFO - [2023-07-28T16:37:26.235+0000] {dagbag.py:541} INFO - Filling up the DagBag from /opt/airflow/dags/src/Transform.py
[2023-07-28T16:37:26.237+0000] {processor.py:838} WARNING - No viable dags retrieved from /opt/airflow/dags/src/Transform.py
[2023-07-28T16:37:26.248+0000] {processor.py:179} INFO - Processing /opt/airflow/dags/src/Transform.py took 0.018 seconds
[2023-07-28T16:37:56.566+0000] {processor.py:157} INFO - Started process (PID=1531) to work on /opt/airflow/dags/src/Transform.py
[2023-07-28T16:37:56.567+0000] {processor.py:826} INFO - Processing file /opt/airflow/dags/src/Transform.py for tasks to queue
[2023-07-28T16:37:56.567+0000] {logging_mixin.py:150} INFO - [2023-07-28T16:37:56.567+0000] {dagbag.py:541} INFO - Filling up the DagBag from /opt/airflow/dags/src/Transform.py
[2023-07-28T16:37:56.569+0000] {processor.py:838} WARNING - No viable dags retrieved from /opt/airflow/dags/src/Transform.py
[2023-07-28T16:37:56.580+0000] {processor.py:179} INFO - Processing /opt/airflow/dags/src/Transform.py took 0.016 seconds
[2023-07-28T16:38:26.891+0000] {processor.py:157} INFO - Started process (PID=1541) to work on /opt/airflow/dags/src/Transform.py
[2023-07-28T16:38:26.894+0000] {processor.py:826} INFO - Processing file /opt/airflow/dags/src/Transform.py for tasks to queue
[2023-07-28T16:38:26.896+0000] {logging_mixin.py:150} INFO - [2023-07-28T16:38:26.895+0000] {dagbag.py:541} INFO - Filling up the DagBag from /opt/airflow/dags/src/Transform.py
[2023-07-28T16:38:26.900+0000] {processor.py:838} WARNING - No viable dags retrieved from /opt/airflow/dags/src/Transform.py
[2023-07-28T16:38:26.913+0000] {processor.py:179} INFO - Processing /opt/airflow/dags/src/Transform.py took 0.030 seconds
[2023-07-28T16:38:57.219+0000] {processor.py:157} INFO - Started process (PID=1551) to work on /opt/airflow/dags/src/Transform.py
[2023-07-28T16:38:57.220+0000] {processor.py:826} INFO - Processing file /opt/airflow/dags/src/Transform.py for tasks to queue
[2023-07-28T16:38:57.220+0000] {logging_mixin.py:150} INFO - [2023-07-28T16:38:57.220+0000] {dagbag.py:541} INFO - Filling up the DagBag from /opt/airflow/dags/src/Transform.py
[2023-07-28T16:38:57.222+0000] {processor.py:838} WARNING - No viable dags retrieved from /opt/airflow/dags/src/Transform.py
[2023-07-28T16:38:57.233+0000] {processor.py:179} INFO - Processing /opt/airflow/dags/src/Transform.py took 0.016 seconds
[2023-07-28T16:39:27.531+0000] {processor.py:157} INFO - Started process (PID=1561) to work on /opt/airflow/dags/src/Transform.py
[2023-07-28T16:39:27.532+0000] {processor.py:826} INFO - Processing file /opt/airflow/dags/src/Transform.py for tasks to queue
[2023-07-28T16:39:27.533+0000] {logging_mixin.py:150} INFO - [2023-07-28T16:39:27.533+0000] {dagbag.py:541} INFO - Filling up the DagBag from /opt/airflow/dags/src/Transform.py
[2023-07-28T16:39:27.534+0000] {processor.py:838} WARNING - No viable dags retrieved from /opt/airflow/dags/src/Transform.py
[2023-07-28T16:39:27.545+0000] {processor.py:179} INFO - Processing /opt/airflow/dags/src/Transform.py took 0.016 seconds
[2023-07-28T16:39:57.849+0000] {processor.py:157} INFO - Started process (PID=1571) to work on /opt/airflow/dags/src/Transform.py
[2023-07-28T16:39:57.850+0000] {processor.py:826} INFO - Processing file /opt/airflow/dags/src/Transform.py for tasks to queue
[2023-07-28T16:39:57.850+0000] {logging_mixin.py:150} INFO - [2023-07-28T16:39:57.850+0000] {dagbag.py:541} INFO - Filling up the DagBag from /opt/airflow/dags/src/Transform.py
[2023-07-28T16:39:57.852+0000] {processor.py:838} WARNING - No viable dags retrieved from /opt/airflow/dags/src/Transform.py
[2023-07-28T16:39:57.862+0000] {processor.py:179} INFO - Processing /opt/airflow/dags/src/Transform.py took 0.016 seconds
[2023-07-28T16:40:28.209+0000] {processor.py:157} INFO - Started process (PID=1581) to work on /opt/airflow/dags/src/Transform.py
[2023-07-28T16:40:28.209+0000] {processor.py:826} INFO - Processing file /opt/airflow/dags/src/Transform.py for tasks to queue
[2023-07-28T16:40:28.210+0000] {logging_mixin.py:150} INFO - [2023-07-28T16:40:28.210+0000] {dagbag.py:541} INFO - Filling up the DagBag from /opt/airflow/dags/src/Transform.py
[2023-07-28T16:40:28.212+0000] {processor.py:838} WARNING - No viable dags retrieved from /opt/airflow/dags/src/Transform.py
[2023-07-28T16:40:28.222+0000] {processor.py:179} INFO - Processing /opt/airflow/dags/src/Transform.py took 0.016 seconds
[2023-07-28T16:40:58.528+0000] {processor.py:157} INFO - Started process (PID=1591) to work on /opt/airflow/dags/src/Transform.py
[2023-07-28T16:40:58.529+0000] {processor.py:826} INFO - Processing file /opt/airflow/dags/src/Transform.py for tasks to queue
[2023-07-28T16:40:58.530+0000] {logging_mixin.py:150} INFO - [2023-07-28T16:40:58.529+0000] {dagbag.py:541} INFO - Filling up the DagBag from /opt/airflow/dags/src/Transform.py
[2023-07-28T16:40:58.531+0000] {processor.py:838} WARNING - No viable dags retrieved from /opt/airflow/dags/src/Transform.py
[2023-07-28T16:40:58.542+0000] {processor.py:179} INFO - Processing /opt/airflow/dags/src/Transform.py took 0.016 seconds
[2023-07-28T16:41:28.841+0000] {processor.py:157} INFO - Started process (PID=1601) to work on /opt/airflow/dags/src/Transform.py
[2023-07-28T16:41:28.843+0000] {processor.py:826} INFO - Processing file /opt/airflow/dags/src/Transform.py for tasks to queue
[2023-07-28T16:41:28.843+0000] {logging_mixin.py:150} INFO - [2023-07-28T16:41:28.843+0000] {dagbag.py:541} INFO - Filling up the DagBag from /opt/airflow/dags/src/Transform.py
[2023-07-28T16:41:28.845+0000] {processor.py:838} WARNING - No viable dags retrieved from /opt/airflow/dags/src/Transform.py
[2023-07-28T16:41:28.856+0000] {processor.py:179} INFO - Processing /opt/airflow/dags/src/Transform.py took 0.018 seconds
[2023-07-28T16:41:59.162+0000] {processor.py:157} INFO - Started process (PID=1611) to work on /opt/airflow/dags/src/Transform.py
[2023-07-28T16:41:59.163+0000] {processor.py:826} INFO - Processing file /opt/airflow/dags/src/Transform.py for tasks to queue
[2023-07-28T16:41:59.163+0000] {logging_mixin.py:150} INFO - [2023-07-28T16:41:59.163+0000] {dagbag.py:541} INFO - Filling up the DagBag from /opt/airflow/dags/src/Transform.py
[2023-07-28T16:41:59.165+0000] {processor.py:838} WARNING - No viable dags retrieved from /opt/airflow/dags/src/Transform.py
[2023-07-28T16:41:59.175+0000] {processor.py:179} INFO - Processing /opt/airflow/dags/src/Transform.py took 0.015 seconds
[2023-07-28T16:42:29.486+0000] {processor.py:157} INFO - Started process (PID=1621) to work on /opt/airflow/dags/src/Transform.py
[2023-07-28T16:42:29.487+0000] {processor.py:826} INFO - Processing file /opt/airflow/dags/src/Transform.py for tasks to queue
[2023-07-28T16:42:29.488+0000] {logging_mixin.py:150} INFO - [2023-07-28T16:42:29.488+0000] {dagbag.py:541} INFO - Filling up the DagBag from /opt/airflow/dags/src/Transform.py
[2023-07-28T16:42:29.490+0000] {processor.py:838} WARNING - No viable dags retrieved from /opt/airflow/dags/src/Transform.py
[2023-07-28T16:42:29.502+0000] {processor.py:179} INFO - Processing /opt/airflow/dags/src/Transform.py took 0.018 seconds
[2023-07-28T16:42:59.810+0000] {processor.py:157} INFO - Started process (PID=1631) to work on /opt/airflow/dags/src/Transform.py
[2023-07-28T16:42:59.811+0000] {processor.py:826} INFO - Processing file /opt/airflow/dags/src/Transform.py for tasks to queue
[2023-07-28T16:42:59.812+0000] {logging_mixin.py:150} INFO - [2023-07-28T16:42:59.811+0000] {dagbag.py:541} INFO - Filling up the DagBag from /opt/airflow/dags/src/Transform.py
[2023-07-28T16:42:59.814+0000] {processor.py:838} WARNING - No viable dags retrieved from /opt/airflow/dags/src/Transform.py
[2023-07-28T16:42:59.826+0000] {processor.py:179} INFO - Processing /opt/airflow/dags/src/Transform.py took 0.019 seconds
[2023-07-28T16:43:30.123+0000] {processor.py:157} INFO - Started process (PID=1641) to work on /opt/airflow/dags/src/Transform.py
[2023-07-28T16:43:30.125+0000] {processor.py:826} INFO - Processing file /opt/airflow/dags/src/Transform.py for tasks to queue
[2023-07-28T16:43:30.126+0000] {logging_mixin.py:150} INFO - [2023-07-28T16:43:30.125+0000] {dagbag.py:541} INFO - Filling up the DagBag from /opt/airflow/dags/src/Transform.py
[2023-07-28T16:43:30.127+0000] {processor.py:838} WARNING - No viable dags retrieved from /opt/airflow/dags/src/Transform.py
[2023-07-28T16:43:30.139+0000] {processor.py:179} INFO - Processing /opt/airflow/dags/src/Transform.py took 0.018 seconds
[2023-07-28T16:44:00.452+0000] {processor.py:157} INFO - Started process (PID=1651) to work on /opt/airflow/dags/src/Transform.py
[2023-07-28T16:44:00.453+0000] {processor.py:826} INFO - Processing file /opt/airflow/dags/src/Transform.py for tasks to queue
[2023-07-28T16:44:00.453+0000] {logging_mixin.py:150} INFO - [2023-07-28T16:44:00.453+0000] {dagbag.py:541} INFO - Filling up the DagBag from /opt/airflow/dags/src/Transform.py
[2023-07-28T16:44:00.455+0000] {processor.py:838} WARNING - No viable dags retrieved from /opt/airflow/dags/src/Transform.py
[2023-07-28T16:44:00.466+0000] {processor.py:179} INFO - Processing /opt/airflow/dags/src/Transform.py took 0.017 seconds
[2023-07-28T16:44:30.773+0000] {processor.py:157} INFO - Started process (PID=1661) to work on /opt/airflow/dags/src/Transform.py
[2023-07-28T16:44:30.775+0000] {processor.py:826} INFO - Processing file /opt/airflow/dags/src/Transform.py for tasks to queue
[2023-07-28T16:44:30.775+0000] {logging_mixin.py:150} INFO - [2023-07-28T16:44:30.775+0000] {dagbag.py:541} INFO - Filling up the DagBag from /opt/airflow/dags/src/Transform.py
[2023-07-28T16:44:30.777+0000] {processor.py:838} WARNING - No viable dags retrieved from /opt/airflow/dags/src/Transform.py
[2023-07-28T16:44:30.789+0000] {processor.py:179} INFO - Processing /opt/airflow/dags/src/Transform.py took 0.018 seconds
[2023-07-28T16:45:01.106+0000] {processor.py:157} INFO - Started process (PID=1672) to work on /opt/airflow/dags/src/Transform.py
[2023-07-28T16:45:01.107+0000] {processor.py:826} INFO - Processing file /opt/airflow/dags/src/Transform.py for tasks to queue
[2023-07-28T16:45:01.108+0000] {logging_mixin.py:150} INFO - [2023-07-28T16:45:01.107+0000] {dagbag.py:541} INFO - Filling up the DagBag from /opt/airflow/dags/src/Transform.py
[2023-07-28T16:45:01.109+0000] {processor.py:838} WARNING - No viable dags retrieved from /opt/airflow/dags/src/Transform.py
[2023-07-28T16:45:01.120+0000] {processor.py:179} INFO - Processing /opt/airflow/dags/src/Transform.py took 0.016 seconds
[2023-07-28T16:45:31.422+0000] {processor.py:157} INFO - Started process (PID=1682) to work on /opt/airflow/dags/src/Transform.py
[2023-07-28T16:45:31.425+0000] {processor.py:826} INFO - Processing file /opt/airflow/dags/src/Transform.py for tasks to queue
[2023-07-28T16:45:31.426+0000] {logging_mixin.py:150} INFO - [2023-07-28T16:45:31.425+0000] {dagbag.py:541} INFO - Filling up the DagBag from /opt/airflow/dags/src/Transform.py
[2023-07-28T16:45:31.427+0000] {processor.py:838} WARNING - No viable dags retrieved from /opt/airflow/dags/src/Transform.py
[2023-07-28T16:45:31.437+0000] {processor.py:179} INFO - Processing /opt/airflow/dags/src/Transform.py took 0.018 seconds
[2023-07-28T16:46:01.736+0000] {processor.py:157} INFO - Started process (PID=1692) to work on /opt/airflow/dags/src/Transform.py
[2023-07-28T16:46:01.736+0000] {processor.py:826} INFO - Processing file /opt/airflow/dags/src/Transform.py for tasks to queue
[2023-07-28T16:46:01.737+0000] {logging_mixin.py:150} INFO - [2023-07-28T16:46:01.737+0000] {dagbag.py:541} INFO - Filling up the DagBag from /opt/airflow/dags/src/Transform.py
[2023-07-28T16:46:01.738+0000] {processor.py:838} WARNING - No viable dags retrieved from /opt/airflow/dags/src/Transform.py
[2023-07-28T16:46:01.750+0000] {processor.py:179} INFO - Processing /opt/airflow/dags/src/Transform.py took 0.017 seconds
[2023-07-28T16:46:32.053+0000] {processor.py:157} INFO - Started process (PID=1702) to work on /opt/airflow/dags/src/Transform.py
[2023-07-28T16:46:32.055+0000] {processor.py:826} INFO - Processing file /opt/airflow/dags/src/Transform.py for tasks to queue
[2023-07-28T16:46:32.056+0000] {logging_mixin.py:150} INFO - [2023-07-28T16:46:32.056+0000] {dagbag.py:541} INFO - Filling up the DagBag from /opt/airflow/dags/src/Transform.py
[2023-07-28T16:46:32.058+0000] {processor.py:838} WARNING - No viable dags retrieved from /opt/airflow/dags/src/Transform.py
[2023-07-28T16:46:32.069+0000] {processor.py:179} INFO - Processing /opt/airflow/dags/src/Transform.py took 0.018 seconds
[2023-07-28T16:47:02.389+0000] {processor.py:157} INFO - Started process (PID=1712) to work on /opt/airflow/dags/src/Transform.py
[2023-07-28T16:47:02.390+0000] {processor.py:826} INFO - Processing file /opt/airflow/dags/src/Transform.py for tasks to queue
[2023-07-28T16:47:02.390+0000] {logging_mixin.py:150} INFO - [2023-07-28T16:47:02.390+0000] {dagbag.py:541} INFO - Filling up the DagBag from /opt/airflow/dags/src/Transform.py
[2023-07-28T16:47:02.392+0000] {processor.py:838} WARNING - No viable dags retrieved from /opt/airflow/dags/src/Transform.py
[2023-07-28T16:47:02.403+0000] {processor.py:179} INFO - Processing /opt/airflow/dags/src/Transform.py took 0.016 seconds
[2023-07-28T16:47:32.727+0000] {processor.py:157} INFO - Started process (PID=1722) to work on /opt/airflow/dags/src/Transform.py
[2023-07-28T16:47:32.729+0000] {processor.py:826} INFO - Processing file /opt/airflow/dags/src/Transform.py for tasks to queue
[2023-07-28T16:47:32.729+0000] {logging_mixin.py:150} INFO - [2023-07-28T16:47:32.729+0000] {dagbag.py:541} INFO - Filling up the DagBag from /opt/airflow/dags/src/Transform.py
[2023-07-28T16:47:32.731+0000] {processor.py:838} WARNING - No viable dags retrieved from /opt/airflow/dags/src/Transform.py
[2023-07-28T16:47:32.742+0000] {processor.py:179} INFO - Processing /opt/airflow/dags/src/Transform.py took 0.017 seconds
[2023-07-28T16:48:03.049+0000] {processor.py:157} INFO - Started process (PID=1732) to work on /opt/airflow/dags/src/Transform.py
[2023-07-28T16:48:03.050+0000] {processor.py:826} INFO - Processing file /opt/airflow/dags/src/Transform.py for tasks to queue
[2023-07-28T16:48:03.050+0000] {logging_mixin.py:150} INFO - [2023-07-28T16:48:03.050+0000] {dagbag.py:541} INFO - Filling up the DagBag from /opt/airflow/dags/src/Transform.py
[2023-07-28T16:48:03.052+0000] {processor.py:838} WARNING - No viable dags retrieved from /opt/airflow/dags/src/Transform.py
[2023-07-28T16:48:03.063+0000] {processor.py:179} INFO - Processing /opt/airflow/dags/src/Transform.py took 0.017 seconds
[2023-07-28T16:48:32.292+0000] {processor.py:157} INFO - Started process (PID=1742) to work on /opt/airflow/dags/src/Transform.py
[2023-07-28T16:48:32.293+0000] {processor.py:826} INFO - Processing file /opt/airflow/dags/src/Transform.py for tasks to queue
[2023-07-28T16:48:32.294+0000] {logging_mixin.py:150} INFO - [2023-07-28T16:48:32.294+0000] {dagbag.py:541} INFO - Filling up the DagBag from /opt/airflow/dags/src/Transform.py
[2023-07-28T16:48:32.297+0000] {processor.py:838} WARNING - No viable dags retrieved from /opt/airflow/dags/src/Transform.py
[2023-07-28T16:48:32.309+0000] {processor.py:179} INFO - Processing /opt/airflow/dags/src/Transform.py took 0.020 seconds
[2023-07-28T16:49:02.566+0000] {processor.py:157} INFO - Started process (PID=1752) to work on /opt/airflow/dags/src/Transform.py
[2023-07-28T16:49:02.567+0000] {processor.py:826} INFO - Processing file /opt/airflow/dags/src/Transform.py for tasks to queue
[2023-07-28T16:49:02.568+0000] {logging_mixin.py:150} INFO - [2023-07-28T16:49:02.567+0000] {dagbag.py:541} INFO - Filling up the DagBag from /opt/airflow/dags/src/Transform.py
[2023-07-28T16:49:02.570+0000] {processor.py:838} WARNING - No viable dags retrieved from /opt/airflow/dags/src/Transform.py
[2023-07-28T16:49:02.583+0000] {processor.py:179} INFO - Processing /opt/airflow/dags/src/Transform.py took 0.019 seconds
[2023-07-28T16:49:32.820+0000] {processor.py:157} INFO - Started process (PID=1762) to work on /opt/airflow/dags/src/Transform.py
[2023-07-28T16:49:32.822+0000] {processor.py:826} INFO - Processing file /opt/airflow/dags/src/Transform.py for tasks to queue
[2023-07-28T16:49:32.822+0000] {logging_mixin.py:150} INFO - [2023-07-28T16:49:32.822+0000] {dagbag.py:541} INFO - Filling up the DagBag from /opt/airflow/dags/src/Transform.py
[2023-07-28T16:49:32.824+0000] {processor.py:838} WARNING - No viable dags retrieved from /opt/airflow/dags/src/Transform.py
[2023-07-28T16:49:32.835+0000] {processor.py:179} INFO - Processing /opt/airflow/dags/src/Transform.py took 0.018 seconds
[2023-07-28T16:50:03.063+0000] {processor.py:157} INFO - Started process (PID=1772) to work on /opt/airflow/dags/src/Transform.py
[2023-07-28T16:50:03.063+0000] {processor.py:826} INFO - Processing file /opt/airflow/dags/src/Transform.py for tasks to queue
[2023-07-28T16:50:03.064+0000] {logging_mixin.py:150} INFO - [2023-07-28T16:50:03.064+0000] {dagbag.py:541} INFO - Filling up the DagBag from /opt/airflow/dags/src/Transform.py
[2023-07-28T16:50:03.065+0000] {processor.py:838} WARNING - No viable dags retrieved from /opt/airflow/dags/src/Transform.py
[2023-07-28T16:50:03.077+0000] {processor.py:179} INFO - Processing /opt/airflow/dags/src/Transform.py took 0.016 seconds
[2023-07-28T16:50:33.347+0000] {processor.py:157} INFO - Started process (PID=1782) to work on /opt/airflow/dags/src/Transform.py
[2023-07-28T16:50:33.349+0000] {processor.py:826} INFO - Processing file /opt/airflow/dags/src/Transform.py for tasks to queue
[2023-07-28T16:50:33.350+0000] {logging_mixin.py:150} INFO - [2023-07-28T16:50:33.350+0000] {dagbag.py:541} INFO - Filling up the DagBag from /opt/airflow/dags/src/Transform.py
[2023-07-28T16:50:33.352+0000] {processor.py:838} WARNING - No viable dags retrieved from /opt/airflow/dags/src/Transform.py
[2023-07-28T16:50:33.363+0000] {processor.py:179} INFO - Processing /opt/airflow/dags/src/Transform.py took 0.019 seconds
[2023-07-28T16:51:03.610+0000] {processor.py:157} INFO - Started process (PID=1792) to work on /opt/airflow/dags/src/Transform.py
[2023-07-28T16:51:03.611+0000] {processor.py:826} INFO - Processing file /opt/airflow/dags/src/Transform.py for tasks to queue
[2023-07-28T16:51:03.611+0000] {logging_mixin.py:150} INFO - [2023-07-28T16:51:03.611+0000] {dagbag.py:541} INFO - Filling up the DagBag from /opt/airflow/dags/src/Transform.py
[2023-07-28T16:51:03.613+0000] {processor.py:838} WARNING - No viable dags retrieved from /opt/airflow/dags/src/Transform.py
[2023-07-28T16:51:03.626+0000] {processor.py:179} INFO - Processing /opt/airflow/dags/src/Transform.py took 0.018 seconds
[2023-07-28T16:51:33.851+0000] {processor.py:157} INFO - Started process (PID=1802) to work on /opt/airflow/dags/src/Transform.py
[2023-07-28T16:51:33.853+0000] {processor.py:826} INFO - Processing file /opt/airflow/dags/src/Transform.py for tasks to queue
[2023-07-28T16:51:33.854+0000] {logging_mixin.py:150} INFO - [2023-07-28T16:51:33.853+0000] {dagbag.py:541} INFO - Filling up the DagBag from /opt/airflow/dags/src/Transform.py
[2023-07-28T16:51:33.855+0000] {processor.py:838} WARNING - No viable dags retrieved from /opt/airflow/dags/src/Transform.py
[2023-07-28T16:51:33.865+0000] {processor.py:179} INFO - Processing /opt/airflow/dags/src/Transform.py took 0.017 seconds
[2023-07-28T16:52:04.275+0000] {processor.py:157} INFO - Started process (PID=1812) to work on /opt/airflow/dags/src/Transform.py
[2023-07-28T16:52:04.275+0000] {processor.py:826} INFO - Processing file /opt/airflow/dags/src/Transform.py for tasks to queue
[2023-07-28T16:52:04.276+0000] {logging_mixin.py:150} INFO - [2023-07-28T16:52:04.276+0000] {dagbag.py:541} INFO - Filling up the DagBag from /opt/airflow/dags/src/Transform.py
[2023-07-28T16:52:04.277+0000] {processor.py:838} WARNING - No viable dags retrieved from /opt/airflow/dags/src/Transform.py
[2023-07-28T16:52:04.289+0000] {processor.py:179} INFO - Processing /opt/airflow/dags/src/Transform.py took 0.017 seconds
[2023-07-28T16:52:34.574+0000] {processor.py:157} INFO - Started process (PID=1821) to work on /opt/airflow/dags/src/Transform.py
[2023-07-28T16:52:34.575+0000] {processor.py:826} INFO - Processing file /opt/airflow/dags/src/Transform.py for tasks to queue
[2023-07-28T16:52:34.576+0000] {logging_mixin.py:150} INFO - [2023-07-28T16:52:34.576+0000] {dagbag.py:541} INFO - Filling up the DagBag from /opt/airflow/dags/src/Transform.py
[2023-07-28T16:52:34.578+0000] {processor.py:838} WARNING - No viable dags retrieved from /opt/airflow/dags/src/Transform.py
[2023-07-28T16:52:34.590+0000] {processor.py:179} INFO - Processing /opt/airflow/dags/src/Transform.py took 0.019 seconds
[2023-07-28T16:53:04.868+0000] {processor.py:157} INFO - Started process (PID=1831) to work on /opt/airflow/dags/src/Transform.py
[2023-07-28T16:53:04.868+0000] {processor.py:826} INFO - Processing file /opt/airflow/dags/src/Transform.py for tasks to queue
[2023-07-28T16:53:04.869+0000] {logging_mixin.py:150} INFO - [2023-07-28T16:53:04.869+0000] {dagbag.py:541} INFO - Filling up the DagBag from /opt/airflow/dags/src/Transform.py
[2023-07-28T16:53:04.871+0000] {processor.py:838} WARNING - No viable dags retrieved from /opt/airflow/dags/src/Transform.py
[2023-07-28T16:53:04.883+0000] {processor.py:179} INFO - Processing /opt/airflow/dags/src/Transform.py took 0.019 seconds
[2023-07-28T16:53:35.015+0000] {processor.py:157} INFO - Started process (PID=1841) to work on /opt/airflow/dags/src/Transform.py
[2023-07-28T16:53:35.016+0000] {processor.py:826} INFO - Processing file /opt/airflow/dags/src/Transform.py for tasks to queue
[2023-07-28T16:53:35.016+0000] {logging_mixin.py:150} INFO - [2023-07-28T16:53:35.016+0000] {dagbag.py:541} INFO - Filling up the DagBag from /opt/airflow/dags/src/Transform.py
[2023-07-28T16:53:35.018+0000] {processor.py:838} WARNING - No viable dags retrieved from /opt/airflow/dags/src/Transform.py
[2023-07-28T16:53:35.031+0000] {processor.py:179} INFO - Processing /opt/airflow/dags/src/Transform.py took 0.018 seconds
[2023-07-28T16:54:05.147+0000] {processor.py:157} INFO - Started process (PID=1851) to work on /opt/airflow/dags/src/Transform.py
[2023-07-28T16:54:05.147+0000] {processor.py:826} INFO - Processing file /opt/airflow/dags/src/Transform.py for tasks to queue
[2023-07-28T16:54:05.148+0000] {logging_mixin.py:150} INFO - [2023-07-28T16:54:05.148+0000] {dagbag.py:541} INFO - Filling up the DagBag from /opt/airflow/dags/src/Transform.py
[2023-07-28T16:54:05.150+0000] {processor.py:838} WARNING - No viable dags retrieved from /opt/airflow/dags/src/Transform.py
[2023-07-28T16:54:05.163+0000] {processor.py:179} INFO - Processing /opt/airflow/dags/src/Transform.py took 0.019 seconds
[2023-07-28T16:54:35.454+0000] {processor.py:157} INFO - Started process (PID=1861) to work on /opt/airflow/dags/src/Transform.py
[2023-07-28T16:54:35.456+0000] {processor.py:826} INFO - Processing file /opt/airflow/dags/src/Transform.py for tasks to queue
[2023-07-28T16:54:35.457+0000] {logging_mixin.py:150} INFO - [2023-07-28T16:54:35.456+0000] {dagbag.py:541} INFO - Filling up the DagBag from /opt/airflow/dags/src/Transform.py
[2023-07-28T16:54:35.458+0000] {processor.py:838} WARNING - No viable dags retrieved from /opt/airflow/dags/src/Transform.py
[2023-07-28T16:54:35.469+0000] {processor.py:179} INFO - Processing /opt/airflow/dags/src/Transform.py took 0.018 seconds
[2023-07-28T16:55:05.779+0000] {processor.py:157} INFO - Started process (PID=1871) to work on /opt/airflow/dags/src/Transform.py
[2023-07-28T16:55:05.780+0000] {processor.py:826} INFO - Processing file /opt/airflow/dags/src/Transform.py for tasks to queue
[2023-07-28T16:55:05.781+0000] {logging_mixin.py:150} INFO - [2023-07-28T16:55:05.780+0000] {dagbag.py:541} INFO - Filling up the DagBag from /opt/airflow/dags/src/Transform.py
[2023-07-28T16:55:05.782+0000] {processor.py:838} WARNING - No viable dags retrieved from /opt/airflow/dags/src/Transform.py
[2023-07-28T16:55:05.793+0000] {processor.py:179} INFO - Processing /opt/airflow/dags/src/Transform.py took 0.016 seconds
[2023-07-28T16:55:36.076+0000] {processor.py:157} INFO - Started process (PID=1881) to work on /opt/airflow/dags/src/Transform.py
[2023-07-28T16:55:36.078+0000] {processor.py:826} INFO - Processing file /opt/airflow/dags/src/Transform.py for tasks to queue
[2023-07-28T16:55:36.079+0000] {logging_mixin.py:150} INFO - [2023-07-28T16:55:36.079+0000] {dagbag.py:541} INFO - Filling up the DagBag from /opt/airflow/dags/src/Transform.py
[2023-07-28T16:55:36.081+0000] {processor.py:838} WARNING - No viable dags retrieved from /opt/airflow/dags/src/Transform.py
[2023-07-28T16:55:36.093+0000] {processor.py:179} INFO - Processing /opt/airflow/dags/src/Transform.py took 0.019 seconds
[2023-07-28T16:56:06.367+0000] {processor.py:157} INFO - Started process (PID=1892) to work on /opt/airflow/dags/src/Transform.py
[2023-07-28T16:56:06.368+0000] {processor.py:826} INFO - Processing file /opt/airflow/dags/src/Transform.py for tasks to queue
[2023-07-28T16:56:06.368+0000] {logging_mixin.py:150} INFO - [2023-07-28T16:56:06.368+0000] {dagbag.py:541} INFO - Filling up the DagBag from /opt/airflow/dags/src/Transform.py
[2023-07-28T16:56:06.370+0000] {processor.py:838} WARNING - No viable dags retrieved from /opt/airflow/dags/src/Transform.py
[2023-07-28T16:56:06.384+0000] {processor.py:179} INFO - Processing /opt/airflow/dags/src/Transform.py took 0.020 seconds
[2023-07-28T16:56:36.496+0000] {processor.py:157} INFO - Started process (PID=1902) to work on /opt/airflow/dags/src/Transform.py
[2023-07-28T16:56:36.498+0000] {processor.py:826} INFO - Processing file /opt/airflow/dags/src/Transform.py for tasks to queue
[2023-07-28T16:56:36.498+0000] {logging_mixin.py:150} INFO - [2023-07-28T16:56:36.498+0000] {dagbag.py:541} INFO - Filling up the DagBag from /opt/airflow/dags/src/Transform.py
[2023-07-28T16:56:36.500+0000] {processor.py:838} WARNING - No viable dags retrieved from /opt/airflow/dags/src/Transform.py
[2023-07-28T16:56:36.510+0000] {processor.py:179} INFO - Processing /opt/airflow/dags/src/Transform.py took 0.016 seconds
[2023-07-28T16:57:06.793+0000] {processor.py:157} INFO - Started process (PID=1912) to work on /opt/airflow/dags/src/Transform.py
[2023-07-28T16:57:06.794+0000] {processor.py:826} INFO - Processing file /opt/airflow/dags/src/Transform.py for tasks to queue
[2023-07-28T16:57:06.795+0000] {logging_mixin.py:150} INFO - [2023-07-28T16:57:06.794+0000] {dagbag.py:541} INFO - Filling up the DagBag from /opt/airflow/dags/src/Transform.py
[2023-07-28T16:57:06.796+0000] {processor.py:838} WARNING - No viable dags retrieved from /opt/airflow/dags/src/Transform.py
[2023-07-28T16:57:06.807+0000] {processor.py:179} INFO - Processing /opt/airflow/dags/src/Transform.py took 0.016 seconds
[2023-07-28T16:57:36.928+0000] {processor.py:157} INFO - Started process (PID=1922) to work on /opt/airflow/dags/src/Transform.py
[2023-07-28T16:57:36.930+0000] {processor.py:826} INFO - Processing file /opt/airflow/dags/src/Transform.py for tasks to queue
[2023-07-28T16:57:36.930+0000] {logging_mixin.py:150} INFO - [2023-07-28T16:57:36.930+0000] {dagbag.py:541} INFO - Filling up the DagBag from /opt/airflow/dags/src/Transform.py
[2023-07-28T16:57:36.932+0000] {processor.py:838} WARNING - No viable dags retrieved from /opt/airflow/dags/src/Transform.py
[2023-07-28T16:57:36.944+0000] {processor.py:179} INFO - Processing /opt/airflow/dags/src/Transform.py took 0.019 seconds
[2023-07-28T16:58:07.195+0000] {processor.py:157} INFO - Started process (PID=1932) to work on /opt/airflow/dags/src/Transform.py
[2023-07-28T16:58:07.195+0000] {processor.py:826} INFO - Processing file /opt/airflow/dags/src/Transform.py for tasks to queue
[2023-07-28T16:58:07.196+0000] {logging_mixin.py:150} INFO - [2023-07-28T16:58:07.195+0000] {dagbag.py:541} INFO - Filling up the DagBag from /opt/airflow/dags/src/Transform.py
[2023-07-28T16:58:07.197+0000] {processor.py:838} WARNING - No viable dags retrieved from /opt/airflow/dags/src/Transform.py
[2023-07-28T16:58:07.211+0000] {processor.py:179} INFO - Processing /opt/airflow/dags/src/Transform.py took 0.019 seconds
[2023-07-28T16:58:37.448+0000] {processor.py:157} INFO - Started process (PID=1942) to work on /opt/airflow/dags/src/Transform.py
[2023-07-28T16:58:37.449+0000] {processor.py:826} INFO - Processing file /opt/airflow/dags/src/Transform.py for tasks to queue
[2023-07-28T16:58:37.450+0000] {logging_mixin.py:150} INFO - [2023-07-28T16:58:37.450+0000] {dagbag.py:541} INFO - Filling up the DagBag from /opt/airflow/dags/src/Transform.py
[2023-07-28T16:58:37.452+0000] {processor.py:838} WARNING - No viable dags retrieved from /opt/airflow/dags/src/Transform.py
[2023-07-28T16:58:37.463+0000] {processor.py:179} INFO - Processing /opt/airflow/dags/src/Transform.py took 0.018 seconds
[2023-07-28T16:59:07.781+0000] {processor.py:157} INFO - Started process (PID=1953) to work on /opt/airflow/dags/src/Transform.py
[2023-07-28T16:59:07.781+0000] {processor.py:826} INFO - Processing file /opt/airflow/dags/src/Transform.py for tasks to queue
[2023-07-28T16:59:07.782+0000] {logging_mixin.py:150} INFO - [2023-07-28T16:59:07.782+0000] {dagbag.py:541} INFO - Filling up the DagBag from /opt/airflow/dags/src/Transform.py
[2023-07-28T16:59:07.785+0000] {processor.py:838} WARNING - No viable dags retrieved from /opt/airflow/dags/src/Transform.py
[2023-07-28T16:59:07.798+0000] {processor.py:179} INFO - Processing /opt/airflow/dags/src/Transform.py took 0.020 seconds
[2023-07-28T16:59:37.942+0000] {processor.py:157} INFO - Started process (PID=1964) to work on /opt/airflow/dags/src/Transform.py
[2023-07-28T16:59:37.943+0000] {processor.py:826} INFO - Processing file /opt/airflow/dags/src/Transform.py for tasks to queue
[2023-07-28T16:59:37.943+0000] {logging_mixin.py:150} INFO - [2023-07-28T16:59:37.943+0000] {dagbag.py:541} INFO - Filling up the DagBag from /opt/airflow/dags/src/Transform.py
[2023-07-28T16:59:37.945+0000] {processor.py:838} WARNING - No viable dags retrieved from /opt/airflow/dags/src/Transform.py
[2023-07-28T16:59:37.958+0000] {processor.py:179} INFO - Processing /opt/airflow/dags/src/Transform.py took 0.019 seconds
