[2023-08-01T10:50:50.950+0000] {processor.py:157} INFO - Started process (PID=33) to work on /opt/airflow/dags/src/Transform.py
[2023-08-01T10:50:50.951+0000] {processor.py:826} INFO - Processing file /opt/airflow/dags/src/Transform.py for tasks to queue
[2023-08-01T10:50:50.951+0000] {logging_mixin.py:150} INFO - [2023-08-01T10:50:50.951+0000] {dagbag.py:541} INFO - Filling up the DagBag from /opt/airflow/dags/src/Transform.py
[2023-08-01T10:50:50.953+0000] {processor.py:838} WARNING - No viable dags retrieved from /opt/airflow/dags/src/Transform.py
[2023-08-01T10:50:50.962+0000] {processor.py:179} INFO - Processing /opt/airflow/dags/src/Transform.py took 0.015 seconds
[2023-08-01T10:51:21.283+0000] {processor.py:157} INFO - Started process (PID=43) to work on /opt/airflow/dags/src/Transform.py
[2023-08-01T10:51:21.284+0000] {processor.py:826} INFO - Processing file /opt/airflow/dags/src/Transform.py for tasks to queue
[2023-08-01T10:51:21.284+0000] {logging_mixin.py:150} INFO - [2023-08-01T10:51:21.284+0000] {dagbag.py:541} INFO - Filling up the DagBag from /opt/airflow/dags/src/Transform.py
[2023-08-01T10:51:21.286+0000] {processor.py:838} WARNING - No viable dags retrieved from /opt/airflow/dags/src/Transform.py
[2023-08-01T10:51:21.295+0000] {processor.py:179} INFO - Processing /opt/airflow/dags/src/Transform.py took 0.014 seconds
[2023-08-01T10:51:51.555+0000] {processor.py:157} INFO - Started process (PID=53) to work on /opt/airflow/dags/src/Transform.py
[2023-08-01T10:51:51.556+0000] {processor.py:826} INFO - Processing file /opt/airflow/dags/src/Transform.py for tasks to queue
[2023-08-01T10:51:51.557+0000] {logging_mixin.py:150} INFO - [2023-08-01T10:51:51.556+0000] {dagbag.py:541} INFO - Filling up the DagBag from /opt/airflow/dags/src/Transform.py
[2023-08-01T10:51:51.558+0000] {processor.py:838} WARNING - No viable dags retrieved from /opt/airflow/dags/src/Transform.py
[2023-08-01T10:51:51.569+0000] {processor.py:179} INFO - Processing /opt/airflow/dags/src/Transform.py took 0.016 seconds
[2023-08-01T10:52:21.824+0000] {processor.py:157} INFO - Started process (PID=63) to work on /opt/airflow/dags/src/Transform.py
[2023-08-01T10:52:21.825+0000] {processor.py:826} INFO - Processing file /opt/airflow/dags/src/Transform.py for tasks to queue
[2023-08-01T10:52:21.826+0000] {logging_mixin.py:150} INFO - [2023-08-01T10:52:21.825+0000] {dagbag.py:541} INFO - Filling up the DagBag from /opt/airflow/dags/src/Transform.py
[2023-08-01T10:52:21.827+0000] {processor.py:838} WARNING - No viable dags retrieved from /opt/airflow/dags/src/Transform.py
[2023-08-01T10:52:21.837+0000] {processor.py:179} INFO - Processing /opt/airflow/dags/src/Transform.py took 0.015 seconds
[2023-08-01T10:52:52.105+0000] {processor.py:157} INFO - Started process (PID=73) to work on /opt/airflow/dags/src/Transform.py
[2023-08-01T10:52:52.106+0000] {processor.py:826} INFO - Processing file /opt/airflow/dags/src/Transform.py for tasks to queue
[2023-08-01T10:52:52.107+0000] {logging_mixin.py:150} INFO - [2023-08-01T10:52:52.107+0000] {dagbag.py:541} INFO - Filling up the DagBag from /opt/airflow/dags/src/Transform.py
[2023-08-01T10:52:52.109+0000] {processor.py:838} WARNING - No viable dags retrieved from /opt/airflow/dags/src/Transform.py
[2023-08-01T10:52:52.119+0000] {processor.py:179} INFO - Processing /opt/airflow/dags/src/Transform.py took 0.016 seconds
[2023-08-01T10:53:22.412+0000] {processor.py:157} INFO - Started process (PID=83) to work on /opt/airflow/dags/src/Transform.py
[2023-08-01T10:53:22.413+0000] {processor.py:826} INFO - Processing file /opt/airflow/dags/src/Transform.py for tasks to queue
[2023-08-01T10:53:22.414+0000] {logging_mixin.py:150} INFO - [2023-08-01T10:53:22.413+0000] {dagbag.py:541} INFO - Filling up the DagBag from /opt/airflow/dags/src/Transform.py
[2023-08-01T10:53:22.415+0000] {processor.py:838} WARNING - No viable dags retrieved from /opt/airflow/dags/src/Transform.py
[2023-08-01T10:53:22.428+0000] {processor.py:179} INFO - Processing /opt/airflow/dags/src/Transform.py took 0.020 seconds
[2023-08-01T10:53:52.680+0000] {processor.py:157} INFO - Started process (PID=93) to work on /opt/airflow/dags/src/Transform.py
[2023-08-01T10:53:52.681+0000] {processor.py:826} INFO - Processing file /opt/airflow/dags/src/Transform.py for tasks to queue
[2023-08-01T10:53:52.682+0000] {logging_mixin.py:150} INFO - [2023-08-01T10:53:52.681+0000] {dagbag.py:541} INFO - Filling up the DagBag from /opt/airflow/dags/src/Transform.py
[2023-08-01T10:53:52.683+0000] {processor.py:838} WARNING - No viable dags retrieved from /opt/airflow/dags/src/Transform.py
[2023-08-01T10:53:52.692+0000] {processor.py:179} INFO - Processing /opt/airflow/dags/src/Transform.py took 0.015 seconds
[2023-08-01T10:54:22.951+0000] {processor.py:157} INFO - Started process (PID=103) to work on /opt/airflow/dags/src/Transform.py
[2023-08-01T10:54:22.952+0000] {processor.py:826} INFO - Processing file /opt/airflow/dags/src/Transform.py for tasks to queue
[2023-08-01T10:54:22.953+0000] {logging_mixin.py:150} INFO - [2023-08-01T10:54:22.953+0000] {dagbag.py:541} INFO - Filling up the DagBag from /opt/airflow/dags/src/Transform.py
[2023-08-01T10:54:22.954+0000] {processor.py:838} WARNING - No viable dags retrieved from /opt/airflow/dags/src/Transform.py
[2023-08-01T10:54:22.966+0000] {processor.py:179} INFO - Processing /opt/airflow/dags/src/Transform.py took 0.018 seconds
[2023-08-01T10:54:53.222+0000] {processor.py:157} INFO - Started process (PID=113) to work on /opt/airflow/dags/src/Transform.py
[2023-08-01T10:54:53.223+0000] {processor.py:826} INFO - Processing file /opt/airflow/dags/src/Transform.py for tasks to queue
[2023-08-01T10:54:53.223+0000] {logging_mixin.py:150} INFO - [2023-08-01T10:54:53.223+0000] {dagbag.py:541} INFO - Filling up the DagBag from /opt/airflow/dags/src/Transform.py
[2023-08-01T10:54:53.225+0000] {processor.py:838} WARNING - No viable dags retrieved from /opt/airflow/dags/src/Transform.py
[2023-08-01T10:54:53.234+0000] {processor.py:179} INFO - Processing /opt/airflow/dags/src/Transform.py took 0.015 seconds
[2023-08-01T10:55:23.505+0000] {processor.py:157} INFO - Started process (PID=123) to work on /opt/airflow/dags/src/Transform.py
[2023-08-01T10:55:23.506+0000] {processor.py:826} INFO - Processing file /opt/airflow/dags/src/Transform.py for tasks to queue
[2023-08-01T10:55:23.506+0000] {logging_mixin.py:150} INFO - [2023-08-01T10:55:23.506+0000] {dagbag.py:541} INFO - Filling up the DagBag from /opt/airflow/dags/src/Transform.py
[2023-08-01T10:55:23.508+0000] {processor.py:838} WARNING - No viable dags retrieved from /opt/airflow/dags/src/Transform.py
[2023-08-01T10:55:23.519+0000] {processor.py:179} INFO - Processing /opt/airflow/dags/src/Transform.py took 0.016 seconds
[2023-08-01T10:55:53.784+0000] {processor.py:157} INFO - Started process (PID=133) to work on /opt/airflow/dags/src/Transform.py
[2023-08-01T10:55:53.785+0000] {processor.py:826} INFO - Processing file /opt/airflow/dags/src/Transform.py for tasks to queue
[2023-08-01T10:55:53.785+0000] {logging_mixin.py:150} INFO - [2023-08-01T10:55:53.785+0000] {dagbag.py:541} INFO - Filling up the DagBag from /opt/airflow/dags/src/Transform.py
[2023-08-01T10:55:53.787+0000] {processor.py:838} WARNING - No viable dags retrieved from /opt/airflow/dags/src/Transform.py
[2023-08-01T10:55:53.797+0000] {processor.py:179} INFO - Processing /opt/airflow/dags/src/Transform.py took 0.015 seconds
[2023-08-01T10:56:24.072+0000] {processor.py:157} INFO - Started process (PID=143) to work on /opt/airflow/dags/src/Transform.py
[2023-08-01T10:56:24.072+0000] {processor.py:826} INFO - Processing file /opt/airflow/dags/src/Transform.py for tasks to queue
[2023-08-01T10:56:24.073+0000] {logging_mixin.py:150} INFO - [2023-08-01T10:56:24.073+0000] {dagbag.py:541} INFO - Filling up the DagBag from /opt/airflow/dags/src/Transform.py
[2023-08-01T10:56:24.075+0000] {processor.py:838} WARNING - No viable dags retrieved from /opt/airflow/dags/src/Transform.py
[2023-08-01T10:56:24.085+0000] {processor.py:179} INFO - Processing /opt/airflow/dags/src/Transform.py took 0.016 seconds
[2023-08-01T10:56:54.337+0000] {processor.py:157} INFO - Started process (PID=153) to work on /opt/airflow/dags/src/Transform.py
[2023-08-01T10:56:54.338+0000] {processor.py:826} INFO - Processing file /opt/airflow/dags/src/Transform.py for tasks to queue
[2023-08-01T10:56:54.338+0000] {logging_mixin.py:150} INFO - [2023-08-01T10:56:54.338+0000] {dagbag.py:541} INFO - Filling up the DagBag from /opt/airflow/dags/src/Transform.py
[2023-08-01T10:56:54.340+0000] {processor.py:838} WARNING - No viable dags retrieved from /opt/airflow/dags/src/Transform.py
[2023-08-01T10:56:54.350+0000] {processor.py:179} INFO - Processing /opt/airflow/dags/src/Transform.py took 0.016 seconds
[2023-08-01T10:57:24.475+0000] {processor.py:157} INFO - Started process (PID=162) to work on /opt/airflow/dags/src/Transform.py
[2023-08-01T10:57:24.475+0000] {processor.py:826} INFO - Processing file /opt/airflow/dags/src/Transform.py for tasks to queue
[2023-08-01T10:57:24.476+0000] {logging_mixin.py:150} INFO - [2023-08-01T10:57:24.476+0000] {dagbag.py:541} INFO - Filling up the DagBag from /opt/airflow/dags/src/Transform.py
[2023-08-01T10:57:24.477+0000] {processor.py:838} WARNING - No viable dags retrieved from /opt/airflow/dags/src/Transform.py
[2023-08-01T10:57:24.488+0000] {processor.py:179} INFO - Processing /opt/airflow/dags/src/Transform.py took 0.016 seconds
[2023-08-01T10:57:54.816+0000] {processor.py:157} INFO - Started process (PID=173) to work on /opt/airflow/dags/src/Transform.py
[2023-08-01T10:57:54.818+0000] {processor.py:826} INFO - Processing file /opt/airflow/dags/src/Transform.py for tasks to queue
[2023-08-01T10:57:54.819+0000] {logging_mixin.py:150} INFO - [2023-08-01T10:57:54.819+0000] {dagbag.py:541} INFO - Filling up the DagBag from /opt/airflow/dags/src/Transform.py
[2023-08-01T10:57:54.821+0000] {processor.py:838} WARNING - No viable dags retrieved from /opt/airflow/dags/src/Transform.py
[2023-08-01T10:57:54.835+0000] {processor.py:179} INFO - Processing /opt/airflow/dags/src/Transform.py took 0.021 seconds
[2023-08-01T10:58:25.072+0000] {processor.py:157} INFO - Started process (PID=183) to work on /opt/airflow/dags/src/Transform.py
[2023-08-01T10:58:25.074+0000] {processor.py:826} INFO - Processing file /opt/airflow/dags/src/Transform.py for tasks to queue
[2023-08-01T10:58:25.074+0000] {logging_mixin.py:150} INFO - [2023-08-01T10:58:25.074+0000] {dagbag.py:541} INFO - Filling up the DagBag from /opt/airflow/dags/src/Transform.py
[2023-08-01T10:58:25.076+0000] {processor.py:838} WARNING - No viable dags retrieved from /opt/airflow/dags/src/Transform.py
[2023-08-01T10:58:25.088+0000] {processor.py:179} INFO - Processing /opt/airflow/dags/src/Transform.py took 0.018 seconds
[2023-08-01T10:58:55.472+0000] {processor.py:157} INFO - Started process (PID=195) to work on /opt/airflow/dags/src/Transform.py
[2023-08-01T10:58:55.474+0000] {processor.py:826} INFO - Processing file /opt/airflow/dags/src/Transform.py for tasks to queue
[2023-08-01T10:58:55.474+0000] {logging_mixin.py:150} INFO - [2023-08-01T10:58:55.474+0000] {dagbag.py:541} INFO - Filling up the DagBag from /opt/airflow/dags/src/Transform.py
[2023-08-01T10:58:55.476+0000] {processor.py:838} WARNING - No viable dags retrieved from /opt/airflow/dags/src/Transform.py
[2023-08-01T10:58:55.487+0000] {processor.py:179} INFO - Processing /opt/airflow/dags/src/Transform.py took 0.017 seconds
[2023-08-01T10:59:25.720+0000] {processor.py:157} INFO - Started process (PID=205) to work on /opt/airflow/dags/src/Transform.py
[2023-08-01T10:59:25.720+0000] {processor.py:826} INFO - Processing file /opt/airflow/dags/src/Transform.py for tasks to queue
[2023-08-01T10:59:25.721+0000] {logging_mixin.py:150} INFO - [2023-08-01T10:59:25.721+0000] {dagbag.py:541} INFO - Filling up the DagBag from /opt/airflow/dags/src/Transform.py
[2023-08-01T10:59:25.722+0000] {processor.py:838} WARNING - No viable dags retrieved from /opt/airflow/dags/src/Transform.py
[2023-08-01T10:59:25.735+0000] {processor.py:179} INFO - Processing /opt/airflow/dags/src/Transform.py took 0.017 seconds
[2023-08-01T10:59:56.042+0000] {processor.py:157} INFO - Started process (PID=216) to work on /opt/airflow/dags/src/Transform.py
[2023-08-01T10:59:56.043+0000] {processor.py:826} INFO - Processing file /opt/airflow/dags/src/Transform.py for tasks to queue
[2023-08-01T10:59:56.044+0000] {logging_mixin.py:150} INFO - [2023-08-01T10:59:56.044+0000] {dagbag.py:541} INFO - Filling up the DagBag from /opt/airflow/dags/src/Transform.py
[2023-08-01T10:59:56.045+0000] {processor.py:838} WARNING - No viable dags retrieved from /opt/airflow/dags/src/Transform.py
[2023-08-01T10:59:56.057+0000] {processor.py:179} INFO - Processing /opt/airflow/dags/src/Transform.py took 0.017 seconds
[2023-08-01T11:00:26.330+0000] {processor.py:157} INFO - Started process (PID=227) to work on /opt/airflow/dags/src/Transform.py
[2023-08-01T11:00:26.331+0000] {processor.py:826} INFO - Processing file /opt/airflow/dags/src/Transform.py for tasks to queue
[2023-08-01T11:00:26.331+0000] {logging_mixin.py:150} INFO - [2023-08-01T11:00:26.331+0000] {dagbag.py:541} INFO - Filling up the DagBag from /opt/airflow/dags/src/Transform.py
[2023-08-01T11:00:26.332+0000] {processor.py:838} WARNING - No viable dags retrieved from /opt/airflow/dags/src/Transform.py
[2023-08-01T11:00:26.344+0000] {processor.py:179} INFO - Processing /opt/airflow/dags/src/Transform.py took 0.016 seconds
[2023-08-01T11:00:56.574+0000] {processor.py:157} INFO - Started process (PID=237) to work on /opt/airflow/dags/src/Transform.py
[2023-08-01T11:00:56.575+0000] {processor.py:826} INFO - Processing file /opt/airflow/dags/src/Transform.py for tasks to queue
[2023-08-01T11:00:56.575+0000] {logging_mixin.py:150} INFO - [2023-08-01T11:00:56.575+0000] {dagbag.py:541} INFO - Filling up the DagBag from /opt/airflow/dags/src/Transform.py
[2023-08-01T11:00:56.577+0000] {processor.py:838} WARNING - No viable dags retrieved from /opt/airflow/dags/src/Transform.py
[2023-08-01T11:00:56.588+0000] {processor.py:179} INFO - Processing /opt/airflow/dags/src/Transform.py took 0.016 seconds
[2023-08-01T11:01:26.829+0000] {processor.py:157} INFO - Started process (PID=247) to work on /opt/airflow/dags/src/Transform.py
[2023-08-01T11:01:26.830+0000] {processor.py:826} INFO - Processing file /opt/airflow/dags/src/Transform.py for tasks to queue
[2023-08-01T11:01:26.830+0000] {logging_mixin.py:150} INFO - [2023-08-01T11:01:26.830+0000] {dagbag.py:541} INFO - Filling up the DagBag from /opt/airflow/dags/src/Transform.py
[2023-08-01T11:01:26.832+0000] {processor.py:838} WARNING - No viable dags retrieved from /opt/airflow/dags/src/Transform.py
[2023-08-01T11:01:26.844+0000] {processor.py:179} INFO - Processing /opt/airflow/dags/src/Transform.py took 0.017 seconds
[2023-08-01T11:01:57.082+0000] {processor.py:157} INFO - Started process (PID=257) to work on /opt/airflow/dags/src/Transform.py
[2023-08-01T11:01:57.083+0000] {processor.py:826} INFO - Processing file /opt/airflow/dags/src/Transform.py for tasks to queue
[2023-08-01T11:01:57.084+0000] {logging_mixin.py:150} INFO - [2023-08-01T11:01:57.084+0000] {dagbag.py:541} INFO - Filling up the DagBag from /opt/airflow/dags/src/Transform.py
[2023-08-01T11:01:57.085+0000] {processor.py:838} WARNING - No viable dags retrieved from /opt/airflow/dags/src/Transform.py
[2023-08-01T11:01:57.098+0000] {processor.py:179} INFO - Processing /opt/airflow/dags/src/Transform.py took 0.018 seconds
[2023-08-01T11:02:27.387+0000] {processor.py:157} INFO - Started process (PID=267) to work on /opt/airflow/dags/src/Transform.py
[2023-08-01T11:02:27.387+0000] {processor.py:826} INFO - Processing file /opt/airflow/dags/src/Transform.py for tasks to queue
[2023-08-01T11:02:27.388+0000] {logging_mixin.py:150} INFO - [2023-08-01T11:02:27.388+0000] {dagbag.py:541} INFO - Filling up the DagBag from /opt/airflow/dags/src/Transform.py
[2023-08-01T11:02:27.390+0000] {processor.py:838} WARNING - No viable dags retrieved from /opt/airflow/dags/src/Transform.py
[2023-08-01T11:02:27.401+0000] {processor.py:179} INFO - Processing /opt/airflow/dags/src/Transform.py took 0.016 seconds
[2023-08-01T11:02:57.647+0000] {processor.py:157} INFO - Started process (PID=277) to work on /opt/airflow/dags/src/Transform.py
[2023-08-01T11:02:57.650+0000] {processor.py:826} INFO - Processing file /opt/airflow/dags/src/Transform.py for tasks to queue
[2023-08-01T11:02:57.650+0000] {logging_mixin.py:150} INFO - [2023-08-01T11:02:57.650+0000] {dagbag.py:541} INFO - Filling up the DagBag from /opt/airflow/dags/src/Transform.py
[2023-08-01T11:02:57.652+0000] {processor.py:838} WARNING - No viable dags retrieved from /opt/airflow/dags/src/Transform.py
[2023-08-01T11:02:57.662+0000] {processor.py:179} INFO - Processing /opt/airflow/dags/src/Transform.py took 0.017 seconds
[2023-08-01T11:03:27.900+0000] {processor.py:157} INFO - Started process (PID=287) to work on /opt/airflow/dags/src/Transform.py
[2023-08-01T11:03:27.902+0000] {processor.py:826} INFO - Processing file /opt/airflow/dags/src/Transform.py for tasks to queue
[2023-08-01T11:03:27.903+0000] {logging_mixin.py:150} INFO - [2023-08-01T11:03:27.902+0000] {dagbag.py:541} INFO - Filling up the DagBag from /opt/airflow/dags/src/Transform.py
[2023-08-01T11:03:27.904+0000] {processor.py:838} WARNING - No viable dags retrieved from /opt/airflow/dags/src/Transform.py
[2023-08-01T11:03:27.916+0000] {processor.py:179} INFO - Processing /opt/airflow/dags/src/Transform.py took 0.018 seconds
[2023-08-01T11:03:58.154+0000] {processor.py:157} INFO - Started process (PID=297) to work on /opt/airflow/dags/src/Transform.py
[2023-08-01T11:03:58.155+0000] {processor.py:826} INFO - Processing file /opt/airflow/dags/src/Transform.py for tasks to queue
[2023-08-01T11:03:58.155+0000] {logging_mixin.py:150} INFO - [2023-08-01T11:03:58.155+0000] {dagbag.py:541} INFO - Filling up the DagBag from /opt/airflow/dags/src/Transform.py
[2023-08-01T11:03:58.157+0000] {processor.py:838} WARNING - No viable dags retrieved from /opt/airflow/dags/src/Transform.py
[2023-08-01T11:03:58.168+0000] {processor.py:179} INFO - Processing /opt/airflow/dags/src/Transform.py took 0.016 seconds
[2023-08-01T11:04:28.403+0000] {processor.py:157} INFO - Started process (PID=307) to work on /opt/airflow/dags/src/Transform.py
[2023-08-01T11:04:28.405+0000] {processor.py:826} INFO - Processing file /opt/airflow/dags/src/Transform.py for tasks to queue
[2023-08-01T11:04:28.406+0000] {logging_mixin.py:150} INFO - [2023-08-01T11:04:28.405+0000] {dagbag.py:541} INFO - Filling up the DagBag from /opt/airflow/dags/src/Transform.py
[2023-08-01T11:04:28.407+0000] {processor.py:838} WARNING - No viable dags retrieved from /opt/airflow/dags/src/Transform.py
[2023-08-01T11:04:28.418+0000] {processor.py:179} INFO - Processing /opt/airflow/dags/src/Transform.py took 0.017 seconds
[2023-08-01T11:04:58.656+0000] {processor.py:157} INFO - Started process (PID=317) to work on /opt/airflow/dags/src/Transform.py
[2023-08-01T11:04:58.657+0000] {processor.py:826} INFO - Processing file /opt/airflow/dags/src/Transform.py for tasks to queue
[2023-08-01T11:04:58.657+0000] {logging_mixin.py:150} INFO - [2023-08-01T11:04:58.657+0000] {dagbag.py:541} INFO - Filling up the DagBag from /opt/airflow/dags/src/Transform.py
[2023-08-01T11:04:58.659+0000] {processor.py:838} WARNING - No viable dags retrieved from /opt/airflow/dags/src/Transform.py
[2023-08-01T11:04:58.669+0000] {processor.py:179} INFO - Processing /opt/airflow/dags/src/Transform.py took 0.016 seconds
[2023-08-01T11:05:28.909+0000] {processor.py:157} INFO - Started process (PID=327) to work on /opt/airflow/dags/src/Transform.py
[2023-08-01T11:05:28.911+0000] {processor.py:826} INFO - Processing file /opt/airflow/dags/src/Transform.py for tasks to queue
[2023-08-01T11:05:28.911+0000] {logging_mixin.py:150} INFO - [2023-08-01T11:05:28.911+0000] {dagbag.py:541} INFO - Filling up the DagBag from /opt/airflow/dags/src/Transform.py
[2023-08-01T11:05:28.913+0000] {processor.py:838} WARNING - No viable dags retrieved from /opt/airflow/dags/src/Transform.py
[2023-08-01T11:05:28.923+0000] {processor.py:179} INFO - Processing /opt/airflow/dags/src/Transform.py took 0.017 seconds
[2023-08-01T11:05:59.194+0000] {processor.py:157} INFO - Started process (PID=337) to work on /opt/airflow/dags/src/Transform.py
[2023-08-01T11:05:59.194+0000] {processor.py:826} INFO - Processing file /opt/airflow/dags/src/Transform.py for tasks to queue
[2023-08-01T11:05:59.195+0000] {logging_mixin.py:150} INFO - [2023-08-01T11:05:59.195+0000] {dagbag.py:541} INFO - Filling up the DagBag from /opt/airflow/dags/src/Transform.py
[2023-08-01T11:05:59.197+0000] {processor.py:838} WARNING - No viable dags retrieved from /opt/airflow/dags/src/Transform.py
[2023-08-01T11:05:59.210+0000] {processor.py:179} INFO - Processing /opt/airflow/dags/src/Transform.py took 0.019 seconds
[2023-08-01T11:06:29.450+0000] {processor.py:157} INFO - Started process (PID=347) to work on /opt/airflow/dags/src/Transform.py
[2023-08-01T11:06:29.451+0000] {processor.py:826} INFO - Processing file /opt/airflow/dags/src/Transform.py for tasks to queue
[2023-08-01T11:06:29.452+0000] {logging_mixin.py:150} INFO - [2023-08-01T11:06:29.452+0000] {dagbag.py:541} INFO - Filling up the DagBag from /opt/airflow/dags/src/Transform.py
[2023-08-01T11:06:29.454+0000] {processor.py:838} WARNING - No viable dags retrieved from /opt/airflow/dags/src/Transform.py
[2023-08-01T11:06:29.465+0000] {processor.py:179} INFO - Processing /opt/airflow/dags/src/Transform.py took 0.018 seconds
[2023-08-01T11:06:59.706+0000] {processor.py:157} INFO - Started process (PID=357) to work on /opt/airflow/dags/src/Transform.py
[2023-08-01T11:06:59.707+0000] {processor.py:826} INFO - Processing file /opt/airflow/dags/src/Transform.py for tasks to queue
[2023-08-01T11:06:59.707+0000] {logging_mixin.py:150} INFO - [2023-08-01T11:06:59.707+0000] {dagbag.py:541} INFO - Filling up the DagBag from /opt/airflow/dags/src/Transform.py
[2023-08-01T11:06:59.709+0000] {processor.py:838} WARNING - No viable dags retrieved from /opt/airflow/dags/src/Transform.py
[2023-08-01T11:06:59.721+0000] {processor.py:179} INFO - Processing /opt/airflow/dags/src/Transform.py took 0.018 seconds
[2023-08-01T11:07:29.964+0000] {processor.py:157} INFO - Started process (PID=367) to work on /opt/airflow/dags/src/Transform.py
[2023-08-01T11:07:29.965+0000] {processor.py:826} INFO - Processing file /opt/airflow/dags/src/Transform.py for tasks to queue
[2023-08-01T11:07:29.966+0000] {logging_mixin.py:150} INFO - [2023-08-01T11:07:29.966+0000] {dagbag.py:541} INFO - Filling up the DagBag from /opt/airflow/dags/src/Transform.py
[2023-08-01T11:07:29.967+0000] {processor.py:838} WARNING - No viable dags retrieved from /opt/airflow/dags/src/Transform.py
[2023-08-01T11:07:29.978+0000] {processor.py:179} INFO - Processing /opt/airflow/dags/src/Transform.py took 0.017 seconds
[2023-08-01T11:08:00.217+0000] {processor.py:157} INFO - Started process (PID=377) to work on /opt/airflow/dags/src/Transform.py
[2023-08-01T11:08:00.218+0000] {processor.py:826} INFO - Processing file /opt/airflow/dags/src/Transform.py for tasks to queue
[2023-08-01T11:08:00.218+0000] {logging_mixin.py:150} INFO - [2023-08-01T11:08:00.218+0000] {dagbag.py:541} INFO - Filling up the DagBag from /opt/airflow/dags/src/Transform.py
[2023-08-01T11:08:00.220+0000] {processor.py:838} WARNING - No viable dags retrieved from /opt/airflow/dags/src/Transform.py
[2023-08-01T11:08:00.230+0000] {processor.py:179} INFO - Processing /opt/airflow/dags/src/Transform.py took 0.015 seconds
[2023-08-01T11:08:30.472+0000] {processor.py:157} INFO - Started process (PID=386) to work on /opt/airflow/dags/src/Transform.py
[2023-08-01T11:08:30.474+0000] {processor.py:826} INFO - Processing file /opt/airflow/dags/src/Transform.py for tasks to queue
[2023-08-01T11:08:30.475+0000] {logging_mixin.py:150} INFO - [2023-08-01T11:08:30.474+0000] {dagbag.py:541} INFO - Filling up the DagBag from /opt/airflow/dags/src/Transform.py
[2023-08-01T11:08:30.476+0000] {processor.py:838} WARNING - No viable dags retrieved from /opt/airflow/dags/src/Transform.py
[2023-08-01T11:08:30.487+0000] {processor.py:179} INFO - Processing /opt/airflow/dags/src/Transform.py took 0.017 seconds
[2023-08-01T11:09:00.745+0000] {processor.py:157} INFO - Started process (PID=396) to work on /opt/airflow/dags/src/Transform.py
[2023-08-01T11:09:00.745+0000] {processor.py:826} INFO - Processing file /opt/airflow/dags/src/Transform.py for tasks to queue
[2023-08-01T11:09:00.746+0000] {logging_mixin.py:150} INFO - [2023-08-01T11:09:00.745+0000] {dagbag.py:541} INFO - Filling up the DagBag from /opt/airflow/dags/src/Transform.py
[2023-08-01T11:09:00.747+0000] {processor.py:838} WARNING - No viable dags retrieved from /opt/airflow/dags/src/Transform.py
[2023-08-01T11:09:00.758+0000] {processor.py:179} INFO - Processing /opt/airflow/dags/src/Transform.py took 0.016 seconds
[2023-08-01T11:09:31.019+0000] {processor.py:157} INFO - Started process (PID=406) to work on /opt/airflow/dags/src/Transform.py
[2023-08-01T11:09:31.020+0000] {processor.py:826} INFO - Processing file /opt/airflow/dags/src/Transform.py for tasks to queue
[2023-08-01T11:09:31.021+0000] {logging_mixin.py:150} INFO - [2023-08-01T11:09:31.021+0000] {dagbag.py:541} INFO - Filling up the DagBag from /opt/airflow/dags/src/Transform.py
[2023-08-01T11:09:31.023+0000] {processor.py:838} WARNING - No viable dags retrieved from /opt/airflow/dags/src/Transform.py
[2023-08-01T11:09:31.033+0000] {processor.py:179} INFO - Processing /opt/airflow/dags/src/Transform.py took 0.017 seconds
[2023-08-01T11:10:01.292+0000] {processor.py:157} INFO - Started process (PID=416) to work on /opt/airflow/dags/src/Transform.py
[2023-08-01T11:10:01.293+0000] {processor.py:826} INFO - Processing file /opt/airflow/dags/src/Transform.py for tasks to queue
[2023-08-01T11:10:01.293+0000] {logging_mixin.py:150} INFO - [2023-08-01T11:10:01.293+0000] {dagbag.py:541} INFO - Filling up the DagBag from /opt/airflow/dags/src/Transform.py
[2023-08-01T11:10:01.295+0000] {processor.py:838} WARNING - No viable dags retrieved from /opt/airflow/dags/src/Transform.py
[2023-08-01T11:10:01.306+0000] {processor.py:179} INFO - Processing /opt/airflow/dags/src/Transform.py took 0.016 seconds
[2023-08-01T11:10:31.554+0000] {processor.py:157} INFO - Started process (PID=425) to work on /opt/airflow/dags/src/Transform.py
[2023-08-01T11:10:31.555+0000] {processor.py:826} INFO - Processing file /opt/airflow/dags/src/Transform.py for tasks to queue
[2023-08-01T11:10:31.556+0000] {logging_mixin.py:150} INFO - [2023-08-01T11:10:31.556+0000] {dagbag.py:541} INFO - Filling up the DagBag from /opt/airflow/dags/src/Transform.py
[2023-08-01T11:10:31.558+0000] {processor.py:838} WARNING - No viable dags retrieved from /opt/airflow/dags/src/Transform.py
[2023-08-01T11:10:31.569+0000] {processor.py:179} INFO - Processing /opt/airflow/dags/src/Transform.py took 0.017 seconds
[2023-08-01T11:11:01.849+0000] {processor.py:157} INFO - Started process (PID=435) to work on /opt/airflow/dags/src/Transform.py
[2023-08-01T11:11:01.849+0000] {processor.py:826} INFO - Processing file /opt/airflow/dags/src/Transform.py for tasks to queue
[2023-08-01T11:11:01.850+0000] {logging_mixin.py:150} INFO - [2023-08-01T11:11:01.850+0000] {dagbag.py:541} INFO - Filling up the DagBag from /opt/airflow/dags/src/Transform.py
[2023-08-01T11:11:01.851+0000] {processor.py:838} WARNING - No viable dags retrieved from /opt/airflow/dags/src/Transform.py
[2023-08-01T11:11:01.862+0000] {processor.py:179} INFO - Processing /opt/airflow/dags/src/Transform.py took 0.015 seconds
[2023-08-01T11:11:32.123+0000] {processor.py:157} INFO - Started process (PID=445) to work on /opt/airflow/dags/src/Transform.py
[2023-08-01T11:11:32.125+0000] {processor.py:826} INFO - Processing file /opt/airflow/dags/src/Transform.py for tasks to queue
[2023-08-01T11:11:32.126+0000] {logging_mixin.py:150} INFO - [2023-08-01T11:11:32.126+0000] {dagbag.py:541} INFO - Filling up the DagBag from /opt/airflow/dags/src/Transform.py
[2023-08-01T11:11:32.127+0000] {processor.py:838} WARNING - No viable dags retrieved from /opt/airflow/dags/src/Transform.py
[2023-08-01T11:11:32.138+0000] {processor.py:179} INFO - Processing /opt/airflow/dags/src/Transform.py took 0.017 seconds
[2023-08-01T11:12:02.382+0000] {processor.py:157} INFO - Started process (PID=455) to work on /opt/airflow/dags/src/Transform.py
[2023-08-01T11:12:02.382+0000] {processor.py:826} INFO - Processing file /opt/airflow/dags/src/Transform.py for tasks to queue
[2023-08-01T11:12:02.383+0000] {logging_mixin.py:150} INFO - [2023-08-01T11:12:02.382+0000] {dagbag.py:541} INFO - Filling up the DagBag from /opt/airflow/dags/src/Transform.py
[2023-08-01T11:12:02.384+0000] {processor.py:838} WARNING - No viable dags retrieved from /opt/airflow/dags/src/Transform.py
[2023-08-01T11:12:02.394+0000] {processor.py:179} INFO - Processing /opt/airflow/dags/src/Transform.py took 0.014 seconds
[2023-08-01T11:12:32.661+0000] {processor.py:157} INFO - Started process (PID=465) to work on /opt/airflow/dags/src/Transform.py
[2023-08-01T11:12:32.663+0000] {processor.py:826} INFO - Processing file /opt/airflow/dags/src/Transform.py for tasks to queue
[2023-08-01T11:12:32.664+0000] {logging_mixin.py:150} INFO - [2023-08-01T11:12:32.664+0000] {dagbag.py:541} INFO - Filling up the DagBag from /opt/airflow/dags/src/Transform.py
[2023-08-01T11:12:32.665+0000] {processor.py:838} WARNING - No viable dags retrieved from /opt/airflow/dags/src/Transform.py
[2023-08-01T11:12:32.677+0000] {processor.py:179} INFO - Processing /opt/airflow/dags/src/Transform.py took 0.019 seconds
[2023-08-01T11:13:02.915+0000] {processor.py:157} INFO - Started process (PID=475) to work on /opt/airflow/dags/src/Transform.py
[2023-08-01T11:13:02.915+0000] {processor.py:826} INFO - Processing file /opt/airflow/dags/src/Transform.py for tasks to queue
[2023-08-01T11:13:02.915+0000] {logging_mixin.py:150} INFO - [2023-08-01T11:13:02.915+0000] {dagbag.py:541} INFO - Filling up the DagBag from /opt/airflow/dags/src/Transform.py
[2023-08-01T11:13:02.917+0000] {processor.py:838} WARNING - No viable dags retrieved from /opt/airflow/dags/src/Transform.py
[2023-08-01T11:13:02.928+0000] {processor.py:179} INFO - Processing /opt/airflow/dags/src/Transform.py took 0.016 seconds
[2023-08-01T11:13:33.170+0000] {processor.py:157} INFO - Started process (PID=485) to work on /opt/airflow/dags/src/Transform.py
[2023-08-01T11:13:33.170+0000] {processor.py:826} INFO - Processing file /opt/airflow/dags/src/Transform.py for tasks to queue
[2023-08-01T11:13:33.171+0000] {logging_mixin.py:150} INFO - [2023-08-01T11:13:33.171+0000] {dagbag.py:541} INFO - Filling up the DagBag from /opt/airflow/dags/src/Transform.py
[2023-08-01T11:13:33.173+0000] {processor.py:838} WARNING - No viable dags retrieved from /opt/airflow/dags/src/Transform.py
[2023-08-01T11:13:33.182+0000] {processor.py:179} INFO - Processing /opt/airflow/dags/src/Transform.py took 0.015 seconds
[2023-08-01T11:14:03.421+0000] {processor.py:157} INFO - Started process (PID=495) to work on /opt/airflow/dags/src/Transform.py
[2023-08-01T11:14:03.421+0000] {processor.py:826} INFO - Processing file /opt/airflow/dags/src/Transform.py for tasks to queue
[2023-08-01T11:14:03.422+0000] {logging_mixin.py:150} INFO - [2023-08-01T11:14:03.422+0000] {dagbag.py:541} INFO - Filling up the DagBag from /opt/airflow/dags/src/Transform.py
[2023-08-01T11:14:03.424+0000] {processor.py:838} WARNING - No viable dags retrieved from /opt/airflow/dags/src/Transform.py
[2023-08-01T11:14:03.435+0000] {processor.py:179} INFO - Processing /opt/airflow/dags/src/Transform.py took 0.017 seconds
[2023-08-01T11:14:34.036+0000] {processor.py:157} INFO - Started process (PID=507) to work on /opt/airflow/dags/src/Transform.py
[2023-08-01T11:14:34.038+0000] {processor.py:826} INFO - Processing file /opt/airflow/dags/src/Transform.py for tasks to queue
[2023-08-01T11:14:34.039+0000] {logging_mixin.py:150} INFO - [2023-08-01T11:14:34.039+0000] {dagbag.py:541} INFO - Filling up the DagBag from /opt/airflow/dags/src/Transform.py
[2023-08-01T11:14:34.040+0000] {processor.py:838} WARNING - No viable dags retrieved from /opt/airflow/dags/src/Transform.py
[2023-08-01T11:14:34.052+0000] {processor.py:179} INFO - Processing /opt/airflow/dags/src/Transform.py took 0.018 seconds
[2023-08-01T11:15:04.313+0000] {processor.py:157} INFO - Started process (PID=517) to work on /opt/airflow/dags/src/Transform.py
[2023-08-01T11:15:04.313+0000] {processor.py:826} INFO - Processing file /opt/airflow/dags/src/Transform.py for tasks to queue
[2023-08-01T11:15:04.314+0000] {logging_mixin.py:150} INFO - [2023-08-01T11:15:04.314+0000] {dagbag.py:541} INFO - Filling up the DagBag from /opt/airflow/dags/src/Transform.py
[2023-08-01T11:15:04.315+0000] {processor.py:838} WARNING - No viable dags retrieved from /opt/airflow/dags/src/Transform.py
[2023-08-01T11:15:04.326+0000] {processor.py:179} INFO - Processing /opt/airflow/dags/src/Transform.py took 0.016 seconds
[2023-08-01T11:15:34.567+0000] {processor.py:157} INFO - Started process (PID=527) to work on /opt/airflow/dags/src/Transform.py
[2023-08-01T11:15:34.568+0000] {processor.py:826} INFO - Processing file /opt/airflow/dags/src/Transform.py for tasks to queue
[2023-08-01T11:15:34.569+0000] {logging_mixin.py:150} INFO - [2023-08-01T11:15:34.568+0000] {dagbag.py:541} INFO - Filling up the DagBag from /opt/airflow/dags/src/Transform.py
[2023-08-01T11:15:34.570+0000] {processor.py:838} WARNING - No viable dags retrieved from /opt/airflow/dags/src/Transform.py
[2023-08-01T11:15:34.581+0000] {processor.py:179} INFO - Processing /opt/airflow/dags/src/Transform.py took 0.016 seconds
[2023-08-01T11:16:04.822+0000] {processor.py:157} INFO - Started process (PID=537) to work on /opt/airflow/dags/src/Transform.py
[2023-08-01T11:16:04.822+0000] {processor.py:826} INFO - Processing file /opt/airflow/dags/src/Transform.py for tasks to queue
[2023-08-01T11:16:04.823+0000] {logging_mixin.py:150} INFO - [2023-08-01T11:16:04.823+0000] {dagbag.py:541} INFO - Filling up the DagBag from /opt/airflow/dags/src/Transform.py
[2023-08-01T11:16:04.825+0000] {processor.py:838} WARNING - No viable dags retrieved from /opt/airflow/dags/src/Transform.py
[2023-08-01T11:16:04.835+0000] {processor.py:179} INFO - Processing /opt/airflow/dags/src/Transform.py took 0.016 seconds
[2023-08-01T11:16:35.072+0000] {processor.py:157} INFO - Started process (PID=547) to work on /opt/airflow/dags/src/Transform.py
[2023-08-01T11:16:35.074+0000] {processor.py:826} INFO - Processing file /opt/airflow/dags/src/Transform.py for tasks to queue
[2023-08-01T11:16:35.074+0000] {logging_mixin.py:150} INFO - [2023-08-01T11:16:35.074+0000] {dagbag.py:541} INFO - Filling up the DagBag from /opt/airflow/dags/src/Transform.py
[2023-08-01T11:16:35.076+0000] {processor.py:838} WARNING - No viable dags retrieved from /opt/airflow/dags/src/Transform.py
[2023-08-01T11:16:35.086+0000] {processor.py:179} INFO - Processing /opt/airflow/dags/src/Transform.py took 0.016 seconds
[2023-08-01T11:17:05.331+0000] {processor.py:157} INFO - Started process (PID=557) to work on /opt/airflow/dags/src/Transform.py
[2023-08-01T11:17:05.331+0000] {processor.py:826} INFO - Processing file /opt/airflow/dags/src/Transform.py for tasks to queue
[2023-08-01T11:17:05.332+0000] {logging_mixin.py:150} INFO - [2023-08-01T11:17:05.332+0000] {dagbag.py:541} INFO - Filling up the DagBag from /opt/airflow/dags/src/Transform.py
[2023-08-01T11:17:05.334+0000] {processor.py:838} WARNING - No viable dags retrieved from /opt/airflow/dags/src/Transform.py
[2023-08-01T11:17:05.345+0000] {processor.py:179} INFO - Processing /opt/airflow/dags/src/Transform.py took 0.016 seconds
[2023-08-01T11:17:35.585+0000] {processor.py:157} INFO - Started process (PID=567) to work on /opt/airflow/dags/src/Transform.py
[2023-08-01T11:17:35.585+0000] {processor.py:826} INFO - Processing file /opt/airflow/dags/src/Transform.py for tasks to queue
[2023-08-01T11:17:35.586+0000] {logging_mixin.py:150} INFO - [2023-08-01T11:17:35.586+0000] {dagbag.py:541} INFO - Filling up the DagBag from /opt/airflow/dags/src/Transform.py
[2023-08-01T11:17:35.587+0000] {processor.py:838} WARNING - No viable dags retrieved from /opt/airflow/dags/src/Transform.py
[2023-08-01T11:17:35.597+0000] {processor.py:179} INFO - Processing /opt/airflow/dags/src/Transform.py took 0.015 seconds
[2023-08-01T11:18:05.828+0000] {processor.py:157} INFO - Started process (PID=577) to work on /opt/airflow/dags/src/Transform.py
[2023-08-01T11:18:05.830+0000] {processor.py:826} INFO - Processing file /opt/airflow/dags/src/Transform.py for tasks to queue
[2023-08-01T11:18:05.831+0000] {logging_mixin.py:150} INFO - [2023-08-01T11:18:05.831+0000] {dagbag.py:541} INFO - Filling up the DagBag from /opt/airflow/dags/src/Transform.py
[2023-08-01T11:18:05.832+0000] {processor.py:838} WARNING - No viable dags retrieved from /opt/airflow/dags/src/Transform.py
[2023-08-01T11:18:05.843+0000] {processor.py:179} INFO - Processing /opt/airflow/dags/src/Transform.py took 0.017 seconds
[2023-08-01T11:18:36.081+0000] {processor.py:157} INFO - Started process (PID=587) to work on /opt/airflow/dags/src/Transform.py
[2023-08-01T11:18:36.081+0000] {processor.py:826} INFO - Processing file /opt/airflow/dags/src/Transform.py for tasks to queue
[2023-08-01T11:18:36.082+0000] {logging_mixin.py:150} INFO - [2023-08-01T11:18:36.082+0000] {dagbag.py:541} INFO - Filling up the DagBag from /opt/airflow/dags/src/Transform.py
[2023-08-01T11:18:36.083+0000] {processor.py:838} WARNING - No viable dags retrieved from /opt/airflow/dags/src/Transform.py
[2023-08-01T11:18:36.095+0000] {processor.py:179} INFO - Processing /opt/airflow/dags/src/Transform.py took 0.017 seconds
[2023-08-01T11:19:06.331+0000] {processor.py:157} INFO - Started process (PID=597) to work on /opt/airflow/dags/src/Transform.py
[2023-08-01T11:19:06.333+0000] {processor.py:826} INFO - Processing file /opt/airflow/dags/src/Transform.py for tasks to queue
[2023-08-01T11:19:06.334+0000] {logging_mixin.py:150} INFO - [2023-08-01T11:19:06.333+0000] {dagbag.py:541} INFO - Filling up the DagBag from /opt/airflow/dags/src/Transform.py
[2023-08-01T11:19:06.335+0000] {processor.py:838} WARNING - No viable dags retrieved from /opt/airflow/dags/src/Transform.py
[2023-08-01T11:19:06.346+0000] {processor.py:179} INFO - Processing /opt/airflow/dags/src/Transform.py took 0.017 seconds
[2023-08-01T11:19:36.576+0000] {processor.py:157} INFO - Started process (PID=607) to work on /opt/airflow/dags/src/Transform.py
[2023-08-01T11:19:36.577+0000] {processor.py:826} INFO - Processing file /opt/airflow/dags/src/Transform.py for tasks to queue
[2023-08-01T11:19:36.577+0000] {logging_mixin.py:150} INFO - [2023-08-01T11:19:36.577+0000] {dagbag.py:541} INFO - Filling up the DagBag from /opt/airflow/dags/src/Transform.py
[2023-08-01T11:19:36.579+0000] {processor.py:838} WARNING - No viable dags retrieved from /opt/airflow/dags/src/Transform.py
[2023-08-01T11:19:36.590+0000] {processor.py:179} INFO - Processing /opt/airflow/dags/src/Transform.py took 0.016 seconds
[2023-08-01T11:20:06.833+0000] {processor.py:157} INFO - Started process (PID=617) to work on /opt/airflow/dags/src/Transform.py
[2023-08-01T11:20:06.834+0000] {processor.py:826} INFO - Processing file /opt/airflow/dags/src/Transform.py for tasks to queue
[2023-08-01T11:20:06.834+0000] {logging_mixin.py:150} INFO - [2023-08-01T11:20:06.834+0000] {dagbag.py:541} INFO - Filling up the DagBag from /opt/airflow/dags/src/Transform.py
[2023-08-01T11:20:06.836+0000] {processor.py:838} WARNING - No viable dags retrieved from /opt/airflow/dags/src/Transform.py
[2023-08-01T11:20:06.846+0000] {processor.py:179} INFO - Processing /opt/airflow/dags/src/Transform.py took 0.015 seconds
[2023-08-01T11:20:37.084+0000] {processor.py:157} INFO - Started process (PID=627) to work on /opt/airflow/dags/src/Transform.py
[2023-08-01T11:20:37.085+0000] {processor.py:826} INFO - Processing file /opt/airflow/dags/src/Transform.py for tasks to queue
[2023-08-01T11:20:37.085+0000] {logging_mixin.py:150} INFO - [2023-08-01T11:20:37.085+0000] {dagbag.py:541} INFO - Filling up the DagBag from /opt/airflow/dags/src/Transform.py
[2023-08-01T11:20:37.087+0000] {processor.py:838} WARNING - No viable dags retrieved from /opt/airflow/dags/src/Transform.py
[2023-08-01T11:20:37.098+0000] {processor.py:179} INFO - Processing /opt/airflow/dags/src/Transform.py took 0.016 seconds
[2023-08-01T11:21:07.346+0000] {processor.py:157} INFO - Started process (PID=637) to work on /opt/airflow/dags/src/Transform.py
[2023-08-01T11:21:07.347+0000] {processor.py:826} INFO - Processing file /opt/airflow/dags/src/Transform.py for tasks to queue
[2023-08-01T11:21:07.348+0000] {logging_mixin.py:150} INFO - [2023-08-01T11:21:07.348+0000] {dagbag.py:541} INFO - Filling up the DagBag from /opt/airflow/dags/src/Transform.py
[2023-08-01T11:21:07.350+0000] {processor.py:838} WARNING - No viable dags retrieved from /opt/airflow/dags/src/Transform.py
[2023-08-01T11:21:07.361+0000] {processor.py:179} INFO - Processing /opt/airflow/dags/src/Transform.py took 0.017 seconds
[2023-08-01T11:21:37.606+0000] {processor.py:157} INFO - Started process (PID=647) to work on /opt/airflow/dags/src/Transform.py
[2023-08-01T11:21:37.606+0000] {processor.py:826} INFO - Processing file /opt/airflow/dags/src/Transform.py for tasks to queue
[2023-08-01T11:21:37.607+0000] {logging_mixin.py:150} INFO - [2023-08-01T11:21:37.607+0000] {dagbag.py:541} INFO - Filling up the DagBag from /opt/airflow/dags/src/Transform.py
[2023-08-01T11:21:37.609+0000] {processor.py:838} WARNING - No viable dags retrieved from /opt/airflow/dags/src/Transform.py
[2023-08-01T11:21:37.619+0000] {processor.py:179} INFO - Processing /opt/airflow/dags/src/Transform.py took 0.016 seconds
[2023-08-01T11:22:07.874+0000] {processor.py:157} INFO - Started process (PID=657) to work on /opt/airflow/dags/src/Transform.py
[2023-08-01T11:22:07.876+0000] {processor.py:826} INFO - Processing file /opt/airflow/dags/src/Transform.py for tasks to queue
[2023-08-01T11:22:07.876+0000] {logging_mixin.py:150} INFO - [2023-08-01T11:22:07.876+0000] {dagbag.py:541} INFO - Filling up the DagBag from /opt/airflow/dags/src/Transform.py
[2023-08-01T11:22:07.878+0000] {processor.py:838} WARNING - No viable dags retrieved from /opt/airflow/dags/src/Transform.py
[2023-08-01T11:22:07.887+0000] {processor.py:179} INFO - Processing /opt/airflow/dags/src/Transform.py took 0.016 seconds
[2023-08-01T11:22:38.223+0000] {processor.py:157} INFO - Started process (PID=667) to work on /opt/airflow/dags/src/Transform.py
[2023-08-01T11:22:38.223+0000] {processor.py:826} INFO - Processing file /opt/airflow/dags/src/Transform.py for tasks to queue
[2023-08-01T11:22:38.224+0000] {logging_mixin.py:150} INFO - [2023-08-01T11:22:38.224+0000] {dagbag.py:541} INFO - Filling up the DagBag from /opt/airflow/dags/src/Transform.py
[2023-08-01T11:22:38.225+0000] {processor.py:838} WARNING - No viable dags retrieved from /opt/airflow/dags/src/Transform.py
[2023-08-01T11:22:38.236+0000] {processor.py:179} INFO - Processing /opt/airflow/dags/src/Transform.py took 0.016 seconds
[2023-08-01T11:23:08.484+0000] {processor.py:157} INFO - Started process (PID=677) to work on /opt/airflow/dags/src/Transform.py
[2023-08-01T11:23:08.485+0000] {processor.py:826} INFO - Processing file /opt/airflow/dags/src/Transform.py for tasks to queue
[2023-08-01T11:23:08.485+0000] {logging_mixin.py:150} INFO - [2023-08-01T11:23:08.485+0000] {dagbag.py:541} INFO - Filling up the DagBag from /opt/airflow/dags/src/Transform.py
[2023-08-01T11:23:08.487+0000] {processor.py:838} WARNING - No viable dags retrieved from /opt/airflow/dags/src/Transform.py
[2023-08-01T11:23:08.497+0000] {processor.py:179} INFO - Processing /opt/airflow/dags/src/Transform.py took 0.016 seconds
[2023-08-01T11:23:38.817+0000] {processor.py:157} INFO - Started process (PID=687) to work on /opt/airflow/dags/src/Transform.py
[2023-08-01T11:23:38.818+0000] {processor.py:826} INFO - Processing file /opt/airflow/dags/src/Transform.py for tasks to queue
[2023-08-01T11:23:38.818+0000] {logging_mixin.py:150} INFO - [2023-08-01T11:23:38.818+0000] {dagbag.py:541} INFO - Filling up the DagBag from /opt/airflow/dags/src/Transform.py
[2023-08-01T11:23:38.820+0000] {processor.py:838} WARNING - No viable dags retrieved from /opt/airflow/dags/src/Transform.py
[2023-08-01T11:23:38.831+0000] {processor.py:179} INFO - Processing /opt/airflow/dags/src/Transform.py took 0.016 seconds
[2023-08-01T11:24:09.081+0000] {processor.py:157} INFO - Started process (PID=697) to work on /opt/airflow/dags/src/Transform.py
[2023-08-01T11:24:09.083+0000] {processor.py:826} INFO - Processing file /opt/airflow/dags/src/Transform.py for tasks to queue
[2023-08-01T11:24:09.083+0000] {logging_mixin.py:150} INFO - [2023-08-01T11:24:09.083+0000] {dagbag.py:541} INFO - Filling up the DagBag from /opt/airflow/dags/src/Transform.py
[2023-08-01T11:24:09.085+0000] {processor.py:838} WARNING - No viable dags retrieved from /opt/airflow/dags/src/Transform.py
[2023-08-01T11:24:09.097+0000] {processor.py:179} INFO - Processing /opt/airflow/dags/src/Transform.py took 0.018 seconds
[2023-08-01T11:24:39.435+0000] {processor.py:157} INFO - Started process (PID=706) to work on /opt/airflow/dags/src/Transform.py
[2023-08-01T11:24:39.436+0000] {processor.py:826} INFO - Processing file /opt/airflow/dags/src/Transform.py for tasks to queue
[2023-08-01T11:24:39.436+0000] {logging_mixin.py:150} INFO - [2023-08-01T11:24:39.436+0000] {dagbag.py:541} INFO - Filling up the DagBag from /opt/airflow/dags/src/Transform.py
[2023-08-01T11:24:39.438+0000] {processor.py:838} WARNING - No viable dags retrieved from /opt/airflow/dags/src/Transform.py
[2023-08-01T11:24:39.449+0000] {processor.py:179} INFO - Processing /opt/airflow/dags/src/Transform.py took 0.016 seconds
[2023-08-01T11:25:09.684+0000] {processor.py:157} INFO - Started process (PID=716) to work on /opt/airflow/dags/src/Transform.py
[2023-08-01T11:25:09.686+0000] {processor.py:826} INFO - Processing file /opt/airflow/dags/src/Transform.py for tasks to queue
[2023-08-01T11:25:09.686+0000] {logging_mixin.py:150} INFO - [2023-08-01T11:25:09.686+0000] {dagbag.py:541} INFO - Filling up the DagBag from /opt/airflow/dags/src/Transform.py
[2023-08-01T11:25:09.688+0000] {processor.py:838} WARNING - No viable dags retrieved from /opt/airflow/dags/src/Transform.py
[2023-08-01T11:25:09.700+0000] {processor.py:179} INFO - Processing /opt/airflow/dags/src/Transform.py took 0.018 seconds
[2023-08-01T11:25:40.023+0000] {processor.py:157} INFO - Started process (PID=726) to work on /opt/airflow/dags/src/Transform.py
[2023-08-01T11:25:40.023+0000] {processor.py:826} INFO - Processing file /opt/airflow/dags/src/Transform.py for tasks to queue
[2023-08-01T11:25:40.024+0000] {logging_mixin.py:150} INFO - [2023-08-01T11:25:40.024+0000] {dagbag.py:541} INFO - Filling up the DagBag from /opt/airflow/dags/src/Transform.py
[2023-08-01T11:25:40.025+0000] {processor.py:838} WARNING - No viable dags retrieved from /opt/airflow/dags/src/Transform.py
[2023-08-01T11:25:40.036+0000] {processor.py:179} INFO - Processing /opt/airflow/dags/src/Transform.py took 0.016 seconds
[2023-08-01T11:26:10.282+0000] {processor.py:157} INFO - Started process (PID=736) to work on /opt/airflow/dags/src/Transform.py
[2023-08-01T11:26:10.284+0000] {processor.py:826} INFO - Processing file /opt/airflow/dags/src/Transform.py for tasks to queue
[2023-08-01T11:26:10.284+0000] {logging_mixin.py:150} INFO - [2023-08-01T11:26:10.284+0000] {dagbag.py:541} INFO - Filling up the DagBag from /opt/airflow/dags/src/Transform.py
[2023-08-01T11:26:10.286+0000] {processor.py:838} WARNING - No viable dags retrieved from /opt/airflow/dags/src/Transform.py
[2023-08-01T11:26:10.298+0000] {processor.py:179} INFO - Processing /opt/airflow/dags/src/Transform.py took 0.018 seconds
[2023-08-01T11:26:40.622+0000] {processor.py:157} INFO - Started process (PID=746) to work on /opt/airflow/dags/src/Transform.py
[2023-08-01T11:26:40.623+0000] {processor.py:826} INFO - Processing file /opt/airflow/dags/src/Transform.py for tasks to queue
[2023-08-01T11:26:40.623+0000] {logging_mixin.py:150} INFO - [2023-08-01T11:26:40.623+0000] {dagbag.py:541} INFO - Filling up the DagBag from /opt/airflow/dags/src/Transform.py
[2023-08-01T11:26:40.625+0000] {processor.py:838} WARNING - No viable dags retrieved from /opt/airflow/dags/src/Transform.py
[2023-08-01T11:26:40.637+0000] {processor.py:179} INFO - Processing /opt/airflow/dags/src/Transform.py took 0.017 seconds
[2023-08-01T11:27:10.875+0000] {processor.py:157} INFO - Started process (PID=756) to work on /opt/airflow/dags/src/Transform.py
[2023-08-01T11:27:10.877+0000] {processor.py:826} INFO - Processing file /opt/airflow/dags/src/Transform.py for tasks to queue
[2023-08-01T11:27:10.878+0000] {logging_mixin.py:150} INFO - [2023-08-01T11:27:10.878+0000] {dagbag.py:541} INFO - Filling up the DagBag from /opt/airflow/dags/src/Transform.py
[2023-08-01T11:27:10.879+0000] {processor.py:838} WARNING - No viable dags retrieved from /opt/airflow/dags/src/Transform.py
[2023-08-01T11:27:10.890+0000] {processor.py:179} INFO - Processing /opt/airflow/dags/src/Transform.py took 0.018 seconds
[2023-08-01T11:27:41.219+0000] {processor.py:157} INFO - Started process (PID=766) to work on /opt/airflow/dags/src/Transform.py
[2023-08-01T11:27:41.219+0000] {processor.py:826} INFO - Processing file /opt/airflow/dags/src/Transform.py for tasks to queue
[2023-08-01T11:27:41.220+0000] {logging_mixin.py:150} INFO - [2023-08-01T11:27:41.220+0000] {dagbag.py:541} INFO - Filling up the DagBag from /opt/airflow/dags/src/Transform.py
[2023-08-01T11:27:41.222+0000] {processor.py:838} WARNING - No viable dags retrieved from /opt/airflow/dags/src/Transform.py
[2023-08-01T11:27:41.235+0000] {processor.py:179} INFO - Processing /opt/airflow/dags/src/Transform.py took 0.020 seconds
[2023-08-01T11:28:11.468+0000] {processor.py:157} INFO - Started process (PID=776) to work on /opt/airflow/dags/src/Transform.py
[2023-08-01T11:28:11.470+0000] {processor.py:826} INFO - Processing file /opt/airflow/dags/src/Transform.py for tasks to queue
[2023-08-01T11:28:11.470+0000] {logging_mixin.py:150} INFO - [2023-08-01T11:28:11.470+0000] {dagbag.py:541} INFO - Filling up the DagBag from /opt/airflow/dags/src/Transform.py
[2023-08-01T11:28:11.472+0000] {processor.py:838} WARNING - No viable dags retrieved from /opt/airflow/dags/src/Transform.py
[2023-08-01T11:28:11.484+0000] {processor.py:179} INFO - Processing /opt/airflow/dags/src/Transform.py took 0.018 seconds
[2023-08-01T11:28:41.812+0000] {processor.py:157} INFO - Started process (PID=785) to work on /opt/airflow/dags/src/Transform.py
[2023-08-01T11:28:41.813+0000] {processor.py:826} INFO - Processing file /opt/airflow/dags/src/Transform.py for tasks to queue
[2023-08-01T11:28:41.813+0000] {logging_mixin.py:150} INFO - [2023-08-01T11:28:41.813+0000] {dagbag.py:541} INFO - Filling up the DagBag from /opt/airflow/dags/src/Transform.py
[2023-08-01T11:28:41.815+0000] {processor.py:838} WARNING - No viable dags retrieved from /opt/airflow/dags/src/Transform.py
[2023-08-01T11:28:41.826+0000] {processor.py:179} INFO - Processing /opt/airflow/dags/src/Transform.py took 0.016 seconds
[2023-08-01T11:29:12.142+0000] {processor.py:157} INFO - Started process (PID=795) to work on /opt/airflow/dags/src/Transform.py
[2023-08-01T11:29:12.144+0000] {processor.py:826} INFO - Processing file /opt/airflow/dags/src/Transform.py for tasks to queue
[2023-08-01T11:29:12.145+0000] {logging_mixin.py:150} INFO - [2023-08-01T11:29:12.144+0000] {dagbag.py:541} INFO - Filling up the DagBag from /opt/airflow/dags/src/Transform.py
[2023-08-01T11:29:12.146+0000] {processor.py:838} WARNING - No viable dags retrieved from /opt/airflow/dags/src/Transform.py
[2023-08-01T11:29:12.157+0000] {processor.py:179} INFO - Processing /opt/airflow/dags/src/Transform.py took 0.017 seconds
[2023-08-01T11:29:42.461+0000] {processor.py:157} INFO - Started process (PID=805) to work on /opt/airflow/dags/src/Transform.py
[2023-08-01T11:29:42.461+0000] {processor.py:826} INFO - Processing file /opt/airflow/dags/src/Transform.py for tasks to queue
[2023-08-01T11:29:42.462+0000] {logging_mixin.py:150} INFO - [2023-08-01T11:29:42.462+0000] {dagbag.py:541} INFO - Filling up the DagBag from /opt/airflow/dags/src/Transform.py
[2023-08-01T11:29:42.463+0000] {processor.py:838} WARNING - No viable dags retrieved from /opt/airflow/dags/src/Transform.py
[2023-08-01T11:29:42.473+0000] {processor.py:179} INFO - Processing /opt/airflow/dags/src/Transform.py took 0.014 seconds
[2023-08-01T11:30:12.812+0000] {processor.py:157} INFO - Started process (PID=815) to work on /opt/airflow/dags/src/Transform.py
[2023-08-01T11:30:12.813+0000] {processor.py:826} INFO - Processing file /opt/airflow/dags/src/Transform.py for tasks to queue
[2023-08-01T11:30:12.814+0000] {logging_mixin.py:150} INFO - [2023-08-01T11:30:12.814+0000] {dagbag.py:541} INFO - Filling up the DagBag from /opt/airflow/dags/src/Transform.py
[2023-08-01T11:30:12.815+0000] {processor.py:838} WARNING - No viable dags retrieved from /opt/airflow/dags/src/Transform.py
[2023-08-01T11:30:12.826+0000] {processor.py:179} INFO - Processing /opt/airflow/dags/src/Transform.py took 0.017 seconds
[2023-08-01T11:30:43.149+0000] {processor.py:157} INFO - Started process (PID=825) to work on /opt/airflow/dags/src/Transform.py
[2023-08-01T11:30:43.149+0000] {processor.py:826} INFO - Processing file /opt/airflow/dags/src/Transform.py for tasks to queue
[2023-08-01T11:30:43.150+0000] {logging_mixin.py:150} INFO - [2023-08-01T11:30:43.150+0000] {dagbag.py:541} INFO - Filling up the DagBag from /opt/airflow/dags/src/Transform.py
[2023-08-01T11:30:43.151+0000] {processor.py:838} WARNING - No viable dags retrieved from /opt/airflow/dags/src/Transform.py
[2023-08-01T11:30:43.165+0000] {processor.py:179} INFO - Processing /opt/airflow/dags/src/Transform.py took 0.020 seconds
[2023-08-01T11:31:13.492+0000] {processor.py:157} INFO - Started process (PID=835) to work on /opt/airflow/dags/src/Transform.py
[2023-08-01T11:31:13.492+0000] {processor.py:826} INFO - Processing file /opt/airflow/dags/src/Transform.py for tasks to queue
[2023-08-01T11:31:13.493+0000] {logging_mixin.py:150} INFO - [2023-08-01T11:31:13.493+0000] {dagbag.py:541} INFO - Filling up the DagBag from /opt/airflow/dags/src/Transform.py
[2023-08-01T11:31:13.495+0000] {processor.py:838} WARNING - No viable dags retrieved from /opt/airflow/dags/src/Transform.py
[2023-08-01T11:31:13.506+0000] {processor.py:179} INFO - Processing /opt/airflow/dags/src/Transform.py took 0.017 seconds
[2023-08-01T11:31:43.836+0000] {processor.py:157} INFO - Started process (PID=845) to work on /opt/airflow/dags/src/Transform.py
[2023-08-01T11:31:43.836+0000] {processor.py:826} INFO - Processing file /opt/airflow/dags/src/Transform.py for tasks to queue
[2023-08-01T11:31:43.837+0000] {logging_mixin.py:150} INFO - [2023-08-01T11:31:43.837+0000] {dagbag.py:541} INFO - Filling up the DagBag from /opt/airflow/dags/src/Transform.py
[2023-08-01T11:31:43.839+0000] {processor.py:838} WARNING - No viable dags retrieved from /opt/airflow/dags/src/Transform.py
[2023-08-01T11:31:43.850+0000] {processor.py:179} INFO - Processing /opt/airflow/dags/src/Transform.py took 0.017 seconds
[2023-08-01T11:32:14.170+0000] {processor.py:157} INFO - Started process (PID=855) to work on /opt/airflow/dags/src/Transform.py
[2023-08-01T11:32:14.171+0000] {processor.py:826} INFO - Processing file /opt/airflow/dags/src/Transform.py for tasks to queue
[2023-08-01T11:32:14.172+0000] {logging_mixin.py:150} INFO - [2023-08-01T11:32:14.171+0000] {dagbag.py:541} INFO - Filling up the DagBag from /opt/airflow/dags/src/Transform.py
[2023-08-01T11:32:14.173+0000] {processor.py:838} WARNING - No viable dags retrieved from /opt/airflow/dags/src/Transform.py
[2023-08-01T11:32:14.184+0000] {processor.py:179} INFO - Processing /opt/airflow/dags/src/Transform.py took 0.017 seconds
[2023-08-01T11:32:44.499+0000] {processor.py:157} INFO - Started process (PID=865) to work on /opt/airflow/dags/src/Transform.py
[2023-08-01T11:32:44.501+0000] {processor.py:826} INFO - Processing file /opt/airflow/dags/src/Transform.py for tasks to queue
[2023-08-01T11:32:44.502+0000] {logging_mixin.py:150} INFO - [2023-08-01T11:32:44.501+0000] {dagbag.py:541} INFO - Filling up the DagBag from /opt/airflow/dags/src/Transform.py
[2023-08-01T11:32:44.503+0000] {processor.py:838} WARNING - No viable dags retrieved from /opt/airflow/dags/src/Transform.py
[2023-08-01T11:32:44.514+0000] {processor.py:179} INFO - Processing /opt/airflow/dags/src/Transform.py took 0.017 seconds
[2023-08-01T11:33:14.828+0000] {processor.py:157} INFO - Started process (PID=875) to work on /opt/airflow/dags/src/Transform.py
[2023-08-01T11:33:14.828+0000] {processor.py:826} INFO - Processing file /opt/airflow/dags/src/Transform.py for tasks to queue
[2023-08-01T11:33:14.829+0000] {logging_mixin.py:150} INFO - [2023-08-01T11:33:14.829+0000] {dagbag.py:541} INFO - Filling up the DagBag from /opt/airflow/dags/src/Transform.py
[2023-08-01T11:33:14.831+0000] {processor.py:838} WARNING - No viable dags retrieved from /opt/airflow/dags/src/Transform.py
[2023-08-01T11:33:14.842+0000] {processor.py:179} INFO - Processing /opt/airflow/dags/src/Transform.py took 0.017 seconds
[2023-08-01T11:33:45.315+0000] {processor.py:157} INFO - Started process (PID=885) to work on /opt/airflow/dags/src/Transform.py
[2023-08-01T11:33:45.317+0000] {processor.py:826} INFO - Processing file /opt/airflow/dags/src/Transform.py for tasks to queue
[2023-08-01T11:33:45.317+0000] {logging_mixin.py:150} INFO - [2023-08-01T11:33:45.317+0000] {dagbag.py:541} INFO - Filling up the DagBag from /opt/airflow/dags/src/Transform.py
[2023-08-01T11:33:45.319+0000] {processor.py:838} WARNING - No viable dags retrieved from /opt/airflow/dags/src/Transform.py
[2023-08-01T11:33:45.330+0000] {processor.py:179} INFO - Processing /opt/airflow/dags/src/Transform.py took 0.017 seconds
[2023-08-01T11:34:15.668+0000] {processor.py:157} INFO - Started process (PID=895) to work on /opt/airflow/dags/src/Transform.py
[2023-08-01T11:34:15.669+0000] {processor.py:826} INFO - Processing file /opt/airflow/dags/src/Transform.py for tasks to queue
[2023-08-01T11:34:15.669+0000] {logging_mixin.py:150} INFO - [2023-08-01T11:34:15.669+0000] {dagbag.py:541} INFO - Filling up the DagBag from /opt/airflow/dags/src/Transform.py
[2023-08-01T11:34:15.671+0000] {processor.py:838} WARNING - No viable dags retrieved from /opt/airflow/dags/src/Transform.py
[2023-08-01T11:34:15.681+0000] {processor.py:179} INFO - Processing /opt/airflow/dags/src/Transform.py took 0.015 seconds
[2023-08-01T11:34:46.087+0000] {processor.py:157} INFO - Started process (PID=905) to work on /opt/airflow/dags/src/Transform.py
[2023-08-01T11:34:46.088+0000] {processor.py:826} INFO - Processing file /opt/airflow/dags/src/Transform.py for tasks to queue
[2023-08-01T11:34:46.088+0000] {logging_mixin.py:150} INFO - [2023-08-01T11:34:46.088+0000] {dagbag.py:541} INFO - Filling up the DagBag from /opt/airflow/dags/src/Transform.py
[2023-08-01T11:34:46.089+0000] {processor.py:838} WARNING - No viable dags retrieved from /opt/airflow/dags/src/Transform.py
[2023-08-01T11:34:46.099+0000] {processor.py:179} INFO - Processing /opt/airflow/dags/src/Transform.py took 0.015 seconds
[2023-08-01T11:35:16.431+0000] {processor.py:157} INFO - Started process (PID=915) to work on /opt/airflow/dags/src/Transform.py
[2023-08-01T11:35:16.431+0000] {processor.py:826} INFO - Processing file /opt/airflow/dags/src/Transform.py for tasks to queue
[2023-08-01T11:35:16.432+0000] {logging_mixin.py:150} INFO - [2023-08-01T11:35:16.431+0000] {dagbag.py:541} INFO - Filling up the DagBag from /opt/airflow/dags/src/Transform.py
[2023-08-01T11:35:16.433+0000] {processor.py:838} WARNING - No viable dags retrieved from /opt/airflow/dags/src/Transform.py
[2023-08-01T11:35:16.444+0000] {processor.py:179} INFO - Processing /opt/airflow/dags/src/Transform.py took 0.016 seconds
[2023-08-01T11:35:46.766+0000] {processor.py:157} INFO - Started process (PID=925) to work on /opt/airflow/dags/src/Transform.py
[2023-08-01T11:35:46.767+0000] {processor.py:826} INFO - Processing file /opt/airflow/dags/src/Transform.py for tasks to queue
[2023-08-01T11:35:46.768+0000] {logging_mixin.py:150} INFO - [2023-08-01T11:35:46.768+0000] {dagbag.py:541} INFO - Filling up the DagBag from /opt/airflow/dags/src/Transform.py
[2023-08-01T11:35:46.770+0000] {processor.py:838} WARNING - No viable dags retrieved from /opt/airflow/dags/src/Transform.py
[2023-08-01T11:35:46.781+0000] {processor.py:179} INFO - Processing /opt/airflow/dags/src/Transform.py took 0.018 seconds
[2023-08-01T11:36:17.101+0000] {processor.py:157} INFO - Started process (PID=935) to work on /opt/airflow/dags/src/Transform.py
[2023-08-01T11:36:17.102+0000] {processor.py:826} INFO - Processing file /opt/airflow/dags/src/Transform.py for tasks to queue
[2023-08-01T11:36:17.102+0000] {logging_mixin.py:150} INFO - [2023-08-01T11:36:17.102+0000] {dagbag.py:541} INFO - Filling up the DagBag from /opt/airflow/dags/src/Transform.py
[2023-08-01T11:36:17.104+0000] {processor.py:838} WARNING - No viable dags retrieved from /opt/airflow/dags/src/Transform.py
[2023-08-01T11:36:17.116+0000] {processor.py:179} INFO - Processing /opt/airflow/dags/src/Transform.py took 0.017 seconds
[2023-08-01T11:36:47.413+0000] {processor.py:157} INFO - Started process (PID=945) to work on /opt/airflow/dags/src/Transform.py
[2023-08-01T11:36:47.415+0000] {processor.py:826} INFO - Processing file /opt/airflow/dags/src/Transform.py for tasks to queue
[2023-08-01T11:36:47.416+0000] {logging_mixin.py:150} INFO - [2023-08-01T11:36:47.416+0000] {dagbag.py:541} INFO - Filling up the DagBag from /opt/airflow/dags/src/Transform.py
[2023-08-01T11:36:47.417+0000] {processor.py:838} WARNING - No viable dags retrieved from /opt/airflow/dags/src/Transform.py
[2023-08-01T11:36:47.428+0000] {processor.py:179} INFO - Processing /opt/airflow/dags/src/Transform.py took 0.017 seconds
[2023-08-01T11:37:17.762+0000] {processor.py:157} INFO - Started process (PID=955) to work on /opt/airflow/dags/src/Transform.py
[2023-08-01T11:37:17.762+0000] {processor.py:826} INFO - Processing file /opt/airflow/dags/src/Transform.py for tasks to queue
[2023-08-01T11:37:17.763+0000] {logging_mixin.py:150} INFO - [2023-08-01T11:37:17.763+0000] {dagbag.py:541} INFO - Filling up the DagBag from /opt/airflow/dags/src/Transform.py
[2023-08-01T11:37:17.765+0000] {processor.py:838} WARNING - No viable dags retrieved from /opt/airflow/dags/src/Transform.py
[2023-08-01T11:37:17.777+0000] {processor.py:179} INFO - Processing /opt/airflow/dags/src/Transform.py took 0.017 seconds
[2023-08-01T11:37:48.097+0000] {processor.py:157} INFO - Started process (PID=965) to work on /opt/airflow/dags/src/Transform.py
[2023-08-01T11:37:48.098+0000] {processor.py:826} INFO - Processing file /opt/airflow/dags/src/Transform.py for tasks to queue
[2023-08-01T11:37:48.099+0000] {logging_mixin.py:150} INFO - [2023-08-01T11:37:48.099+0000] {dagbag.py:541} INFO - Filling up the DagBag from /opt/airflow/dags/src/Transform.py
[2023-08-01T11:37:48.100+0000] {processor.py:838} WARNING - No viable dags retrieved from /opt/airflow/dags/src/Transform.py
[2023-08-01T11:37:48.111+0000] {processor.py:179} INFO - Processing /opt/airflow/dags/src/Transform.py took 0.016 seconds
[2023-08-01T11:38:18.421+0000] {processor.py:157} INFO - Started process (PID=975) to work on /opt/airflow/dags/src/Transform.py
[2023-08-01T11:38:18.422+0000] {processor.py:826} INFO - Processing file /opt/airflow/dags/src/Transform.py for tasks to queue
[2023-08-01T11:38:18.422+0000] {logging_mixin.py:150} INFO - [2023-08-01T11:38:18.422+0000] {dagbag.py:541} INFO - Filling up the DagBag from /opt/airflow/dags/src/Transform.py
[2023-08-01T11:38:18.424+0000] {processor.py:838} WARNING - No viable dags retrieved from /opt/airflow/dags/src/Transform.py
[2023-08-01T11:38:18.435+0000] {processor.py:179} INFO - Processing /opt/airflow/dags/src/Transform.py took 0.016 seconds
[2023-08-01T11:38:48.743+0000] {processor.py:157} INFO - Started process (PID=985) to work on /opt/airflow/dags/src/Transform.py
[2023-08-01T11:38:48.744+0000] {processor.py:826} INFO - Processing file /opt/airflow/dags/src/Transform.py for tasks to queue
[2023-08-01T11:38:48.745+0000] {logging_mixin.py:150} INFO - [2023-08-01T11:38:48.745+0000] {dagbag.py:541} INFO - Filling up the DagBag from /opt/airflow/dags/src/Transform.py
[2023-08-01T11:38:48.746+0000] {processor.py:838} WARNING - No viable dags retrieved from /opt/airflow/dags/src/Transform.py
[2023-08-01T11:38:48.758+0000] {processor.py:179} INFO - Processing /opt/airflow/dags/src/Transform.py took 0.017 seconds
[2023-08-01T11:39:19.070+0000] {processor.py:157} INFO - Started process (PID=995) to work on /opt/airflow/dags/src/Transform.py
[2023-08-01T11:39:19.071+0000] {processor.py:826} INFO - Processing file /opt/airflow/dags/src/Transform.py for tasks to queue
[2023-08-01T11:39:19.071+0000] {logging_mixin.py:150} INFO - [2023-08-01T11:39:19.071+0000] {dagbag.py:541} INFO - Filling up the DagBag from /opt/airflow/dags/src/Transform.py
[2023-08-01T11:39:19.073+0000] {processor.py:838} WARNING - No viable dags retrieved from /opt/airflow/dags/src/Transform.py
[2023-08-01T11:39:19.084+0000] {processor.py:179} INFO - Processing /opt/airflow/dags/src/Transform.py took 0.016 seconds
[2023-08-01T11:39:49.381+0000] {processor.py:157} INFO - Started process (PID=1005) to work on /opt/airflow/dags/src/Transform.py
[2023-08-01T11:39:49.383+0000] {processor.py:826} INFO - Processing file /opt/airflow/dags/src/Transform.py for tasks to queue
[2023-08-01T11:39:49.383+0000] {logging_mixin.py:150} INFO - [2023-08-01T11:39:49.383+0000] {dagbag.py:541} INFO - Filling up the DagBag from /opt/airflow/dags/src/Transform.py
[2023-08-01T11:39:49.385+0000] {processor.py:838} WARNING - No viable dags retrieved from /opt/airflow/dags/src/Transform.py
[2023-08-01T11:39:49.396+0000] {processor.py:179} INFO - Processing /opt/airflow/dags/src/Transform.py took 0.017 seconds
[2023-08-01T11:40:19.702+0000] {processor.py:157} INFO - Started process (PID=1015) to work on /opt/airflow/dags/src/Transform.py
[2023-08-01T11:40:19.702+0000] {processor.py:826} INFO - Processing file /opt/airflow/dags/src/Transform.py for tasks to queue
[2023-08-01T11:40:19.703+0000] {logging_mixin.py:150} INFO - [2023-08-01T11:40:19.702+0000] {dagbag.py:541} INFO - Filling up the DagBag from /opt/airflow/dags/src/Transform.py
[2023-08-01T11:40:19.704+0000] {processor.py:838} WARNING - No viable dags retrieved from /opt/airflow/dags/src/Transform.py
[2023-08-01T11:40:19.715+0000] {processor.py:179} INFO - Processing /opt/airflow/dags/src/Transform.py took 0.016 seconds
[2023-08-01T11:40:50.015+0000] {processor.py:157} INFO - Started process (PID=1025) to work on /opt/airflow/dags/src/Transform.py
[2023-08-01T11:40:50.017+0000] {processor.py:826} INFO - Processing file /opt/airflow/dags/src/Transform.py for tasks to queue
[2023-08-01T11:40:50.018+0000] {logging_mixin.py:150} INFO - [2023-08-01T11:40:50.018+0000] {dagbag.py:541} INFO - Filling up the DagBag from /opt/airflow/dags/src/Transform.py
[2023-08-01T11:40:50.020+0000] {processor.py:838} WARNING - No viable dags retrieved from /opt/airflow/dags/src/Transform.py
[2023-08-01T11:40:50.030+0000] {processor.py:179} INFO - Processing /opt/airflow/dags/src/Transform.py took 0.017 seconds
[2023-08-01T11:41:20.342+0000] {processor.py:157} INFO - Started process (PID=1035) to work on /opt/airflow/dags/src/Transform.py
[2023-08-01T11:41:20.342+0000] {processor.py:826} INFO - Processing file /opt/airflow/dags/src/Transform.py for tasks to queue
[2023-08-01T11:41:20.343+0000] {logging_mixin.py:150} INFO - [2023-08-01T11:41:20.343+0000] {dagbag.py:541} INFO - Filling up the DagBag from /opt/airflow/dags/src/Transform.py
[2023-08-01T11:41:20.345+0000] {processor.py:838} WARNING - No viable dags retrieved from /opt/airflow/dags/src/Transform.py
[2023-08-01T11:41:20.356+0000] {processor.py:179} INFO - Processing /opt/airflow/dags/src/Transform.py took 0.017 seconds
[2023-08-01T11:41:50.660+0000] {processor.py:157} INFO - Started process (PID=1045) to work on /opt/airflow/dags/src/Transform.py
[2023-08-01T11:41:50.662+0000] {processor.py:826} INFO - Processing file /opt/airflow/dags/src/Transform.py for tasks to queue
[2023-08-01T11:41:50.662+0000] {logging_mixin.py:150} INFO - [2023-08-01T11:41:50.662+0000] {dagbag.py:541} INFO - Filling up the DagBag from /opt/airflow/dags/src/Transform.py
[2023-08-01T11:41:50.664+0000] {processor.py:838} WARNING - No viable dags retrieved from /opt/airflow/dags/src/Transform.py
[2023-08-01T11:41:50.675+0000] {processor.py:179} INFO - Processing /opt/airflow/dags/src/Transform.py took 0.018 seconds
[2023-08-01T11:42:20.977+0000] {processor.py:157} INFO - Started process (PID=1055) to work on /opt/airflow/dags/src/Transform.py
[2023-08-01T11:42:20.978+0000] {processor.py:826} INFO - Processing file /opt/airflow/dags/src/Transform.py for tasks to queue
[2023-08-01T11:42:20.978+0000] {logging_mixin.py:150} INFO - [2023-08-01T11:42:20.978+0000] {dagbag.py:541} INFO - Filling up the DagBag from /opt/airflow/dags/src/Transform.py
[2023-08-01T11:42:20.980+0000] {processor.py:838} WARNING - No viable dags retrieved from /opt/airflow/dags/src/Transform.py
[2023-08-01T11:42:20.992+0000] {processor.py:179} INFO - Processing /opt/airflow/dags/src/Transform.py took 0.017 seconds
[2023-08-01T11:42:51.291+0000] {processor.py:157} INFO - Started process (PID=1064) to work on /opt/airflow/dags/src/Transform.py
[2023-08-01T11:42:51.292+0000] {processor.py:826} INFO - Processing file /opt/airflow/dags/src/Transform.py for tasks to queue
[2023-08-01T11:42:51.293+0000] {logging_mixin.py:150} INFO - [2023-08-01T11:42:51.293+0000] {dagbag.py:541} INFO - Filling up the DagBag from /opt/airflow/dags/src/Transform.py
[2023-08-01T11:42:51.294+0000] {processor.py:838} WARNING - No viable dags retrieved from /opt/airflow/dags/src/Transform.py
[2023-08-01T11:42:51.304+0000] {processor.py:179} INFO - Processing /opt/airflow/dags/src/Transform.py took 0.016 seconds
[2023-08-01T11:43:21.608+0000] {processor.py:157} INFO - Started process (PID=1074) to work on /opt/airflow/dags/src/Transform.py
[2023-08-01T11:43:21.611+0000] {processor.py:826} INFO - Processing file /opt/airflow/dags/src/Transform.py for tasks to queue
[2023-08-01T11:43:21.611+0000] {logging_mixin.py:150} INFO - [2023-08-01T11:43:21.611+0000] {dagbag.py:541} INFO - Filling up the DagBag from /opt/airflow/dags/src/Transform.py
[2023-08-01T11:43:21.613+0000] {processor.py:838} WARNING - No viable dags retrieved from /opt/airflow/dags/src/Transform.py
[2023-08-01T11:43:21.624+0000] {processor.py:179} INFO - Processing /opt/airflow/dags/src/Transform.py took 0.018 seconds
[2023-08-01T11:43:51.926+0000] {processor.py:157} INFO - Started process (PID=1084) to work on /opt/airflow/dags/src/Transform.py
[2023-08-01T11:43:51.926+0000] {processor.py:826} INFO - Processing file /opt/airflow/dags/src/Transform.py for tasks to queue
[2023-08-01T11:43:51.927+0000] {logging_mixin.py:150} INFO - [2023-08-01T11:43:51.926+0000] {dagbag.py:541} INFO - Filling up the DagBag from /opt/airflow/dags/src/Transform.py
[2023-08-01T11:43:51.928+0000] {processor.py:838} WARNING - No viable dags retrieved from /opt/airflow/dags/src/Transform.py
[2023-08-01T11:43:51.938+0000] {processor.py:179} INFO - Processing /opt/airflow/dags/src/Transform.py took 0.015 seconds
[2023-08-01T11:44:22.245+0000] {processor.py:157} INFO - Started process (PID=1094) to work on /opt/airflow/dags/src/Transform.py
[2023-08-01T11:44:22.246+0000] {processor.py:826} INFO - Processing file /opt/airflow/dags/src/Transform.py for tasks to queue
[2023-08-01T11:44:22.247+0000] {logging_mixin.py:150} INFO - [2023-08-01T11:44:22.247+0000] {dagbag.py:541} INFO - Filling up the DagBag from /opt/airflow/dags/src/Transform.py
[2023-08-01T11:44:22.248+0000] {processor.py:838} WARNING - No viable dags retrieved from /opt/airflow/dags/src/Transform.py
[2023-08-01T11:44:22.259+0000] {processor.py:179} INFO - Processing /opt/airflow/dags/src/Transform.py took 0.016 seconds
[2023-08-01T11:44:52.561+0000] {processor.py:157} INFO - Started process (PID=1104) to work on /opt/airflow/dags/src/Transform.py
[2023-08-01T11:44:52.562+0000] {processor.py:826} INFO - Processing file /opt/airflow/dags/src/Transform.py for tasks to queue
[2023-08-01T11:44:52.563+0000] {logging_mixin.py:150} INFO - [2023-08-01T11:44:52.562+0000] {dagbag.py:541} INFO - Filling up the DagBag from /opt/airflow/dags/src/Transform.py
[2023-08-01T11:44:52.565+0000] {processor.py:838} WARNING - No viable dags retrieved from /opt/airflow/dags/src/Transform.py
[2023-08-01T11:44:52.581+0000] {processor.py:179} INFO - Processing /opt/airflow/dags/src/Transform.py took 0.024 seconds
[2023-08-01T11:45:22.933+0000] {processor.py:157} INFO - Started process (PID=1114) to work on /opt/airflow/dags/src/Transform.py
[2023-08-01T11:45:22.934+0000] {processor.py:826} INFO - Processing file /opt/airflow/dags/src/Transform.py for tasks to queue
[2023-08-01T11:45:22.934+0000] {logging_mixin.py:150} INFO - [2023-08-01T11:45:22.934+0000] {dagbag.py:541} INFO - Filling up the DagBag from /opt/airflow/dags/src/Transform.py
[2023-08-01T11:45:22.936+0000] {processor.py:838} WARNING - No viable dags retrieved from /opt/airflow/dags/src/Transform.py
[2023-08-01T11:45:22.948+0000] {processor.py:179} INFO - Processing /opt/airflow/dags/src/Transform.py took 0.018 seconds
[2023-08-01T11:45:53.253+0000] {processor.py:157} INFO - Started process (PID=1124) to work on /opt/airflow/dags/src/Transform.py
[2023-08-01T11:45:53.253+0000] {processor.py:826} INFO - Processing file /opt/airflow/dags/src/Transform.py for tasks to queue
[2023-08-01T11:45:53.254+0000] {logging_mixin.py:150} INFO - [2023-08-01T11:45:53.254+0000] {dagbag.py:541} INFO - Filling up the DagBag from /opt/airflow/dags/src/Transform.py
[2023-08-01T11:45:53.255+0000] {processor.py:838} WARNING - No viable dags retrieved from /opt/airflow/dags/src/Transform.py
[2023-08-01T11:45:53.266+0000] {processor.py:179} INFO - Processing /opt/airflow/dags/src/Transform.py took 0.016 seconds
[2023-08-01T11:46:23.578+0000] {processor.py:157} INFO - Started process (PID=1134) to work on /opt/airflow/dags/src/Transform.py
[2023-08-01T11:46:23.580+0000] {processor.py:826} INFO - Processing file /opt/airflow/dags/src/Transform.py for tasks to queue
[2023-08-01T11:46:23.581+0000] {logging_mixin.py:150} INFO - [2023-08-01T11:46:23.580+0000] {dagbag.py:541} INFO - Filling up the DagBag from /opt/airflow/dags/src/Transform.py
[2023-08-01T11:46:23.582+0000] {processor.py:838} WARNING - No viable dags retrieved from /opt/airflow/dags/src/Transform.py
[2023-08-01T11:46:23.593+0000] {processor.py:179} INFO - Processing /opt/airflow/dags/src/Transform.py took 0.017 seconds
[2023-08-01T11:46:53.910+0000] {processor.py:157} INFO - Started process (PID=1143) to work on /opt/airflow/dags/src/Transform.py
[2023-08-01T11:46:53.911+0000] {processor.py:826} INFO - Processing file /opt/airflow/dags/src/Transform.py for tasks to queue
[2023-08-01T11:46:53.911+0000] {logging_mixin.py:150} INFO - [2023-08-01T11:46:53.911+0000] {dagbag.py:541} INFO - Filling up the DagBag from /opt/airflow/dags/src/Transform.py
[2023-08-01T11:46:53.913+0000] {processor.py:838} WARNING - No viable dags retrieved from /opt/airflow/dags/src/Transform.py
[2023-08-01T11:46:53.924+0000] {processor.py:179} INFO - Processing /opt/airflow/dags/src/Transform.py took 0.016 seconds
[2023-08-01T11:47:24.235+0000] {processor.py:157} INFO - Started process (PID=1153) to work on /opt/airflow/dags/src/Transform.py
[2023-08-01T11:47:24.237+0000] {processor.py:826} INFO - Processing file /opt/airflow/dags/src/Transform.py for tasks to queue
[2023-08-01T11:47:24.238+0000] {logging_mixin.py:150} INFO - [2023-08-01T11:47:24.238+0000] {dagbag.py:541} INFO - Filling up the DagBag from /opt/airflow/dags/src/Transform.py
[2023-08-01T11:47:24.239+0000] {processor.py:838} WARNING - No viable dags retrieved from /opt/airflow/dags/src/Transform.py
[2023-08-01T11:47:24.250+0000] {processor.py:179} INFO - Processing /opt/airflow/dags/src/Transform.py took 0.018 seconds
[2023-08-01T11:47:54.551+0000] {processor.py:157} INFO - Started process (PID=1163) to work on /opt/airflow/dags/src/Transform.py
[2023-08-01T11:47:54.551+0000] {processor.py:826} INFO - Processing file /opt/airflow/dags/src/Transform.py for tasks to queue
[2023-08-01T11:47:54.552+0000] {logging_mixin.py:150} INFO - [2023-08-01T11:47:54.552+0000] {dagbag.py:541} INFO - Filling up the DagBag from /opt/airflow/dags/src/Transform.py
[2023-08-01T11:47:54.553+0000] {processor.py:838} WARNING - No viable dags retrieved from /opt/airflow/dags/src/Transform.py
[2023-08-01T11:47:54.565+0000] {processor.py:179} INFO - Processing /opt/airflow/dags/src/Transform.py took 0.016 seconds
[2023-08-01T11:48:24.870+0000] {processor.py:157} INFO - Started process (PID=1173) to work on /opt/airflow/dags/src/Transform.py
[2023-08-01T11:48:24.872+0000] {processor.py:826} INFO - Processing file /opt/airflow/dags/src/Transform.py for tasks to queue
[2023-08-01T11:48:24.872+0000] {logging_mixin.py:150} INFO - [2023-08-01T11:48:24.872+0000] {dagbag.py:541} INFO - Filling up the DagBag from /opt/airflow/dags/src/Transform.py
[2023-08-01T11:48:24.874+0000] {processor.py:838} WARNING - No viable dags retrieved from /opt/airflow/dags/src/Transform.py
[2023-08-01T11:48:24.885+0000] {processor.py:179} INFO - Processing /opt/airflow/dags/src/Transform.py took 0.017 seconds
[2023-08-01T11:48:55.199+0000] {processor.py:157} INFO - Started process (PID=1183) to work on /opt/airflow/dags/src/Transform.py
[2023-08-01T11:48:55.199+0000] {processor.py:826} INFO - Processing file /opt/airflow/dags/src/Transform.py for tasks to queue
[2023-08-01T11:48:55.199+0000] {logging_mixin.py:150} INFO - [2023-08-01T11:48:55.199+0000] {dagbag.py:541} INFO - Filling up the DagBag from /opt/airflow/dags/src/Transform.py
[2023-08-01T11:48:55.201+0000] {processor.py:838} WARNING - No viable dags retrieved from /opt/airflow/dags/src/Transform.py
[2023-08-01T11:48:55.211+0000] {processor.py:179} INFO - Processing /opt/airflow/dags/src/Transform.py took 0.015 seconds
[2023-08-01T11:49:25.521+0000] {processor.py:157} INFO - Started process (PID=1193) to work on /opt/airflow/dags/src/Transform.py
[2023-08-01T11:49:25.522+0000] {processor.py:826} INFO - Processing file /opt/airflow/dags/src/Transform.py for tasks to queue
[2023-08-01T11:49:25.522+0000] {logging_mixin.py:150} INFO - [2023-08-01T11:49:25.522+0000] {dagbag.py:541} INFO - Filling up the DagBag from /opt/airflow/dags/src/Transform.py
[2023-08-01T11:49:25.524+0000] {processor.py:838} WARNING - No viable dags retrieved from /opt/airflow/dags/src/Transform.py
[2023-08-01T11:49:25.534+0000] {processor.py:179} INFO - Processing /opt/airflow/dags/src/Transform.py took 0.016 seconds
[2023-08-01T11:49:55.847+0000] {processor.py:157} INFO - Started process (PID=1203) to work on /opt/airflow/dags/src/Transform.py
[2023-08-01T11:49:55.848+0000] {processor.py:826} INFO - Processing file /opt/airflow/dags/src/Transform.py for tasks to queue
[2023-08-01T11:49:55.848+0000] {logging_mixin.py:150} INFO - [2023-08-01T11:49:55.848+0000] {dagbag.py:541} INFO - Filling up the DagBag from /opt/airflow/dags/src/Transform.py
[2023-08-01T11:49:55.850+0000] {processor.py:838} WARNING - No viable dags retrieved from /opt/airflow/dags/src/Transform.py
[2023-08-01T11:49:55.861+0000] {processor.py:179} INFO - Processing /opt/airflow/dags/src/Transform.py took 0.016 seconds
[2023-08-01T11:50:26.156+0000] {processor.py:157} INFO - Started process (PID=1213) to work on /opt/airflow/dags/src/Transform.py
[2023-08-01T11:50:26.157+0000] {processor.py:826} INFO - Processing file /opt/airflow/dags/src/Transform.py for tasks to queue
[2023-08-01T11:50:26.158+0000] {logging_mixin.py:150} INFO - [2023-08-01T11:50:26.158+0000] {dagbag.py:541} INFO - Filling up the DagBag from /opt/airflow/dags/src/Transform.py
[2023-08-01T11:50:26.160+0000] {processor.py:838} WARNING - No viable dags retrieved from /opt/airflow/dags/src/Transform.py
[2023-08-01T11:50:26.171+0000] {processor.py:179} INFO - Processing /opt/airflow/dags/src/Transform.py took 0.017 seconds
[2023-08-01T11:50:56.499+0000] {processor.py:157} INFO - Started process (PID=1223) to work on /opt/airflow/dags/src/Transform.py
[2023-08-01T11:50:56.499+0000] {processor.py:826} INFO - Processing file /opt/airflow/dags/src/Transform.py for tasks to queue
[2023-08-01T11:50:56.500+0000] {logging_mixin.py:150} INFO - [2023-08-01T11:50:56.500+0000] {dagbag.py:541} INFO - Filling up the DagBag from /opt/airflow/dags/src/Transform.py
[2023-08-01T11:50:56.501+0000] {processor.py:838} WARNING - No viable dags retrieved from /opt/airflow/dags/src/Transform.py
[2023-08-01T11:50:56.512+0000] {processor.py:179} INFO - Processing /opt/airflow/dags/src/Transform.py took 0.015 seconds
[2023-08-01T11:51:26.744+0000] {processor.py:157} INFO - Started process (PID=1239) to work on /opt/airflow/dags/src/Transform.py
[2023-08-01T11:51:26.745+0000] {processor.py:826} INFO - Processing file /opt/airflow/dags/src/Transform.py for tasks to queue
[2023-08-01T11:51:26.746+0000] {logging_mixin.py:150} INFO - [2023-08-01T11:51:26.746+0000] {dagbag.py:541} INFO - Filling up the DagBag from /opt/airflow/dags/src/Transform.py
[2023-08-01T11:51:26.747+0000] {processor.py:838} WARNING - No viable dags retrieved from /opt/airflow/dags/src/Transform.py
[2023-08-01T11:51:26.757+0000] {processor.py:179} INFO - Processing /opt/airflow/dags/src/Transform.py took 0.015 seconds
[2023-08-01T11:51:56.983+0000] {processor.py:157} INFO - Started process (PID=1249) to work on /opt/airflow/dags/src/Transform.py
[2023-08-01T11:51:56.983+0000] {processor.py:826} INFO - Processing file /opt/airflow/dags/src/Transform.py for tasks to queue
[2023-08-01T11:51:56.984+0000] {logging_mixin.py:150} INFO - [2023-08-01T11:51:56.984+0000] {dagbag.py:541} INFO - Filling up the DagBag from /opt/airflow/dags/src/Transform.py
[2023-08-01T11:51:56.985+0000] {processor.py:838} WARNING - No viable dags retrieved from /opt/airflow/dags/src/Transform.py
[2023-08-01T11:51:56.996+0000] {processor.py:179} INFO - Processing /opt/airflow/dags/src/Transform.py took 0.015 seconds
[2023-08-01T11:52:27.231+0000] {processor.py:157} INFO - Started process (PID=1259) to work on /opt/airflow/dags/src/Transform.py
[2023-08-01T11:52:27.232+0000] {processor.py:826} INFO - Processing file /opt/airflow/dags/src/Transform.py for tasks to queue
[2023-08-01T11:52:27.233+0000] {logging_mixin.py:150} INFO - [2023-08-01T11:52:27.233+0000] {dagbag.py:541} INFO - Filling up the DagBag from /opt/airflow/dags/src/Transform.py
[2023-08-01T11:52:27.234+0000] {processor.py:838} WARNING - No viable dags retrieved from /opt/airflow/dags/src/Transform.py
[2023-08-01T11:52:27.245+0000] {processor.py:179} INFO - Processing /opt/airflow/dags/src/Transform.py took 0.017 seconds
[2023-08-01T11:52:57.474+0000] {processor.py:157} INFO - Started process (PID=1269) to work on /opt/airflow/dags/src/Transform.py
[2023-08-01T11:52:57.474+0000] {processor.py:826} INFO - Processing file /opt/airflow/dags/src/Transform.py for tasks to queue
[2023-08-01T11:52:57.475+0000] {logging_mixin.py:150} INFO - [2023-08-01T11:52:57.475+0000] {dagbag.py:541} INFO - Filling up the DagBag from /opt/airflow/dags/src/Transform.py
[2023-08-01T11:52:57.476+0000] {processor.py:838} WARNING - No viable dags retrieved from /opt/airflow/dags/src/Transform.py
[2023-08-01T11:52:57.485+0000] {processor.py:179} INFO - Processing /opt/airflow/dags/src/Transform.py took 0.013 seconds
[2023-08-01T11:53:27.756+0000] {processor.py:157} INFO - Started process (PID=1279) to work on /opt/airflow/dags/src/Transform.py
[2023-08-01T11:53:27.756+0000] {processor.py:826} INFO - Processing file /opt/airflow/dags/src/Transform.py for tasks to queue
[2023-08-01T11:53:27.757+0000] {logging_mixin.py:150} INFO - [2023-08-01T11:53:27.757+0000] {dagbag.py:541} INFO - Filling up the DagBag from /opt/airflow/dags/src/Transform.py
[2023-08-01T11:53:27.759+0000] {processor.py:838} WARNING - No viable dags retrieved from /opt/airflow/dags/src/Transform.py
[2023-08-01T11:53:27.769+0000] {processor.py:179} INFO - Processing /opt/airflow/dags/src/Transform.py took 0.016 seconds
[2023-08-01T11:53:58.006+0000] {processor.py:157} INFO - Started process (PID=1289) to work on /opt/airflow/dags/src/Transform.py
[2023-08-01T11:53:58.006+0000] {processor.py:826} INFO - Processing file /opt/airflow/dags/src/Transform.py for tasks to queue
[2023-08-01T11:53:58.007+0000] {logging_mixin.py:150} INFO - [2023-08-01T11:53:58.007+0000] {dagbag.py:541} INFO - Filling up the DagBag from /opt/airflow/dags/src/Transform.py
[2023-08-01T11:53:58.008+0000] {processor.py:838} WARNING - No viable dags retrieved from /opt/airflow/dags/src/Transform.py
[2023-08-01T11:53:58.019+0000] {processor.py:179} INFO - Processing /opt/airflow/dags/src/Transform.py took 0.015 seconds
[2023-08-01T11:54:28.248+0000] {processor.py:157} INFO - Started process (PID=1299) to work on /opt/airflow/dags/src/Transform.py
[2023-08-01T11:54:28.250+0000] {processor.py:826} INFO - Processing file /opt/airflow/dags/src/Transform.py for tasks to queue
[2023-08-01T11:54:28.251+0000] {logging_mixin.py:150} INFO - [2023-08-01T11:54:28.251+0000] {dagbag.py:541} INFO - Filling up the DagBag from /opt/airflow/dags/src/Transform.py
[2023-08-01T11:54:28.252+0000] {processor.py:838} WARNING - No viable dags retrieved from /opt/airflow/dags/src/Transform.py
[2023-08-01T11:54:28.263+0000] {processor.py:179} INFO - Processing /opt/airflow/dags/src/Transform.py took 0.017 seconds
[2023-08-01T11:54:58.499+0000] {processor.py:157} INFO - Started process (PID=1308) to work on /opt/airflow/dags/src/Transform.py
[2023-08-01T11:54:58.499+0000] {processor.py:826} INFO - Processing file /opt/airflow/dags/src/Transform.py for tasks to queue
[2023-08-01T11:54:58.500+0000] {logging_mixin.py:150} INFO - [2023-08-01T11:54:58.500+0000] {dagbag.py:541} INFO - Filling up the DagBag from /opt/airflow/dags/src/Transform.py
[2023-08-01T11:54:58.501+0000] {processor.py:838} WARNING - No viable dags retrieved from /opt/airflow/dags/src/Transform.py
[2023-08-01T11:54:58.511+0000] {processor.py:179} INFO - Processing /opt/airflow/dags/src/Transform.py took 0.014 seconds
[2023-08-01T11:55:28.742+0000] {processor.py:157} INFO - Started process (PID=1318) to work on /opt/airflow/dags/src/Transform.py
[2023-08-01T11:55:28.744+0000] {processor.py:826} INFO - Processing file /opt/airflow/dags/src/Transform.py for tasks to queue
[2023-08-01T11:55:28.744+0000] {logging_mixin.py:150} INFO - [2023-08-01T11:55:28.744+0000] {dagbag.py:541} INFO - Filling up the DagBag from /opt/airflow/dags/src/Transform.py
[2023-08-01T11:55:28.746+0000] {processor.py:838} WARNING - No viable dags retrieved from /opt/airflow/dags/src/Transform.py
[2023-08-01T11:55:28.755+0000] {processor.py:179} INFO - Processing /opt/airflow/dags/src/Transform.py took 0.015 seconds
[2023-08-01T11:55:59.007+0000] {processor.py:157} INFO - Started process (PID=1328) to work on /opt/airflow/dags/src/Transform.py
[2023-08-01T11:55:59.007+0000] {processor.py:826} INFO - Processing file /opt/airflow/dags/src/Transform.py for tasks to queue
[2023-08-01T11:55:59.008+0000] {logging_mixin.py:150} INFO - [2023-08-01T11:55:59.008+0000] {dagbag.py:541} INFO - Filling up the DagBag from /opt/airflow/dags/src/Transform.py
[2023-08-01T11:55:59.009+0000] {processor.py:838} WARNING - No viable dags retrieved from /opt/airflow/dags/src/Transform.py
[2023-08-01T11:55:59.019+0000] {processor.py:179} INFO - Processing /opt/airflow/dags/src/Transform.py took 0.014 seconds
[2023-08-01T11:56:29.250+0000] {processor.py:157} INFO - Started process (PID=1338) to work on /opt/airflow/dags/src/Transform.py
[2023-08-01T11:56:29.252+0000] {processor.py:826} INFO - Processing file /opt/airflow/dags/src/Transform.py for tasks to queue
[2023-08-01T11:56:29.253+0000] {logging_mixin.py:150} INFO - [2023-08-01T11:56:29.252+0000] {dagbag.py:541} INFO - Filling up the DagBag from /opt/airflow/dags/src/Transform.py
[2023-08-01T11:56:29.254+0000] {processor.py:838} WARNING - No viable dags retrieved from /opt/airflow/dags/src/Transform.py
[2023-08-01T11:56:29.264+0000] {processor.py:179} INFO - Processing /opt/airflow/dags/src/Transform.py took 0.016 seconds
[2023-08-01T11:56:59.498+0000] {processor.py:157} INFO - Started process (PID=1348) to work on /opt/airflow/dags/src/Transform.py
[2023-08-01T11:56:59.499+0000] {processor.py:826} INFO - Processing file /opt/airflow/dags/src/Transform.py for tasks to queue
[2023-08-01T11:56:59.499+0000] {logging_mixin.py:150} INFO - [2023-08-01T11:56:59.499+0000] {dagbag.py:541} INFO - Filling up the DagBag from /opt/airflow/dags/src/Transform.py
[2023-08-01T11:56:59.501+0000] {processor.py:838} WARNING - No viable dags retrieved from /opt/airflow/dags/src/Transform.py
[2023-08-01T11:56:59.511+0000] {processor.py:179} INFO - Processing /opt/airflow/dags/src/Transform.py took 0.016 seconds
[2023-08-01T11:57:29.742+0000] {processor.py:157} INFO - Started process (PID=1358) to work on /opt/airflow/dags/src/Transform.py
[2023-08-01T11:57:29.743+0000] {processor.py:826} INFO - Processing file /opt/airflow/dags/src/Transform.py for tasks to queue
[2023-08-01T11:57:29.744+0000] {logging_mixin.py:150} INFO - [2023-08-01T11:57:29.744+0000] {dagbag.py:541} INFO - Filling up the DagBag from /opt/airflow/dags/src/Transform.py
[2023-08-01T11:57:29.745+0000] {processor.py:838} WARNING - No viable dags retrieved from /opt/airflow/dags/src/Transform.py
[2023-08-01T11:57:29.755+0000] {processor.py:179} INFO - Processing /opt/airflow/dags/src/Transform.py took 0.016 seconds
[2023-08-01T11:57:59.984+0000] {processor.py:157} INFO - Started process (PID=1368) to work on /opt/airflow/dags/src/Transform.py
[2023-08-01T11:57:59.985+0000] {processor.py:826} INFO - Processing file /opt/airflow/dags/src/Transform.py for tasks to queue
[2023-08-01T11:57:59.985+0000] {logging_mixin.py:150} INFO - [2023-08-01T11:57:59.985+0000] {dagbag.py:541} INFO - Filling up the DagBag from /opt/airflow/dags/src/Transform.py
[2023-08-01T11:57:59.987+0000] {processor.py:838} WARNING - No viable dags retrieved from /opt/airflow/dags/src/Transform.py
[2023-08-01T11:57:59.997+0000] {processor.py:179} INFO - Processing /opt/airflow/dags/src/Transform.py took 0.015 seconds
[2023-08-01T11:58:30.241+0000] {processor.py:157} INFO - Started process (PID=1378) to work on /opt/airflow/dags/src/Transform.py
[2023-08-01T11:58:30.242+0000] {processor.py:826} INFO - Processing file /opt/airflow/dags/src/Transform.py for tasks to queue
[2023-08-01T11:58:30.243+0000] {logging_mixin.py:150} INFO - [2023-08-01T11:58:30.242+0000] {dagbag.py:541} INFO - Filling up the DagBag from /opt/airflow/dags/src/Transform.py
[2023-08-01T11:58:30.245+0000] {processor.py:838} WARNING - No viable dags retrieved from /opt/airflow/dags/src/Transform.py
[2023-08-01T11:58:30.262+0000] {processor.py:179} INFO - Processing /opt/airflow/dags/src/Transform.py took 0.024 seconds
